2020-03-07T10:02:47.248Z - info: Website generation started at 18:02:40
2020-03-07T10:02:52.073Z - info: Building assets...
2020-03-07T10:02:56.792Z - info: Assets built
2020-03-07T10:02:56.794Z - info: Generating pages...
2020-03-07T10:05:08.926Z - debug: The process cannot access the file because it is being used by another process.

2020-03-07T10:05:08.928Z - debug: The process cannot access the file because it is being used by another process.

2020-03-07T10:05:08.929Z - debug: The process cannot access the file because it is being used by another process.

2020-03-07T10:05:08.929Z - debug: The process cannot access the file because it is being used by another process.

2020-03-07T10:05:08.933Z - debug: The process cannot access the file because it is being used by another process.

2020-03-07T10:05:08.971Z - debug: The process cannot access the file because it is being used by another process.

2020-03-07T10:05:08.971Z - debug: The process cannot access the file because it is being used by another process.

2020-03-07T10:05:08.972Z - debug: The process cannot access the file because it is being used by another process.

2020-03-07T10:05:08.973Z - debug: The process cannot access the file because it is being used by another process.

2020-03-07T10:05:08.973Z - debug: The process cannot access the file because it is being used by another process.

2020-03-07T10:05:08.973Z - debug: The process cannot access the file because it is being used by another process.

2020-03-07T10:05:08.973Z - debug: The process cannot access the file because it is being used by another process.

2020-03-07T10:05:08.974Z - debug: The process cannot access the file because it is being used by another process.

2020-03-07T10:05:10.036Z - debug: The process cannot access the file because it is being used by another process.

2020-03-07T10:05:10.046Z - debug: The process cannot access the file because it is being used by another process.

2020-03-07T10:05:10.048Z - debug: The process cannot access the file because it is being used by another process.

2020-03-07T10:05:10.049Z - debug: The process cannot access the file because it is being used by another process.

2020-03-07T10:05:10.049Z - debug: The process cannot access the file because it is being used by another process.

2020-03-07T10:05:10.050Z - debug: The process cannot access the file because it is being used by another process.

2020-03-07T10:05:10.051Z - debug: The process cannot access the file because it is being used by another process.

2020-03-07T10:05:10.051Z - debug: The process cannot access the file because it is being used by another process.

2020-03-07T10:05:10.051Z - debug: The process cannot access the file because it is being used by another process.

2020-03-07T10:05:10.052Z - debug: The process cannot access the file because it is being used by another process.

2020-03-07T10:05:10.052Z - debug: The process cannot access the file because it is being used by another process.

2020-03-07T10:05:10.052Z - debug: The process cannot access the file because it is being used by another process.

2020-03-07T10:05:10.055Z - debug: The process cannot access the file because it is being used by another process.

2020-03-07T10:05:10.057Z - debug: The process cannot access the file because it is being used by another process.

2020-03-07T10:05:10.058Z - debug: The process cannot access the file because it is being used by another process.

2020-03-07T10:05:10.058Z - debug: The process cannot access the file because it is being used by another process.

2020-03-07T10:05:10.059Z - debug: The process cannot access the file because it is being used by another process.

2020-03-07T10:05:10.065Z - debug: The process cannot access the file because it is being used by another process.

2020-03-07T10:05:26.154Z - debug:  
2020-03-07T10:05:26.155Z - debug:  
2020-03-07T10:06:25.271Z - debug:  
2020-03-07T10:06:25.274Z - debug:  
2020-03-07T10:06:53.845Z - info: Pages built
2020-03-07T10:07:26.743Z - info: Website generation complete! Total build time: 286.654s
2020-03-07T10:07:26.747Z - info: Build success!
2020-03-07T10:07:26.767Z - info: Site data built
2020-03-07T10:08:24.983Z - info: Deployed!
