2020-02-02T04:51:39.108Z - info: Website generation started at 12:51:39
2020-02-02T04:51:44.064Z - info: Building assets...
2020-02-02T04:51:48.614Z - info: Assets built
2020-02-02T04:51:48.616Z - info: Generating pages...
2020-02-02T04:54:11.359Z - debug: The process cannot access the file because it is being used by another process.

2020-02-02T04:54:11.359Z - debug: The process cannot access the file because it is being used by another process.

2020-02-02T04:54:11.360Z - debug: The process cannot access the file because it is being used by another process.

2020-02-02T04:54:11.360Z - debug: The process cannot access the file because it is being used by another process.

2020-02-02T04:54:11.361Z - debug: The process cannot access the file because it is being used by another process.

2020-02-02T04:54:11.361Z - debug: The process cannot access the file because it is being used by another process.

2020-02-02T04:54:11.361Z - debug: The process cannot access the file because it is being used by another process.

2020-02-02T04:54:11.362Z - debug: The process cannot access the file because it is being used by another process.

2020-02-02T04:54:13.534Z - debug: The process cannot access the file because it is being used by another process.

2020-02-02T04:54:13.534Z - debug: The process cannot access the file because it is being used by another process.

2020-02-02T04:54:13.535Z - debug: The process cannot access the file because it is being used by another process.

2020-02-02T04:54:13.535Z - debug: The process cannot access the file because it is being used by another process.

2020-02-02T04:54:13.535Z - debug: The process cannot access the file because it is being used by another process.

2020-02-02T04:54:13.536Z - debug: The process cannot access the file because it is being used by another process.

2020-02-02T04:54:13.536Z - debug: The process cannot access the file because it is being used by another process.

2020-02-02T04:54:13.536Z - debug: The process cannot access the file because it is being used by another process.

2020-02-02T04:54:17.064Z - debug: The process cannot access the file because it is being used by another process.

2020-02-02T04:54:52.937Z - debug:  
2020-02-02T04:54:52.940Z - debug:  
2020-02-02T04:54:52.941Z - debug:  
2020-02-02T04:54:52.941Z - debug:  
2020-02-02T04:56:27.384Z - info: Pages built
2020-02-02T04:57:04.004Z - info: Website generation complete! Total build time: 324.913s
2020-02-02T04:57:04.433Z - info: Serving "D:\Teaching\CS2103-AY1920S2\website\_site" at http://127.0.0.1:8080
2020-02-02T04:57:04.435Z - info: Press CTRL+C to stop ...
2020-02-02T04:57:04.608Z - info: Site data built
2020-02-02T05:43:31.866Z - info: [13:43:31] Reload for file change: D:\Teaching\CS2103-AY1920S2\website\_markbind\variables.md
2020-02-02T05:43:32.873Z - info: Rebuilding affected source files
2020-02-02T05:43:33.001Z - warn: Rebuilding all pages as variables file was changed, or the --force-reload flag was set
2020-02-02T05:43:33.273Z - info: Rebuilding 768 pages
2020-02-02T05:45:55.565Z - info: [13:45:55] Reload for file change: D:\Teaching\CS2103-AY1920S2\website\admin\ip-tasks.mbdf
2020-02-02T05:45:57.704Z - info: [13:45:57] Reload for file change: D:\Teaching\CS2103-AY1920S2\website\_markbind\variables.md
2020-02-02T05:46:01.081Z - debug: The process cannot access the file because it is being used by another process.

2020-02-02T05:46:01.081Z - debug: The process cannot access the file because it is being used by another process.

2020-02-02T05:46:01.082Z - debug: The process cannot access the file because it is being used by another process.

2020-02-02T05:46:01.082Z - debug: The process cannot access the file because it is being used by another process.

2020-02-02T05:46:01.085Z - debug: The process cannot access the file because it is being used by another process.

2020-02-02T05:46:01.551Z - debug: The process cannot access the file because it is being used by another process.

2020-02-02T05:46:01.552Z - debug: The process cannot access the file because it is being used by another process.

2020-02-02T05:46:01.552Z - debug: The process cannot access the file because it is being used by another process.

2020-02-02T05:46:01.552Z - debug: The process cannot access the file because it is being used by another process.

2020-02-02T05:46:01.553Z - debug: The process cannot access the file because it is being used by another process.

2020-02-02T05:46:01.553Z - debug: The process cannot access the file because it is being used by another process.

2020-02-02T05:46:01.553Z - debug: The process cannot access the file because it is being used by another process.

2020-02-02T05:46:01.554Z - debug: The process cannot access the file because it is being used by another process.

2020-02-02T05:46:01.554Z - debug: The process cannot access the file because it is being used by another process.

2020-02-02T05:46:01.554Z - debug: The process cannot access the file because it is being used by another process.

2020-02-02T05:46:01.555Z - debug: The process cannot access the file because it is being used by another process.

2020-02-02T05:46:02.702Z - debug: The process cannot access the file because it is being used by another process.

2020-02-02T05:46:18.576Z - debug:  
2020-02-02T05:46:18.576Z - debug:  
2020-02-02T05:46:18.576Z - debug:  
2020-02-02T05:46:18.577Z - debug:  
2020-02-02T05:48:54.411Z - info: Pages rebuilt
2020-02-02T05:48:54.492Z - info: Site data built
2020-02-02T05:48:55.990Z - info: Rebuilding affected source files
2020-02-02T05:48:56.121Z - warn: Rebuilding all pages as variables file was changed, or the --force-reload flag was set
2020-02-02T05:48:56.375Z - info: Rebuilding 768 pages
2020-02-02T05:51:22.962Z - debug: The process cannot access the file because it is being used by another process.

2020-02-02T05:51:22.965Z - debug: The process cannot access the file because it is being used by another process.

2020-02-02T05:51:22.971Z - debug: The process cannot access the file because it is being used by another process.

2020-02-02T05:51:22.971Z - debug: The process cannot access the file because it is being used by another process.

2020-02-02T05:51:22.971Z - debug: The process cannot access the file because it is being used by another process.

2020-02-02T05:51:22.972Z - debug: The process cannot access the file because it is being used by another process.

2020-02-02T05:51:22.972Z - debug: The process cannot access the file because it is being used by another process.

2020-02-02T05:51:23.517Z - debug: The process cannot access the file because it is being used by another process.

2020-02-02T05:51:23.994Z - debug: The process cannot access the file because it is being used by another process.

2020-02-02T05:51:23.994Z - debug: The process cannot access the file because it is being used by another process.

2020-02-02T05:51:23.994Z - debug: The process cannot access the file because it is being used by another process.

2020-02-02T05:51:23.994Z - debug: The process cannot access the file because it is being used by another process.

2020-02-02T05:51:23.995Z - debug: The process cannot access the file because it is being used by another process.

2020-02-02T05:51:23.995Z - debug: The process cannot access the file because it is being used by another process.

2020-02-02T05:51:23.995Z - debug: The process cannot access the file because it is being used by another process.

2020-02-02T05:51:25.161Z - debug: The process cannot access the file because it is being used by another process.

2020-02-02T05:51:25.162Z - debug: The process cannot access the file because it is being used by another process.

2020-02-02T05:51:53.667Z - debug:  
2020-02-02T05:51:53.667Z - debug:  
2020-02-02T05:51:53.667Z - debug:  
2020-02-02T05:51:53.669Z - debug:  
2020-02-02T05:54:18.572Z - info: Pages rebuilt
2020-02-02T05:54:18.646Z - info: Site data built
2020-02-02T06:01:57.031Z - info: Website generation started at 14:01:50
2020-02-02T06:02:04.153Z - info: Building assets...
