2019-12-29T05:17:26.903Z - info: Website generation started at 1:17:25 PM
2019-12-29T05:17:29.376Z - info: Building assets...
2019-12-29T05:17:31.484Z - info: Assets built
2019-12-29T05:17:31.484Z - info: Generating pages...
2019-12-29T05:18:10.036Z - debug: The process cannot access the file because it is being used by another process.

2019-12-29T05:18:10.121Z - debug: The process cannot access the file because it is being used by another process.

2019-12-29T05:18:10.122Z - debug: The process cannot access the file because it is being used by another process.

2019-12-29T05:18:10.122Z - debug: The process cannot access the file because it is being used by another process.

2019-12-29T05:18:10.122Z - debug: The process cannot access the file because it is being used by another process.

2019-12-29T05:18:10.122Z - debug: The process cannot access the file because it is being used by another process.

2019-12-29T05:18:10.123Z - debug: The process cannot access the file because it is being used by another process.

2019-12-29T05:18:10.131Z - debug: The process cannot access the file because it is being used by another process.

2019-12-29T05:18:10.132Z - debug: The process cannot access the file because it is being used by another process.

2019-12-29T05:18:10.132Z - debug: The process cannot access the file because it is being used by another process.

2019-12-29T05:18:10.132Z - debug: The process cannot access the file because it is being used by another process.

2019-12-29T05:18:10.132Z - debug: The process cannot access the file because it is being used by another process.

2019-12-29T05:18:10.133Z - debug: The process cannot access the file because it is being used by another process.

2019-12-29T05:18:10.133Z - debug: The process cannot access the file because it is being used by another process.

2019-12-29T05:18:10.177Z - debug: The process cannot access the file because it is being used by another process.

2019-12-29T05:18:10.180Z - debug: The process cannot access the file because it is being used by another process.

2019-12-29T05:18:10.183Z - debug: The process cannot access the file because it is being used by another process.

2019-12-29T05:18:14.270Z - debug:  
2019-12-29T05:18:14.271Z - debug:  
2019-12-29T05:18:16.437Z - debug:  
2019-12-29T05:18:16.437Z - debug:  
2019-12-29T05:19:02.279Z - info: Pages built
2019-12-29T05:19:17.482Z - info: Website generation complete! Total build time: 111.869s
2019-12-29T05:19:17.482Z - info: Build success!
2019-12-29T05:19:17.490Z - info: Site data built
2019-12-29T05:19:59.222Z - info: Deployed!
2019-12-29T06:53:25.697Z - info: Website generation started at 2:53:24 PM
2019-12-29T06:53:28.307Z - info: Building assets...
