2020-03-29T04:52:02.702Z - info: Website generation started at 12:51:56
2020-03-29T04:52:07.920Z - info: Building assets...
2020-03-29T04:52:11.304Z - info: Assets built
2020-03-29T04:52:11.305Z - info: Generating pages...
2020-03-29T05:39:53.395Z - info: Website generation started at 13:39:51
2020-03-29T05:39:57.272Z - info: Building assets...
2020-03-29T05:40:00.816Z - info: Assets built
2020-03-29T05:40:00.817Z - info: Generating pages...
2020-03-29T05:42:27.493Z - debug: The process cannot access the file because it is being used by another process.

2020-03-29T05:42:27.495Z - debug: The process cannot access the file because it is being used by another process.

2020-03-29T05:42:27.495Z - debug: The process cannot access the file because it is being used by another process.

2020-03-29T05:42:27.496Z - debug: The process cannot access the file because it is being used by another process.

2020-03-29T05:42:27.496Z - debug: The process cannot access the file because it is being used by another process.

2020-03-29T05:42:27.496Z - debug: The process cannot access the file because it is being used by another process.

2020-03-29T05:42:27.497Z - debug: The process cannot access the file because it is being used by another process.

2020-03-29T05:42:27.497Z - debug: The process cannot access the file because it is being used by another process.

2020-03-29T05:42:27.498Z - debug: The process cannot access the file because it is being used by another process.

2020-03-29T05:42:27.499Z - debug: The process cannot access the file because it is being used by another process.

2020-03-29T05:42:27.499Z - debug: The process cannot access the file because it is being used by another process.

2020-03-29T05:42:27.500Z - debug: The process cannot access the file because it is being used by another process.

2020-03-29T05:42:27.500Z - debug: The process cannot access the file because it is being used by another process.

2020-03-29T05:42:27.500Z - debug: The process cannot access the file because it is being used by another process.

2020-03-29T05:42:27.501Z - debug: The process cannot access the file because it is being used by another process.

2020-03-29T05:42:27.501Z - debug: The process cannot access the file because it is being used by another process.

2020-03-29T05:42:27.505Z - debug: The process cannot access the file because it is being used by another process.

2020-03-29T05:42:27.505Z - debug: The process cannot access the file because it is being used by another process.

2020-03-29T05:42:27.506Z - debug: The process cannot access the file because it is being used by another process.

2020-03-29T05:42:27.506Z - debug: The process cannot access the file because it is being used by another process.

2020-03-29T05:42:27.506Z - debug: The process cannot access the file because it is being used by another process.

2020-03-29T05:42:27.506Z - debug: The process cannot access the file because it is being used by another process.

2020-03-29T05:42:28.572Z - debug: The process cannot access the file because it is being used by another process.

2020-03-29T05:42:28.572Z - debug: The process cannot access the file because it is being used by another process.

2020-03-29T05:42:28.572Z - debug: The process cannot access the file because it is being used by another process.

2020-03-29T05:42:28.573Z - debug: The process cannot access the file because it is being used by another process.

2020-03-29T05:42:28.573Z - debug: The process cannot access the file because it is being used by another process.

2020-03-29T05:42:28.573Z - debug: The process cannot access the file because it is being used by another process.

2020-03-29T05:42:28.574Z - debug: The process cannot access the file because it is being used by another process.

2020-03-29T05:42:28.575Z - debug: The process cannot access the file because it is being used by another process.

2020-03-29T05:42:28.588Z - debug: The process cannot access the file because it is being used by another process.

2020-03-29T05:43:40.235Z - debug:  
2020-03-29T05:43:40.235Z - debug:  
2020-03-29T05:43:40.235Z - debug:  
2020-03-29T05:43:40.235Z - debug:  
2020-03-29T05:44:11.480Z - info: Pages built
2020-03-29T05:44:46.748Z - info: Website generation complete! Total build time: 295.704s
2020-03-29T05:44:46.750Z - info: Build success!
2020-03-29T05:44:46.821Z - info: Site data built
2020-03-29T05:45:34.511Z - info: Deployed!
