2020-04-10T01:38:46.073Z - info: Website generation started at 9:38:46 AM
2020-04-10T01:38:53.567Z - info: Building assets...
2020-04-10T01:38:58.138Z - info: Assets built
2020-04-10T01:38:58.140Z - info: Generating pages...
2020-04-10T01:43:06.231Z - debug: The process cannot access the file because it is being used by another process.

2020-04-10T01:43:06.233Z - debug: The process cannot access the file because it is being used by another process.

2020-04-10T01:43:06.233Z - debug: The process cannot access the file because it is being used by another process.

2020-04-10T01:43:06.234Z - debug: The process cannot access the file because it is being used by another process.

2020-04-10T01:43:06.234Z - debug: The process cannot access the file because it is being used by another process.

2020-04-10T01:43:06.234Z - debug: The process cannot access the file because it is being used by another process.

2020-04-10T01:43:06.235Z - debug: The process cannot access the file because it is being used by another process.

2020-04-10T01:43:06.235Z - debug: The process cannot access the file because it is being used by another process.

2020-04-10T01:43:06.236Z - debug: The process cannot access the file because it is being used by another process.

2020-04-10T01:43:06.236Z - debug: The process cannot access the file because it is being used by another process.

2020-04-10T01:43:06.236Z - debug: The process cannot access the file because it is being used by another process.

2020-04-10T01:43:06.237Z - debug: The process cannot access the file because it is being used by another process.

2020-04-10T01:43:06.237Z - debug: The process cannot access the file because it is being used by another process.

2020-04-10T01:43:06.237Z - debug: The process cannot access the file because it is being used by another process.

2020-04-10T01:43:06.274Z - debug: The process cannot access the file because it is being used by another process.

2020-04-10T01:43:06.274Z - debug: The process cannot access the file because it is being used by another process.

2020-04-10T01:43:06.285Z - debug: The process cannot access the file because it is being used by another process.

2020-04-10T01:43:15.463Z - debug:  
2020-04-10T01:43:15.464Z - debug:  
2020-04-10T01:43:15.465Z - debug:  
2020-04-10T01:43:15.465Z - debug:  
2020-04-10T01:43:21.534Z - debug:  
2020-04-10T01:43:21.534Z - debug:  
2020-04-10T01:43:27.427Z - info: Pages built
2020-04-10T01:44:16.533Z - info: Website generation complete! Total build time: 330.481s
2020-04-10T01:44:17.463Z - info: Serving "D:\Teaching\CS2103\AY1920S2\website\_site" at http://127.0.0.1:8080
2020-04-10T01:44:17.464Z - info: Press CTRL+C to stop ...
2020-04-10T01:44:17.566Z - info: Site data built
2020-04-10T01:58:18.393Z - info: [9:58:18 AM] Reload for file change: D:\Teaching\CS2103\AY1920S2\website\admin\tp-deliverables.md
2020-04-10T01:58:19.399Z - info: Rebuilding affected source files
2020-04-10T01:58:19.410Z - info: Rebuilding 13 pages
2020-04-10T01:58:38.353Z - info: Pages rebuilt
2020-04-10T01:58:38.354Z - info: Website regeneration complete! Total build time: 18.955s
2020-04-10T01:58:38.386Z - info: Site data built
2020-04-10T02:32:06.545Z - info: [10:32:06 AM] Reload for file change: D:\Teaching\CS2103\AY1920S2\website\admin\tp-deliverables.md
2020-04-10T02:32:07.552Z - info: Rebuilding affected source files
2020-04-10T02:32:07.566Z - info: Rebuilding 13 pages
2020-04-10T02:32:26.839Z - info: Pages rebuilt
2020-04-10T02:32:26.840Z - info: Website regeneration complete! Total build time: 19.287s
2020-04-10T02:32:26.856Z - info: Site data built
2020-04-10T02:32:59.644Z - info: [10:32:59 AM] Reload for file change: D:\Teaching\CS2103\AY1920S2\website\admin\tp-deliverables.md
2020-04-10T02:33:00.646Z - info: Rebuilding affected source files
2020-04-10T02:33:00.653Z - info: Rebuilding 13 pages
2020-04-10T02:33:16.980Z - warn:  TypeError: Cannot read property 'parent' of null
    at Function.exports.update (C:\Users\anarayan\AppData\Roaming\npm\node_modules\markbind-cli\node_modules\cheerio\lib\parse.js:55:26)
    at module.exports (C:\Users\anarayan\AppData\Roaming\npm\node_modules\markbind-cli\node_modules\cheerio\lib\parse.js:17:11)
    at Function.exports.load (C:\Users\anarayan\AppData\Roaming\npm\node_modules\markbind-cli\node_modules\cheerio\lib\static.js:22:14)
    at Page.collectHeadingsAndKeywordsInContent (C:\Users\anarayan\AppData\Roaming\npm\node_modules\markbind-cli\src\Page.js:226:21)
    at Object.$.not.each.each (C:\Users\anarayan\AppData\Roaming\npm\node_modules\markbind-cli\src\Page.js:278:18)
    at initialize.exports.each (C:\Users\anarayan\AppData\Roaming\npm\node_modules\markbind-cli\node_modules\cheerio\lib\api\traversing.js:300:24)
    at Page.collectHeadingsAndKeywordsInContent (C:\Users\anarayan\AppData\Roaming\npm\node_modules\markbind-cli\src\Page.js:243:8)
    at Page.collectHeadingsAndKeywords (C:\Users\anarayan\AppData\Roaming\npm\node_modules\markbind-cli\src\Page.js:217:10)
    at pages.forEach (C:\Users\anarayan\AppData\Roaming\npm\node_modules\markbind-cli\src\Site.js:1077:14)
    at Array.forEach (<anonymous>)
    at Site.updateSiteData (C:\Users\anarayan\AppData\Roaming\npm\node_modules\markbind-cli\src\Site.js:1075:16)
    at Promise.all.then (C:\Users\anarayan\AppData\Roaming\npm\node_modules\markbind-cli\src\Site.js:1048:23)
    at tryCatcher (C:\Users\anarayan\AppData\Roaming\npm\node_modules\markbind-cli\node_modules\bluebird\js\release\util.js:16:23)
    at Promise._settlePromiseFromHandler (C:\Users\anarayan\AppData\Roaming\npm\node_modules\markbind-cli\node_modules\bluebird\js\release\promise.js:547:31)
    at Promise._settlePromise (C:\Users\anarayan\AppData\Roaming\npm\node_modules\markbind-cli\node_modules\bluebird\js\release\promise.js:604:18)
    at Promise._settlePromise0 (C:\Users\anarayan\AppData\Roaming\npm\node_modules\markbind-cli\node_modules\bluebird\js\release\promise.js:649:10)
2020-04-10T02:33:22.140Z - error: Cannot read property 'parent' of null
2020-04-10T02:33:31.186Z - info: [10:33:31 AM] Reload for file change: D:\Teaching\CS2103\AY1920S2\website\admin\tp-deliverables.md
2020-04-10T02:33:31.188Z - info: Rebuilding affected source files
2020-04-10T02:33:31.196Z - info: Rebuilding 13 pages
2020-04-10T02:49:50.313Z - info: Website generation started at 10:49:50 AM
2020-04-10T02:49:57.036Z - info: Building assets...
2020-04-10T02:50:01.329Z - info: Assets built
2020-04-10T02:50:01.330Z - info: Generating pages...
2020-04-10T02:54:08.567Z - debug: The process cannot access the file because it is being used by another process.

2020-04-10T02:54:08.568Z - debug: The process cannot access the file because it is being used by another process.

2020-04-10T02:54:08.569Z - debug: The process cannot access the file because it is being used by another process.

2020-04-10T02:54:08.569Z - debug: The process cannot access the file because it is being used by another process.

2020-04-10T02:54:08.570Z - debug: The process cannot access the file because it is being used by another process.

2020-04-10T02:54:08.570Z - debug: The process cannot access the file because it is being used by another process.

2020-04-10T02:54:08.571Z - debug: The process cannot access the file because it is being used by another process.

2020-04-10T02:54:08.571Z - debug: The process cannot access the file because it is being used by another process.

2020-04-10T02:54:08.615Z - debug: The process cannot access the file because it is being used by another process.

2020-04-10T02:54:08.620Z - debug: The process cannot access the file because it is being used by another process.

2020-04-10T02:54:08.621Z - debug: The process cannot access the file because it is being used by another process.

2020-04-10T02:54:08.623Z - debug: The process cannot access the file because it is being used by another process.

2020-04-10T02:54:08.624Z - debug: The process cannot access the file because it is being used by another process.

2020-04-10T02:54:08.624Z - debug: The process cannot access the file because it is being used by another process.

2020-04-10T02:54:08.625Z - debug: The process cannot access the file because it is being used by another process.

2020-04-10T02:54:08.626Z - debug: The process cannot access the file because it is being used by another process.

2020-04-10T02:54:08.663Z - debug: The process cannot access the file because it is being used by another process.

2020-04-10T02:54:18.624Z - debug:  
2020-04-10T02:54:18.625Z - debug:  
2020-04-10T02:54:18.626Z - debug:  
2020-04-10T02:54:18.626Z - debug:  
2020-04-10T02:54:25.478Z - debug:  
2020-04-10T02:54:25.478Z - debug:  
2020-04-10T02:54:29.223Z - info: Pages built
2020-04-10T02:55:19.363Z - info: Website generation complete! Total build time: 329.066s
2020-04-10T02:55:20.576Z - info: Serving "D:\Teaching\CS2103\AY1920S2\website\_site" at http://127.0.0.1:8080
2020-04-10T02:55:20.584Z - info: Press CTRL+C to stop ...
2020-04-10T02:55:20.708Z - info: Site data built
2020-04-10T02:59:30.819Z - info: [10:59:30 AM] Reload for file change: D:\Teaching\CS2103\AY1920S2\website\admin\tp-deliverables-uml.mbdf
2020-04-10T02:59:31.827Z - info: Rebuilding affected source files
2020-04-10T02:59:31.838Z - info: Rebuilding 2 pages
2020-04-10T02:59:36.351Z - info: Pages rebuilt
2020-04-10T02:59:36.352Z - info: Website regeneration complete! Total build time: 4.523s
2020-04-10T02:59:36.373Z - info: Site data built
2020-04-10T02:59:54.919Z - info: [10:59:54 AM] Reload for file change: D:\Teaching\CS2103\AY1920S2\website\admin\tp-deliverables-uml.mbdf
2020-04-10T02:59:55.922Z - info: Rebuilding affected source files
2020-04-10T02:59:55.935Z - info: Rebuilding 2 pages
2020-04-10T03:00:00.306Z - info: Pages rebuilt
2020-04-10T03:00:00.307Z - info: Website regeneration complete! Total build time: 4.384s
2020-04-10T03:00:00.322Z - info: Site data built
2020-04-10T03:01:53.502Z - info: Website generation started at 11:01:43 AM
2020-04-10T03:02:00.851Z - info: Building assets...
2020-04-10T03:02:05.408Z - info: Assets built
2020-04-10T03:02:05.409Z - info: Generating pages...
2020-04-10T03:06:19.115Z - debug: The process cannot access the file because it is being used by another process.

2020-04-10T03:06:19.116Z - debug: The process cannot access the file because it is being used by another process.

2020-04-10T03:06:19.117Z - debug: The process cannot access the file because it is being used by another process.

2020-04-10T03:06:19.118Z - debug: The process cannot access the file because it is being used by another process.

2020-04-10T03:06:19.118Z - debug: The process cannot access the file because it is being used by another process.

2020-04-10T03:06:19.170Z - debug: The process cannot access the file because it is being used by another process.

2020-04-10T03:06:19.171Z - debug: The process cannot access the file because it is being used by another process.

2020-04-10T03:06:19.172Z - debug: The process cannot access the file because it is being used by another process.

2020-04-10T03:06:19.172Z - debug: The process cannot access the file because it is being used by another process.

2020-04-10T03:06:19.173Z - debug: The process cannot access the file because it is being used by another process.

2020-04-10T03:06:19.174Z - debug: The process cannot access the file because it is being used by another process.

2020-04-10T03:06:19.175Z - debug: The process cannot access the file because it is being used by another process.

2020-04-10T03:06:19.176Z - debug: The process cannot access the file because it is being used by another process.

2020-04-10T03:06:19.177Z - debug: The process cannot access the file because it is being used by another process.

2020-04-10T03:06:19.179Z - debug: The process cannot access the file because it is being used by another process.

2020-04-10T03:06:19.184Z - debug: The process cannot access the file because it is being used by another process.

2020-04-10T03:06:19.185Z - debug: The process cannot access the file because it is being used by another process.

2020-04-10T03:06:28.332Z - debug:  
2020-04-10T03:06:28.334Z - debug:  
2020-04-10T03:06:28.334Z - debug:  
2020-04-10T03:06:28.334Z - debug:  
2020-04-10T03:06:35.719Z - debug:  
2020-04-10T03:06:35.720Z - debug:  
2020-04-10T03:06:39.608Z - info: Pages built
2020-04-10T03:07:32.628Z - info: Website generation complete! Total build time: 349.56s
2020-04-10T03:07:32.629Z - info: Build success!
2020-04-10T03:07:32.637Z - info: Site data built
2020-04-10T03:09:22.509Z - info: Deployed!
2020-04-10T03:12:53.623Z - info: Website generation started at 11:12:43 AM
2020-04-10T03:13:01.494Z - info: Building assets...
2020-04-10T03:13:06.232Z - info: Assets built
2020-04-10T03:13:06.233Z - info: Generating pages...
2020-04-10T03:17:19.624Z - debug: The process cannot access the file because it is being used by another process.

2020-04-10T03:17:19.626Z - debug: The process cannot access the file because it is being used by another process.

2020-04-10T03:17:19.626Z - debug: The process cannot access the file because it is being used by another process.

2020-04-10T03:17:19.627Z - debug: The process cannot access the file because it is being used by another process.

2020-04-10T03:17:19.628Z - debug: The process cannot access the file because it is being used by another process.

2020-04-10T03:17:19.628Z - debug: The process cannot access the file because it is being used by another process.

2020-04-10T03:17:19.629Z - debug: The process cannot access the file because it is being used by another process.

2020-04-10T03:17:19.629Z - debug: The process cannot access the file because it is being used by another process.

2020-04-10T03:17:19.679Z - debug: The process cannot access the file because it is being used by another process.

2020-04-10T03:17:19.680Z - debug: The process cannot access the file because it is being used by another process.

2020-04-10T03:17:19.680Z - debug: The process cannot access the file because it is being used by another process.

2020-04-10T03:17:19.681Z - debug: The process cannot access the file because it is being used by another process.

2020-04-10T03:17:19.681Z - debug: The process cannot access the file because it is being used by another process.

2020-04-10T03:17:19.681Z - debug: The process cannot access the file because it is being used by another process.

2020-04-10T03:17:19.683Z - debug: The process cannot access the file because it is being used by another process.

2020-04-10T03:17:19.684Z - debug: The process cannot access the file because it is being used by another process.

2020-04-10T03:17:19.753Z - debug: The process cannot access the file because it is being used by another process.

2020-04-10T03:17:29.441Z - debug:  
2020-04-10T03:17:29.441Z - debug:  
2020-04-10T03:17:29.441Z - debug:  
2020-04-10T03:17:29.442Z - debug:  
2020-04-10T03:17:36.340Z - debug:  
2020-04-10T03:17:36.341Z - debug:  
2020-04-10T03:17:40.181Z - info: Pages built
2020-04-10T03:18:29.024Z - info: Website generation complete! Total build time: 345.552s
2020-04-10T03:18:29.025Z - info: Build success!
2020-04-10T03:18:29.030Z - info: Site data built
2020-04-10T03:19:30.942Z - info: Deployed!
