2020-04-21T03:48:51.009Z - info: Website generation started at 11:48:39 AM
2020-04-21T03:48:58.793Z - info: Building assets...
2020-04-21T03:49:03.711Z - info: Assets built
2020-04-21T03:49:03.712Z - info: Generating pages...
2020-04-21T03:53:09.573Z - debug: The process cannot access the file because it is being used by another process.

2020-04-21T03:53:09.574Z - debug: The process cannot access the file because it is being used by another process.

2020-04-21T03:53:09.575Z - debug: The process cannot access the file because it is being used by another process.

2020-04-21T03:53:09.575Z - debug: The process cannot access the file because it is being used by another process.

2020-04-21T03:53:09.576Z - debug: The process cannot access the file because it is being used by another process.

2020-04-21T03:53:09.576Z - debug: The process cannot access the file because it is being used by another process.

2020-04-21T03:53:09.577Z - debug: The process cannot access the file because it is being used by another process.

2020-04-21T03:53:09.577Z - debug: The process cannot access the file because it is being used by another process.

2020-04-21T03:53:09.578Z - debug: The process cannot access the file because it is being used by another process.

2020-04-21T03:53:09.578Z - debug: The process cannot access the file because it is being used by another process.

2020-04-21T03:53:09.579Z - debug: The process cannot access the file because it is being used by another process.

2020-04-21T03:53:09.579Z - debug: The process cannot access the file because it is being used by another process.

2020-04-21T03:53:09.580Z - debug: The process cannot access the file because it is being used by another process.

2020-04-21T03:53:09.581Z - debug: The process cannot access the file because it is being used by another process.

2020-04-21T03:53:09.627Z - debug: The process cannot access the file because it is being used by another process.

2020-04-21T03:53:09.628Z - debug: The process cannot access the file because it is being used by another process.

2020-04-21T03:53:09.679Z - debug: The process cannot access the file because it is being used by another process.

2020-04-21T03:53:26.958Z - debug:  
2020-04-21T03:53:26.963Z - debug:  
2020-04-21T03:53:26.964Z - debug:  
2020-04-21T03:53:26.964Z - debug:  
2020-04-21T03:53:34.810Z - debug:  
2020-04-21T03:53:34.811Z - debug:  
2020-04-21T03:53:38.889Z - info: Pages built
2020-04-21T03:54:28.240Z - info: Website generation complete! Total build time: 348.817s
2020-04-21T03:54:28.242Z - info: Build success!
2020-04-21T03:54:28.253Z - info: Site data built
2020-04-21T03:55:33.243Z - info: Deployed!
