2020-03-21T07:53:46.048Z - info: Website generation started at 15:53:33
2020-03-21T07:53:50.060Z - info: Building assets...
2020-03-21T07:53:54.136Z - info: Assets built
2020-03-21T07:53:54.137Z - info: Generating pages...
2020-03-21T07:55:56.929Z - debug: The process cannot access the file because it is being used by another process.

2020-03-21T07:55:56.931Z - debug: The process cannot access the file because it is being used by another process.

2020-03-21T07:55:56.933Z - debug: The process cannot access the file because it is being used by another process.

2020-03-21T07:55:56.933Z - debug: The process cannot access the file because it is being used by another process.

2020-03-21T07:55:56.934Z - debug: The process cannot access the file because it is being used by another process.

2020-03-21T07:55:56.935Z - debug: The process cannot access the file because it is being used by another process.

2020-03-21T07:55:56.935Z - debug: The process cannot access the file because it is being used by another process.

2020-03-21T07:55:56.936Z - debug: The process cannot access the file because it is being used by another process.

2020-03-21T07:55:56.937Z - debug: The process cannot access the file because it is being used by another process.

2020-03-21T07:55:56.939Z - debug: The process cannot access the file because it is being used by another process.

2020-03-21T07:55:56.940Z - debug: The process cannot access the file because it is being used by another process.

2020-03-21T07:55:56.941Z - debug: The process cannot access the file because it is being used by another process.

2020-03-21T07:55:56.941Z - debug: The process cannot access the file because it is being used by another process.

2020-03-21T07:55:56.942Z - debug: The process cannot access the file because it is being used by another process.

2020-03-21T07:55:56.942Z - debug: The process cannot access the file because it is being used by another process.

2020-03-21T07:55:56.949Z - debug: The process cannot access the file because it is being used by another process.

2020-03-21T07:55:56.949Z - debug: The process cannot access the file because it is being used by another process.

2020-03-21T07:55:56.950Z - debug: The process cannot access the file because it is being used by another process.

2020-03-21T07:55:56.950Z - debug: The process cannot access the file because it is being used by another process.

2020-03-21T07:55:56.951Z - debug: The process cannot access the file because it is being used by another process.

2020-03-21T07:55:56.951Z - debug: The process cannot access the file because it is being used by another process.

2020-03-21T07:55:56.951Z - debug: The process cannot access the file because it is being used by another process.

2020-03-21T07:55:57.766Z - debug: The process cannot access the file because it is being used by another process.

2020-03-21T07:55:57.766Z - debug: The process cannot access the file because it is being used by another process.

2020-03-21T07:55:57.767Z - debug: The process cannot access the file because it is being used by another process.

2020-03-21T07:55:57.768Z - debug: The process cannot access the file because it is being used by another process.

2020-03-21T07:55:57.768Z - debug: The process cannot access the file because it is being used by another process.

2020-03-21T07:55:57.769Z - debug: The process cannot access the file because it is being used by another process.

2020-03-21T07:55:57.769Z - debug: The process cannot access the file because it is being used by another process.

2020-03-21T07:55:57.769Z - debug: The process cannot access the file because it is being used by another process.

2020-03-21T07:55:57.782Z - debug: The process cannot access the file because it is being used by another process.

2020-03-21T07:56:27.718Z - debug:  
2020-03-21T07:56:27.718Z - debug:  
2020-03-21T07:56:27.719Z - debug:  
2020-03-21T07:56:27.719Z - debug:  
2020-03-21T07:57:44.111Z - info: Pages built
2020-03-21T07:58:15.649Z - info: Website generation complete! Total build time: 281.745s
2020-03-21T07:58:15.650Z - info: Build success!
2020-03-21T07:58:15.720Z - info: Site data built
2020-03-21T07:59:19.091Z - info: Deployed!
