2019-12-30T12:32:51.535Z - info: Website generation started at 8:32:50 PM
2019-12-30T12:32:54.271Z - info: Building assets...
2019-12-30T12:32:56.388Z - info: Assets built
2019-12-30T12:32:56.388Z - info: Generating pages...
2019-12-30T12:33:37.933Z - debug: The process cannot access the file because it is being used by another process.

2019-12-30T12:33:38.046Z - debug: The process cannot access the file because it is being used by another process.

2019-12-30T12:33:38.046Z - debug: The process cannot access the file because it is being used by another process.

2019-12-30T12:33:38.046Z - debug: The process cannot access the file because it is being used by another process.

2019-12-30T12:33:38.047Z - debug: The process cannot access the file because it is being used by another process.

2019-12-30T12:33:38.047Z - debug: The process cannot access the file because it is being used by another process.

2019-12-30T12:33:38.047Z - debug: The process cannot access the file because it is being used by another process.

2019-12-30T12:33:38.047Z - debug: The process cannot access the file because it is being used by another process.

2019-12-30T12:33:38.048Z - debug: The process cannot access the file because it is being used by another process.

2019-12-30T12:33:38.048Z - debug: The process cannot access the file because it is being used by another process.

2019-12-30T12:33:38.048Z - debug: The process cannot access the file because it is being used by another process.

2019-12-30T12:33:38.061Z - debug: The process cannot access the file because it is being used by another process.

2019-12-30T12:33:38.061Z - debug: The process cannot access the file because it is being used by another process.

2019-12-30T12:33:38.061Z - debug: The process cannot access the file because it is being used by another process.

2019-12-30T12:33:38.182Z - debug: The process cannot access the file because it is being used by another process.

2019-12-30T12:33:38.182Z - debug: The process cannot access the file because it is being used by another process.

2019-12-30T12:33:38.193Z - debug: The process cannot access the file because it is being used by another process.

2019-12-30T12:33:41.323Z - debug:  
2019-12-30T12:33:41.497Z - debug:  
2019-12-30T12:33:41.497Z - debug:  
2019-12-30T12:33:41.497Z - debug:  
2019-12-30T12:34:35.585Z - info: Pages built
2019-12-30T12:34:53.178Z - info: Website generation complete! Total build time: 123.026s
2019-12-30T12:34:53.178Z - info: Build success!
2019-12-30T12:34:53.188Z - info: Site data built
2019-12-30T12:35:38.856Z - info: Deployed!
