2020-01-15T02:03:12.796Z - info: Website generation started at 10:03:12 AM
2020-01-15T02:03:14.367Z - info: Building assets...
2020-01-15T02:03:15.705Z - info: Assets built
2020-01-15T02:03:15.706Z - info: Generating pages...
2020-01-15T02:04:17.420Z - debug: The process cannot access the file because it is being used by another process.

2020-01-15T02:04:17.425Z - debug: The process cannot access the file because it is being used by another process.

2020-01-15T02:04:17.426Z - debug: The process cannot access the file because it is being used by another process.

2020-01-15T02:04:17.426Z - debug: The process cannot access the file because it is being used by another process.

2020-01-15T02:04:17.427Z - debug: The process cannot access the file because it is being used by another process.

2020-01-15T02:04:17.429Z - debug: The process cannot access the file because it is being used by another process.

2020-01-15T02:04:17.430Z - debug: The process cannot access the file because it is being used by another process.

2020-01-15T02:04:17.431Z - debug: The process cannot access the file because it is being used by another process.

2020-01-15T02:04:17.432Z - debug: The process cannot access the file because it is being used by another process.

2020-01-15T02:04:17.432Z - debug: The process cannot access the file because it is being used by another process.

2020-01-15T02:04:17.433Z - debug: The process cannot access the file because it is being used by another process.

2020-01-15T02:04:17.434Z - debug: The process cannot access the file because it is being used by another process.

2020-01-15T02:04:17.434Z - debug: The process cannot access the file because it is being used by another process.

2020-01-15T02:04:17.435Z - debug: The process cannot access the file because it is being used by another process.

2020-01-15T02:04:17.569Z - debug: The process cannot access the file because it is being used by another process.

2020-01-15T02:04:17.571Z - debug: The process cannot access the file because it is being used by another process.

2020-01-15T02:04:17.637Z - debug: The process cannot access the file because it is being used by another process.

2020-01-15T02:04:27.639Z - debug:  
2020-01-15T02:04:27.639Z - debug:  
2020-01-15T02:04:27.639Z - debug:  
2020-01-15T02:04:27.639Z - debug:  
2020-01-15T02:05:35.554Z - info: Pages built
2020-01-15T02:05:56.869Z - info: Website generation complete! Total build time: 164.839s
2020-01-15T02:05:56.871Z - info: Build success!
2020-01-15T02:05:56.882Z - info: Site data built
2020-01-15T02:06:22.304Z - info: Deployed!
