2020-01-01T02:26:10.970Z - info: Website generation started at 10:26:04
2020-01-01T02:26:18.178Z - info: Building assets...
2020-01-01T02:26:22.429Z - info: Assets built
2020-01-01T02:26:22.430Z - info: Generating pages...
2020-01-01T02:27:56.746Z - debug: The process cannot access the file because it is being used by another process.

2020-01-01T02:27:56.747Z - debug: The process cannot access the file because it is being used by another process.

2020-01-01T02:27:56.747Z - debug: The process cannot access the file because it is being used by another process.

2020-01-01T02:27:56.755Z - debug: The process cannot access the file because it is being used by another process.

2020-01-01T02:27:56.755Z - debug: The process cannot access the file because it is being used by another process.

2020-01-01T02:27:56.756Z - debug: The process cannot access the file because it is being used by another process.

2020-01-01T02:27:56.756Z - debug: The process cannot access the file because it is being used by another process.

2020-01-01T02:27:56.756Z - debug: The process cannot access the file because it is being used by another process.

2020-01-01T02:27:56.757Z - debug: The process cannot access the file because it is being used by another process.

2020-01-01T02:27:56.757Z - debug: The process cannot access the file because it is being used by another process.

2020-01-01T02:27:56.757Z - debug: The process cannot access the file because it is being used by another process.

2020-01-01T02:27:56.757Z - debug: The process cannot access the file because it is being used by another process.

2020-01-01T02:27:56.757Z - debug: The process cannot access the file because it is being used by another process.

2020-01-01T02:27:56.758Z - debug: The process cannot access the file because it is being used by another process.

2020-01-01T02:27:57.042Z - debug: The process cannot access the file because it is being used by another process.

2020-01-01T02:27:57.042Z - debug: The process cannot access the file because it is being used by another process.

2020-01-01T02:27:57.043Z - debug: The process cannot access the file because it is being used by another process.

2020-01-01T02:28:09.583Z - debug:  
2020-01-01T02:28:09.583Z - debug:  
2020-01-01T02:28:09.584Z - debug:  
2020-01-01T02:28:09.584Z - debug:  
2020-01-01T02:29:30.161Z - info: Pages built
2020-01-01T02:30:03.248Z - info: Website generation complete! Total build time: 238.83s
2020-01-01T02:30:03.595Z - info: Serving "C:\repos\nus-cs2103-AY1920S2\cs2103-website\_site" at http://127.0.0.1:8080
2020-01-01T02:30:03.595Z - info: Press CTRL+C to stop ...
2020-01-01T02:30:03.646Z - info: Site data built
2020-01-01T03:09:26.834Z - info: Website generation started at 11:09:20
2020-01-01T03:09:34.083Z - info: Building assets...
2020-01-01T03:09:38.708Z - info: Assets built
2020-01-01T03:09:38.708Z - info: Generating pages...
2020-01-01T03:11:18.399Z - debug: The process cannot access the file because it is being used by another process.

2020-01-01T03:11:18.399Z - debug: The process cannot access the file because it is being used by another process.

2020-01-01T03:11:18.399Z - debug: The process cannot access the file because it is being used by another process.

2020-01-01T03:11:18.399Z - debug: The process cannot access the file because it is being used by another process.

2020-01-01T03:11:18.403Z - debug: The process cannot access the file because it is being used by another process.

2020-01-01T03:11:18.403Z - debug: The process cannot access the file because it is being used by another process.

2020-01-01T03:11:18.403Z - debug: The process cannot access the file because it is being used by another process.

2020-01-01T03:11:18.403Z - debug: The process cannot access the file because it is being used by another process.

2020-01-01T03:11:18.832Z - debug: The process cannot access the file because it is being used by another process.

2020-01-01T03:11:18.832Z - debug: The process cannot access the file because it is being used by another process.

2020-01-01T03:11:18.832Z - debug: The process cannot access the file because it is being used by another process.

2020-01-01T03:11:18.832Z - debug: The process cannot access the file because it is being used by another process.

2020-01-01T03:11:18.832Z - debug: The process cannot access the file because it is being used by another process.

2020-01-01T03:11:18.832Z - debug: The process cannot access the file because it is being used by another process.

2020-01-01T03:11:18.832Z - debug: The process cannot access the file because it is being used by another process.

2020-01-01T03:11:18.832Z - debug: The process cannot access the file because it is being used by another process.

2020-01-01T03:11:19.016Z - debug: The process cannot access the file because it is being used by another process.

2020-01-01T03:11:33.415Z - debug:  
2020-01-01T03:11:33.415Z - debug:  
2020-01-01T03:11:33.419Z - debug:  
2020-01-01T03:11:33.423Z - debug:  
2020-01-01T03:12:55.801Z - info: Pages built
2020-01-01T03:13:30.715Z - info: Website generation complete! Total build time: 250.324s
2020-01-01T03:13:30.715Z - info: Build success!
2020-01-01T03:13:30.731Z - info: Site data built
2020-01-01T03:14:26.595Z - info: Deployed!
