2020-02-20T15:21:40.505Z - info: Website generation started at 23:21:32
2020-02-20T15:21:44.724Z - info: Building assets...
2020-02-20T15:21:49.103Z - info: Assets built
2020-02-20T15:21:49.121Z - info: Generating pages...
2020-02-20T15:23:54.588Z - debug: The process cannot access the file because it is being used by another process.

2020-02-20T15:23:54.593Z - debug: The process cannot access the file because it is being used by another process.

2020-02-20T15:23:54.594Z - debug: The process cannot access the file because it is being used by another process.

2020-02-20T15:23:54.594Z - debug: The process cannot access the file because it is being used by another process.

2020-02-20T15:23:54.596Z - debug: The process cannot access the file because it is being used by another process.

2020-02-20T15:23:54.597Z - debug: The process cannot access the file because it is being used by another process.

2020-02-20T15:23:54.597Z - debug: The process cannot access the file because it is being used by another process.

2020-02-20T15:23:54.598Z - debug: The process cannot access the file because it is being used by another process.

2020-02-20T15:23:56.708Z - debug: The process cannot access the file because it is being used by another process.

2020-02-20T15:23:56.712Z - debug: The process cannot access the file because it is being used by another process.

2020-02-20T15:23:56.714Z - debug: The process cannot access the file because it is being used by another process.

2020-02-20T15:23:56.714Z - debug: The process cannot access the file because it is being used by another process.

2020-02-20T15:23:56.715Z - debug: The process cannot access the file because it is being used by another process.

2020-02-20T15:23:56.716Z - debug: The process cannot access the file because it is being used by another process.

2020-02-20T15:23:56.716Z - debug: The process cannot access the file because it is being used by another process.

2020-02-20T15:23:56.721Z - debug: The process cannot access the file because it is being used by another process.

2020-02-20T15:23:56.958Z - debug: The process cannot access the file because it is being used by another process.

2020-02-20T15:24:34.857Z - debug:  
2020-02-20T15:24:34.857Z - debug:  
2020-02-20T15:24:34.857Z - debug:  
2020-02-20T15:24:34.857Z - debug:  
2020-02-20T15:25:37.411Z - info: Pages built
2020-02-20T15:26:10.408Z - info: Website generation complete! Total build time: 277.566s
2020-02-20T15:26:10.822Z - info: Serving "D:\Teaching\CS2103-AY1920S2\website\_site" at http://127.0.0.1:8080
2020-02-20T15:26:10.824Z - info: Press CTRL+C to stop ...
2020-02-20T15:26:10.906Z - info: Site data built
2020-02-20T15:28:39.037Z - info: Website generation started at 23:28:32
2020-02-20T15:28:42.697Z - info: Building assets...
