2020-01-13T21:45:38.726Z - info: Website generation started at 5:45:38 AM
2020-01-13T21:45:41.588Z - info: Building assets...
2020-01-13T21:45:43.655Z - info: Assets built
2020-01-13T21:45:43.656Z - info: Generating pages...
2020-01-13T21:47:50.339Z - debug: The process cannot access the file because it is being used by another process.

2020-01-13T21:47:50.342Z - debug: The process cannot access the file because it is being used by another process.

2020-01-13T21:47:50.343Z - debug: The process cannot access the file because it is being used by another process.

2020-01-13T21:47:50.344Z - debug: The process cannot access the file because it is being used by another process.

2020-01-13T21:47:50.344Z - debug: The process cannot access the file because it is being used by another process.

2020-01-13T21:47:50.345Z - debug: The process cannot access the file because it is being used by another process.

2020-01-13T21:47:50.346Z - debug: The process cannot access the file because it is being used by another process.

2020-01-13T21:47:50.346Z - debug: The process cannot access the file because it is being used by another process.

2020-01-13T21:47:50.346Z - debug: The process cannot access the file because it is being used by another process.

2020-01-13T21:47:50.347Z - debug: The process cannot access the file because it is being used by another process.

2020-01-13T21:47:50.347Z - debug: The process cannot access the file because it is being used by another process.

2020-01-13T21:47:50.347Z - debug: The process cannot access the file because it is being used by another process.

2020-01-13T21:47:50.460Z - debug: The process cannot access the file because it is being used by another process.

2020-01-13T21:47:50.460Z - debug: The process cannot access the file because it is being used by another process.

2020-01-13T21:47:50.503Z - debug: The process cannot access the file because it is being used by another process.

2020-01-13T21:47:50.615Z - debug: The process cannot access the file because it is being used by another process.

2020-01-13T21:47:50.619Z - debug: The process cannot access the file because it is being used by another process.

2020-01-13T21:47:59.873Z - debug:  
2020-01-13T21:47:59.874Z - debug:  
2020-01-13T21:48:06.739Z - debug:  
2020-01-13T21:48:06.739Z - debug:  
2020-01-13T21:49:55.736Z - info: Pages built
2020-01-13T21:50:21.978Z - info: Website generation complete! Total build time: 283.264s
2020-01-13T21:50:22.037Z - info: Serving "D:\Teaching\CS2103\AY1920S2\website\_site" at http://127.0.0.1:8080
2020-01-13T21:50:22.038Z - info: Press CTRL+C to stop ...
2020-01-13T21:50:22.103Z - info: Site data built
2020-01-14T08:40:36.381Z - info: Website generation started at 4:40:35 PM
2020-01-14T08:40:37.961Z - info: Building assets...
2020-01-14T08:40:39.147Z - info: Assets built
2020-01-14T08:40:39.147Z - info: Generating pages...
2020-01-14T08:41:41.722Z - debug: The process cannot access the file because it is being used by another process.

2020-01-14T08:41:41.727Z - debug: The process cannot access the file because it is being used by another process.

2020-01-14T08:41:41.728Z - debug: The process cannot access the file because it is being used by another process.

2020-01-14T08:41:41.730Z - debug: The process cannot access the file because it is being used by another process.

2020-01-14T08:41:41.730Z - debug: The process cannot access the file because it is being used by another process.

2020-01-14T08:41:41.862Z - debug: The process cannot access the file because it is being used by another process.

2020-01-14T08:41:41.864Z - debug: The process cannot access the file because it is being used by another process.

2020-01-14T08:41:41.867Z - debug: The process cannot access the file because it is being used by another process.

2020-01-14T08:41:41.868Z - debug: The process cannot access the file because it is being used by another process.

2020-01-14T08:41:41.904Z - debug: The process cannot access the file because it is being used by another process.

2020-01-14T08:41:41.906Z - debug: The process cannot access the file because it is being used by another process.

2020-01-14T08:41:41.986Z - debug: The process cannot access the file because it is being used by another process.

2020-01-14T08:41:41.986Z - debug: The process cannot access the file because it is being used by another process.

2020-01-14T08:41:41.986Z - debug: The process cannot access the file because it is being used by another process.

2020-01-14T08:41:41.988Z - debug: The process cannot access the file because it is being used by another process.

2020-01-14T08:41:42.017Z - debug: The process cannot access the file because it is being used by another process.

2020-01-14T08:41:42.041Z - debug: The process cannot access the file because it is being used by another process.

2020-01-14T08:41:49.834Z - debug:  
2020-01-14T08:41:49.835Z - debug:  
2020-01-14T08:41:49.835Z - debug:  
2020-01-14T08:41:49.835Z - debug:  
2020-01-14T08:42:46.794Z - info: Pages built
2020-01-14T08:43:07.179Z - info: Website generation complete! Total build time: 151.61s
2020-01-14T08:43:07.180Z - info: Build success!
2020-01-14T08:43:07.184Z - info: Site data built
2020-01-14T08:44:05.091Z - info: Deployed!
