2020-04-04T06:56:30.545Z - info: Website generation started at 14:56:21
2020-04-04T06:56:36.587Z - info: Building assets...
2020-04-04T06:56:40.621Z - info: Assets built
2020-04-04T06:56:40.622Z - info: Generating pages...
2020-04-04T06:58:59.987Z - debug: The process cannot access the file because it is being used by another process.

2020-04-04T06:58:59.994Z - debug: The process cannot access the file because it is being used by another process.

2020-04-04T06:58:59.996Z - debug: The process cannot access the file because it is being used by another process.

2020-04-04T06:58:59.996Z - debug: The process cannot access the file because it is being used by another process.

2020-04-04T06:58:59.997Z - debug: The process cannot access the file because it is being used by another process.

2020-04-04T06:58:59.997Z - debug: The process cannot access the file because it is being used by another process.

2020-04-04T06:58:59.999Z - debug: The process cannot access the file because it is being used by another process.

2020-04-04T06:58:59.999Z - debug: The process cannot access the file because it is being used by another process.

2020-04-04T06:59:00.000Z - debug: The process cannot access the file because it is being used by another process.

2020-04-04T06:59:00.000Z - debug: The process cannot access the file because it is being used by another process.

2020-04-04T06:59:00.001Z - debug: The process cannot access the file because it is being used by another process.

2020-04-04T06:59:00.001Z - debug: The process cannot access the file because it is being used by another process.

2020-04-04T06:59:00.001Z - debug: The process cannot access the file because it is being used by another process.

2020-04-04T06:59:00.002Z - debug: The process cannot access the file because it is being used by another process.

2020-04-04T06:59:01.562Z - debug: The process cannot access the file because it is being used by another process.

2020-04-04T06:59:01.562Z - debug: The process cannot access the file because it is being used by another process.

2020-04-04T06:59:01.563Z - debug: The process cannot access the file because it is being used by another process.

2020-04-04T06:59:01.564Z - debug: The process cannot access the file because it is being used by another process.

2020-04-04T06:59:01.564Z - debug: The process cannot access the file because it is being used by another process.

2020-04-04T06:59:01.564Z - debug: The process cannot access the file because it is being used by another process.

2020-04-04T06:59:01.566Z - debug: The process cannot access the file because it is being used by another process.

2020-04-04T06:59:01.581Z - debug: The process cannot access the file because it is being used by another process.

2020-04-04T06:59:01.587Z - debug: The process cannot access the file because it is being used by another process.

2020-04-04T06:59:01.588Z - debug: The process cannot access the file because it is being used by another process.

2020-04-04T06:59:01.590Z - debug: The process cannot access the file because it is being used by another process.

2020-04-04T06:59:01.591Z - debug: The process cannot access the file because it is being used by another process.

2020-04-04T06:59:01.591Z - debug: The process cannot access the file because it is being used by another process.

2020-04-04T06:59:01.592Z - debug: The process cannot access the file because it is being used by another process.

2020-04-04T06:59:01.592Z - debug: The process cannot access the file because it is being used by another process.

2020-04-04T06:59:01.592Z - debug: The process cannot access the file because it is being used by another process.

2020-04-04T06:59:01.671Z - debug: The process cannot access the file because it is being used by another process.

2020-04-04T07:00:00.650Z - debug:  
2020-04-04T07:00:00.650Z - debug:  
2020-04-04T07:00:00.650Z - debug:  
2020-04-04T07:00:00.651Z - debug:  
2020-04-04T07:01:02.294Z - info: Pages built
2020-04-04T07:02:16.195Z - info: Website generation complete! Total build time: 354.941s
2020-04-04T07:02:16.784Z - info: Serving "D:\Teaching\CS2103-AY1920S2\website\_site" at http://127.0.0.1:8080
2020-04-04T07:02:16.785Z - info: Press CTRL+C to stop ...
2020-04-04T07:02:16.873Z - info: Site data built
2020-04-04T07:07:36.731Z - info: Website generation started at 15:07:30
2020-04-04T07:07:40.631Z - info: Building assets...
2020-04-04T07:07:44.172Z - info: Assets built
2020-04-04T07:07:44.173Z - info: Generating pages...
2020-04-04T07:10:27.989Z - debug: The process cannot access the file because it is being used by another process.

2020-04-04T07:10:27.993Z - debug: The process cannot access the file because it is being used by another process.

2020-04-04T07:10:27.994Z - debug: The process cannot access the file because it is being used by another process.

2020-04-04T07:10:27.994Z - debug: The process cannot access the file because it is being used by another process.

2020-04-04T07:10:27.995Z - debug: The process cannot access the file because it is being used by another process.

2020-04-04T07:10:27.995Z - debug: The process cannot access the file because it is being used by another process.

2020-04-04T07:10:27.996Z - debug: The process cannot access the file because it is being used by another process.

2020-04-04T07:10:27.996Z - debug: The process cannot access the file because it is being used by another process.

2020-04-04T07:10:27.997Z - debug: The process cannot access the file because it is being used by another process.

2020-04-04T07:10:27.997Z - debug: The process cannot access the file because it is being used by another process.

2020-04-04T07:10:27.998Z - debug: The process cannot access the file because it is being used by another process.

2020-04-04T07:10:28.001Z - debug: The process cannot access the file because it is being used by another process.

2020-04-04T07:10:28.009Z - debug: The process cannot access the file because it is being used by another process.

2020-04-04T07:10:28.009Z - debug: The process cannot access the file because it is being used by another process.

2020-04-04T07:10:28.010Z - debug: The process cannot access the file because it is being used by another process.

2020-04-04T07:10:28.011Z - debug: The process cannot access the file because it is being used by another process.

2020-04-04T07:10:28.013Z - debug: The process cannot access the file because it is being used by another process.

2020-04-04T07:10:28.018Z - debug: The process cannot access the file because it is being used by another process.

2020-04-04T07:10:28.021Z - debug: The process cannot access the file because it is being used by another process.

2020-04-04T07:10:28.022Z - debug: The process cannot access the file because it is being used by another process.

2020-04-04T07:10:28.027Z - debug: The process cannot access the file because it is being used by another process.

2020-04-04T07:10:28.031Z - debug: The process cannot access the file because it is being used by another process.

2020-04-04T07:10:28.031Z - debug: The process cannot access the file because it is being used by another process.

2020-04-04T07:10:28.038Z - debug: The process cannot access the file because it is being used by another process.

2020-04-04T07:10:28.039Z - debug: The process cannot access the file because it is being used by another process.

2020-04-04T07:10:28.040Z - debug: The process cannot access the file because it is being used by another process.

2020-04-04T07:10:28.042Z - debug: The process cannot access the file because it is being used by another process.

2020-04-04T07:10:28.042Z - debug: The process cannot access the file because it is being used by another process.

2020-04-04T07:10:28.811Z - debug: The process cannot access the file because it is being used by another process.

2020-04-04T07:10:28.821Z - debug: The process cannot access the file because it is being used by another process.

2020-04-04T07:10:28.937Z - debug: The process cannot access the file because it is being used by another process.

2020-04-04T07:11:53.878Z - debug:  
2020-04-04T07:11:53.878Z - debug:  
2020-04-04T07:11:53.879Z - debug:  
2020-04-04T07:11:53.879Z - debug:  
2020-04-04T07:12:36.253Z - info: Pages built
2020-04-04T07:13:17.010Z - info: Website generation complete! Total build time: 346.532s
2020-04-04T07:13:17.466Z - info: Serving "D:\Teaching\CS2103-AY1920S2\website\_site" at http://127.0.0.1:8080
2020-04-04T07:13:17.467Z - info: Press CTRL+C to stop ...
2020-04-04T07:13:17.550Z - info: Site data built
2020-04-04T07:16:28.692Z - info: [15:16:28] Reload for file change: D:\Teaching\CS2103-AY1920S2\website\admin\tp-deliverables-demo.mbdf
2020-04-04T07:16:29.696Z - info: Rebuilding affected source files
2020-04-04T07:16:29.700Z - info: Rebuilding 2 pages
2020-04-04T07:16:38.031Z - info: Pages rebuilt
2020-04-04T07:16:38.053Z - info: Site data built
2020-04-04T07:17:38.855Z - info: [15:17:38] Reload for file change: D:\Teaching\CS2103-AY1920S2\website\admin\tp-deliverables-demo.mbdf
2020-04-04T07:17:39.859Z - info: Rebuilding affected source files
2020-04-04T07:17:39.862Z - info: Rebuilding 2 pages
2020-04-04T07:17:47.768Z - info: Pages rebuilt
2020-04-04T07:17:47.790Z - info: Site data built
2020-04-04T07:18:00.539Z - info: [15:18:00] Reload for file change: D:\Teaching\CS2103-AY1920S2\website\admin\tp-deliverables-demo.mbdf
2020-04-04T07:18:01.545Z - info: Rebuilding affected source files
2020-04-04T07:18:01.547Z - info: Rebuilding 2 pages
2020-04-04T07:18:10.192Z - info: Pages rebuilt
2020-04-04T07:18:10.203Z - info: Site data built
2020-04-04T07:18:29.331Z - info: [15:18:29] Reload for file change: D:\Teaching\CS2103-AY1920S2\website\admin\tp-deliverables-demo.mbdf
2020-04-04T07:18:30.343Z - info: Rebuilding affected source files
2020-04-04T07:18:30.346Z - info: Rebuilding 2 pages
2020-04-04T07:18:36.731Z - info: Pages rebuilt
2020-04-04T07:18:36.901Z - info: Site data built
2020-04-04T07:18:42.072Z - info: [15:18:42] Reload for file change: D:\Teaching\CS2103-AY1920S2\website\admin\tp-deliverables-demo.mbdf
2020-04-04T07:18:43.080Z - info: Rebuilding affected source files
2020-04-04T07:18:43.083Z - info: Rebuilding 2 pages
2020-04-04T07:18:49.600Z - info: Pages rebuilt
2020-04-04T07:18:49.618Z - info: Site data built
2020-04-04T07:20:15.519Z - info: [15:20:15] Reload for file change: D:\Teaching\CS2103-AY1920S2\website\admin\tp-deliverables-demo.mbdf
2020-04-04T07:20:16.523Z - info: Rebuilding affected source files
2020-04-04T07:20:16.526Z - info: Rebuilding 2 pages
2020-04-04T07:20:25.140Z - info: Pages rebuilt
2020-04-04T07:20:25.159Z - info: Site data built
2020-04-04T07:21:00.163Z - info: [15:21:00] Reload for file change: D:\Teaching\CS2103-AY1920S2\website\admin\tp-deliverables-demo.mbdf
2020-04-04T07:21:01.174Z - info: Rebuilding affected source files
2020-04-04T07:21:01.178Z - info: Rebuilding 2 pages
2020-04-04T07:21:09.166Z - info: Pages rebuilt
2020-04-04T07:21:09.214Z - info: Site data built
2020-04-04T07:22:49.323Z - info: [15:22:49] Reload for file change: D:\Teaching\CS2103-AY1920S2\website\admin\tp-deliverables-demo.mbdf
2020-04-04T07:22:50.326Z - info: Rebuilding affected source files
2020-04-04T07:22:50.330Z - info: Rebuilding 2 pages
2020-04-04T07:22:58.338Z - info: Pages rebuilt
2020-04-04T07:22:58.426Z - info: Site data built
2020-04-04T07:24:22.595Z - info: [15:24:22] Reload for file change: D:\Teaching\CS2103-AY1920S2\website\admin\tp-deliverables-demo.mbdf
2020-04-04T07:24:23.598Z - info: Rebuilding affected source files
2020-04-04T07:24:23.602Z - info: Rebuilding 2 pages
2020-04-04T07:24:31.816Z - info: Pages rebuilt
2020-04-04T07:24:31.826Z - info: Site data built
2020-04-04T07:40:39.973Z - info: [15:40:39] Reload for file change: D:\Teaching\CS2103-AY1920S2\website\admin\tp-deliverables-demo.mbdf
2020-04-04T07:40:40.984Z - info: Rebuilding affected source files
2020-04-04T07:40:40.992Z - info: Rebuilding 2 pages
2020-04-04T07:40:51.716Z - info: Pages rebuilt
2020-04-04T07:40:51.753Z - info: Site data built
2020-04-04T07:41:47.237Z - info: [15:41:47] Reload for file change: D:\Teaching\CS2103-AY1920S2\website\admin\tp-deliverables-demo.mbdf
2020-04-04T07:41:48.241Z - info: Rebuilding affected source files
2020-04-04T07:41:48.244Z - info: Rebuilding 2 pages
2020-04-04T07:41:55.760Z - info: Pages rebuilt
2020-04-04T07:41:55.773Z - info: Site data built
2020-04-04T07:42:05.845Z - info: [15:42:05] Reload for file change: D:\Teaching\CS2103-AY1920S2\website\admin\tp-deliverables-demo.mbdf
2020-04-04T07:42:06.846Z - info: Rebuilding affected source files
2020-04-04T07:42:06.848Z - info: Rebuilding 2 pages
2020-04-04T07:42:14.600Z - info: Pages rebuilt
2020-04-04T07:42:14.803Z - info: Site data built
2020-04-04T07:42:45.837Z - info: [15:42:45] Reload for file change: D:\Teaching\CS2103-AY1920S2\website\admin\tp-deliverables-demo.mbdf
2020-04-04T07:42:46.838Z - info: Rebuilding affected source files
2020-04-04T07:42:46.841Z - info: Rebuilding 2 pages
2020-04-04T07:42:54.863Z - info: Pages rebuilt
2020-04-04T07:42:54.919Z - info: Site data built
2020-04-04T07:43:33.800Z - info: [15:43:33] Reload for file change: D:\Teaching\CS2103-AY1920S2\website\admin\tp-deliverables-demo.mbdf
2020-04-04T07:43:34.805Z - info: Rebuilding affected source files
2020-04-04T07:43:34.809Z - info: Rebuilding 2 pages
2020-04-04T07:43:42.567Z - info: Pages rebuilt
2020-04-04T07:43:42.587Z - info: Site data built
2020-04-04T07:44:12.648Z - info: [15:44:12] Reload for file change: D:\Teaching\CS2103-AY1920S2\website\admin\tp-deliverables-demo.mbdf
2020-04-04T07:44:13.652Z - info: Rebuilding affected source files
2020-04-04T07:44:13.655Z - info: Rebuilding 2 pages
2020-04-04T07:44:21.897Z - info: Pages rebuilt
2020-04-04T07:44:21.905Z - info: Site data built
2020-04-04T07:46:40.750Z - info: [15:46:40] Reload for file change: D:\Teaching\CS2103-AY1920S2\website\admin\tp-deliverables-demo.mbdf
2020-04-04T07:46:41.754Z - info: Rebuilding affected source files
2020-04-04T07:46:41.756Z - info: Rebuilding 2 pages
2020-04-04T07:46:49.101Z - info: Pages rebuilt
2020-04-04T07:46:49.109Z - info: Site data built
2020-04-04T07:47:27.220Z - info: [15:47:27] Reload for file change: D:\Teaching\CS2103-AY1920S2\website\admin\tp-deliverables-demo.mbdf
2020-04-04T07:47:28.225Z - info: Rebuilding affected source files
2020-04-04T07:47:28.232Z - info: Rebuilding 2 pages
2020-04-04T07:47:37.547Z - info: Pages rebuilt
2020-04-04T07:47:37.607Z - info: Site data built
2020-04-04T07:47:43.215Z - info: [15:47:43] Reload for file change: D:\Teaching\CS2103-AY1920S2\website\admin\tp-deliverables-demo.mbdf
2020-04-04T07:47:44.216Z - info: Rebuilding affected source files
2020-04-04T07:47:44.219Z - info: Rebuilding 2 pages
2020-04-04T07:47:51.984Z - info: Pages rebuilt
2020-04-04T07:47:52.013Z - info: Site data built
2020-04-04T07:47:54.169Z - info: [15:47:54] Reload for file change: D:\Teaching\CS2103-AY1920S2\website\admin\tp-deliverables-demo.mbdf
2020-04-04T07:47:55.171Z - info: Rebuilding affected source files
2020-04-04T07:47:55.173Z - info: Rebuilding 2 pages
2020-04-04T07:48:03.620Z - info: Pages rebuilt
2020-04-04T07:48:03.628Z - info: Site data built
2020-04-04T07:48:05.772Z - info: [15:48:05] Reload for file change: D:\Teaching\CS2103-AY1920S2\website\admin\tp-deliverables-demo.mbdf
2020-04-04T07:48:06.773Z - info: Rebuilding affected source files
2020-04-04T07:48:06.777Z - info: Rebuilding 2 pages
2020-04-04T07:48:14.261Z - info: Pages rebuilt
2020-04-04T07:48:14.386Z - info: Site data built
2020-04-04T07:52:33.836Z - info: [15:52:33] Reload for file change: D:\Teaching\CS2103-AY1920S2\website\admin\tp-deliverables-demo.mbdf
2020-04-04T07:52:34.841Z - info: Rebuilding affected source files
2020-04-04T07:52:34.845Z - info: Rebuilding 2 pages
2020-04-04T07:52:42.287Z - info: Pages rebuilt
2020-04-04T07:52:42.302Z - info: Site data built
2020-04-04T08:31:15.008Z - info: [16:31:15] Reload for file change: D:\Teaching\CS2103-AY1920S2\website\admin\tp-deliverables-demo.mbdf
2020-04-04T08:31:16.012Z - info: Rebuilding affected source files
2020-04-04T08:31:16.015Z - info: Rebuilding 2 pages
2020-04-04T08:31:23.620Z - info: Pages rebuilt
2020-04-04T08:31:23.632Z - info: Site data built
2020-04-04T08:37:11.885Z - info: Website generation started at 16:37:05
2020-04-04T08:37:17.138Z - info: Building assets...
