2020-01-03T09:20:20.998Z - info: Website generation started at 5:20:19 PM
2020-01-03T09:20:23.527Z - info: Building assets...
2020-01-03T09:20:25.410Z - info: Assets built
2020-01-03T09:20:25.410Z - info: Generating pages...
2020-01-03T09:21:18.612Z - debug: The process cannot access the file because it is being used by another process.

2020-01-03T09:21:18.613Z - debug: The process cannot access the file because it is being used by another process.

2020-01-03T09:21:18.613Z - debug: The process cannot access the file because it is being used by another process.

2020-01-03T09:21:18.625Z - debug: The process cannot access the file because it is being used by another process.

2020-01-03T09:21:18.625Z - debug: The process cannot access the file because it is being used by another process.

2020-01-03T09:21:18.626Z - debug: The process cannot access the file because it is being used by another process.

2020-01-03T09:21:18.626Z - debug: The process cannot access the file because it is being used by another process.

2020-01-03T09:21:18.626Z - debug: The process cannot access the file because it is being used by another process.

2020-01-03T09:21:18.626Z - debug: The process cannot access the file because it is being used by another process.

2020-01-03T09:21:18.627Z - debug: The process cannot access the file because it is being used by another process.

2020-01-03T09:21:18.627Z - debug: The process cannot access the file because it is being used by another process.

2020-01-03T09:21:18.627Z - debug: The process cannot access the file because it is being used by another process.

2020-01-03T09:21:18.627Z - debug: The process cannot access the file because it is being used by another process.

2020-01-03T09:21:18.629Z - debug: The process cannot access the file because it is being used by another process.

2020-01-03T09:21:18.649Z - debug: The process cannot access the file because it is being used by another process.

2020-01-03T09:21:18.649Z - debug: The process cannot access the file because it is being used by another process.

2020-01-03T09:21:18.649Z - debug: The process cannot access the file because it is being used by another process.

2020-01-03T09:21:21.846Z - debug:  
2020-01-03T09:21:21.847Z - debug:  
2020-01-03T09:21:22.062Z - debug:  
2020-01-03T09:21:22.062Z - debug:  
2020-01-03T09:22:14.033Z - info: Pages built
2020-01-03T09:22:31.239Z - info: Website generation complete! Total build time: 131.586s
2020-01-03T09:22:31.602Z - info: Serving "C:\repos\nus-cs2103-AY1920S2\cs2103-website\_site" at http://127.0.0.1:8080
2020-01-03T09:22:31.602Z - info: Press CTRL+C to stop ...
2020-01-03T09:22:31.710Z - info: Site data built
2020-01-03T09:30:42.320Z - info: [5:30:42 PM] Reload for file change: C:\repos\nus-cs2103-AY1920S2\cs2103-website\admin\tp-tasks.mbdf
2020-01-03T09:30:43.325Z - info: Rebuilding affected source files
2020-01-03T09:30:43.334Z - info: Rebuilding 36 pages
2020-01-03T09:31:06.883Z - info: Pages rebuilt
2020-01-03T09:31:06.899Z - info: Site data built
2020-01-03T09:31:58.245Z - info: [5:31:58 PM] Reload for file change: C:\repos\nus-cs2103-AY1920S2\cs2103-website\admin\tp-tasks.mbdf
2020-01-03T09:31:59.249Z - info: Rebuilding affected source files
2020-01-03T09:31:59.255Z - info: Rebuilding 36 pages
2020-01-03T09:32:21.755Z - info: Pages rebuilt
2020-01-03T09:32:21.771Z - info: Site data built
2020-01-03T09:32:58.289Z - info: [5:32:58 PM] Reload for file change: C:\repos\nus-cs2103-AY1920S2\cs2103-website\admin\tp-tasks.mbdf
2020-01-03T09:32:59.292Z - info: Rebuilding affected source files
2020-01-03T09:32:59.298Z - info: Rebuilding 36 pages
2020-01-03T09:33:21.475Z - info: Pages rebuilt
2020-01-03T09:33:21.493Z - info: Site data built
2020-01-03T09:35:49.500Z - info: Website generation started at 5:35:48 PM
2020-01-03T09:35:51.940Z - info: Building assets...
2020-01-03T09:35:53.881Z - info: Assets built
2020-01-03T09:35:53.881Z - info: Generating pages...
2020-01-03T09:36:42.556Z - debug: The process cannot access the file because it is being used by another process.

2020-01-03T09:36:42.557Z - debug: The process cannot access the file because it is being used by another process.

2020-01-03T09:36:42.557Z - debug: The process cannot access the file because it is being used by another process.

2020-01-03T09:36:42.557Z - debug: The process cannot access the file because it is being used by another process.

2020-01-03T09:36:42.557Z - debug: The process cannot access the file because it is being used by another process.

2020-01-03T09:36:42.574Z - debug: The process cannot access the file because it is being used by another process.

2020-01-03T09:36:42.574Z - debug: The process cannot access the file because it is being used by another process.

2020-01-03T09:36:42.574Z - debug: The process cannot access the file because it is being used by another process.

2020-01-03T09:36:42.574Z - debug: The process cannot access the file because it is being used by another process.

2020-01-03T09:36:42.575Z - debug: The process cannot access the file because it is being used by another process.

2020-01-03T09:36:42.575Z - debug: The process cannot access the file because it is being used by another process.

2020-01-03T09:36:42.575Z - debug: The process cannot access the file because it is being used by another process.

2020-01-03T09:36:42.578Z - debug: The process cannot access the file because it is being used by another process.

2020-01-03T09:36:42.591Z - debug: The process cannot access the file because it is being used by another process.

2020-01-03T09:36:43.106Z - debug: The process cannot access the file because it is being used by another process.

2020-01-03T09:36:43.112Z - debug: The process cannot access the file because it is being used by another process.

2020-01-03T09:36:43.116Z - debug: The process cannot access the file because it is being used by another process.

2020-01-03T09:36:45.647Z - debug:  
2020-01-03T09:36:45.647Z - debug:  
2020-01-03T09:36:45.648Z - debug:  
2020-01-03T09:36:45.648Z - debug:  
2020-01-03T09:37:33.398Z - info: Pages built
2020-01-03T09:37:48.591Z - info: Website generation complete! Total build time: 120.44s
2020-01-03T09:37:48.591Z - info: Build success!
2020-01-03T09:37:48.603Z - info: Site data built
2020-01-03T09:38:32.144Z - info: Deployed!
