2020-01-24T06:50:32.442Z - info: Website generation started at 2:50:32 PM
2020-01-24T06:50:34.332Z - info: Building assets...
2020-01-24T06:50:35.800Z - info: Assets built
2020-01-24T06:50:35.801Z - info: Generating pages...
2020-01-24T06:51:30.202Z - debug: The process cannot access the file because it is being used by another process.

2020-01-24T06:51:30.203Z - debug: The process cannot access the file because it is being used by another process.

2020-01-24T06:51:30.229Z - debug: The process cannot access the file because it is being used by another process.

2020-01-24T06:51:30.230Z - debug: The process cannot access the file because it is being used by another process.

2020-01-24T06:51:30.230Z - debug: The process cannot access the file because it is being used by another process.

2020-01-24T06:51:30.232Z - debug: The process cannot access the file because it is being used by another process.

2020-01-24T06:51:30.232Z - debug: The process cannot access the file because it is being used by another process.

2020-01-24T06:51:30.233Z - debug: The process cannot access the file because it is being used by another process.

2020-01-24T06:51:30.233Z - debug: The process cannot access the file because it is being used by another process.

2020-01-24T06:51:30.234Z - debug: The process cannot access the file because it is being used by another process.

2020-01-24T06:51:30.235Z - debug: The process cannot access the file because it is being used by another process.

2020-01-24T06:51:30.235Z - debug: The process cannot access the file because it is being used by another process.

2020-01-24T06:51:30.236Z - debug: The process cannot access the file because it is being used by another process.

2020-01-24T06:51:30.236Z - debug: The process cannot access the file because it is being used by another process.

2020-01-24T06:51:30.258Z - debug: The process cannot access the file because it is being used by another process.

2020-01-24T06:51:30.262Z - debug: The process cannot access the file because it is being used by another process.

2020-01-24T06:51:30.272Z - debug: The process cannot access the file because it is being used by another process.

2020-01-24T06:51:34.871Z - debug:  
2020-01-24T06:51:35.135Z - debug:  
2020-01-24T06:51:36.493Z - debug:  
2020-01-24T06:51:36.493Z - debug:  
2020-01-24T07:47:34.134Z - info: Website generation started at 3:47:32 PM
2020-01-24T07:47:36.079Z - info: Building assets...
2020-01-24T07:47:37.743Z - info: Assets built
2020-01-24T07:47:37.744Z - info: Generating pages...
2020-01-24T07:48:30.888Z - debug: The process cannot access the file because it is being used by another process.

2020-01-24T07:48:30.889Z - debug: The process cannot access the file because it is being used by another process.

2020-01-24T07:48:30.889Z - debug: The process cannot access the file because it is being used by another process.

2020-01-24T07:48:30.889Z - debug: The process cannot access the file because it is being used by another process.

2020-01-24T07:48:30.889Z - debug: The process cannot access the file because it is being used by another process.

2020-01-24T07:48:30.938Z - debug: The process cannot access the file because it is being used by another process.

2020-01-24T07:48:30.939Z - debug: The process cannot access the file because it is being used by another process.

2020-01-24T07:48:30.939Z - debug: The process cannot access the file because it is being used by another process.

2020-01-24T07:48:30.939Z - debug: The process cannot access the file because it is being used by another process.

2020-01-24T07:48:30.939Z - debug: The process cannot access the file because it is being used by another process.

2020-01-24T07:48:30.940Z - debug: The process cannot access the file because it is being used by another process.

2020-01-24T07:48:30.940Z - debug: The process cannot access the file because it is being used by another process.

2020-01-24T07:48:30.940Z - debug: The process cannot access the file because it is being used by another process.

2020-01-24T07:48:30.940Z - debug: The process cannot access the file because it is being used by another process.

2020-01-24T07:48:31.227Z - debug: The process cannot access the file because it is being used by another process.

2020-01-24T07:48:31.228Z - debug: The process cannot access the file because it is being used by another process.

2020-01-24T07:48:31.232Z - debug: The process cannot access the file because it is being used by another process.

2020-01-24T07:48:42.521Z - debug:  
2020-01-24T07:48:42.522Z - debug:  
2020-01-24T07:48:42.522Z - debug:  
2020-01-24T07:48:42.522Z - debug:  
2020-01-24T07:49:23.038Z - info: Pages built
2020-01-24T07:49:38.516Z - info: Website generation complete! Total build time: 126.064s
2020-01-24T07:49:38.871Z - info: Serving "E:\Teaching\CS2103\CS2103-AY1920S2\website\_site" at http://127.0.0.1:8080
2020-01-24T07:49:38.872Z - info: Press CTRL+C to stop ...
2020-01-24T07:49:38.950Z - info: Site data built
2020-01-24T07:51:18.322Z - info: Website generation started at 3:51:17 PM
2020-01-24T07:51:20.225Z - info: Building assets...
2020-01-24T07:51:21.707Z - info: Assets built
2020-01-24T07:51:21.708Z - info: Generating pages...
2020-01-24T07:52:15.524Z - debug: The process cannot access the file because it is being used by another process.

2020-01-24T07:52:15.541Z - debug: The process cannot access the file because it is being used by another process.

2020-01-24T07:52:15.542Z - debug: The process cannot access the file because it is being used by another process.

2020-01-24T07:52:15.542Z - debug: The process cannot access the file because it is being used by another process.

2020-01-24T07:52:15.545Z - debug: The process cannot access the file because it is being used by another process.

2020-01-24T07:52:15.545Z - debug: The process cannot access the file because it is being used by another process.

2020-01-24T07:52:15.545Z - debug: The process cannot access the file because it is being used by another process.

2020-01-24T07:52:15.547Z - debug: The process cannot access the file because it is being used by another process.

2020-01-24T07:52:15.547Z - debug: The process cannot access the file because it is being used by another process.

2020-01-24T07:52:15.547Z - debug: The process cannot access the file because it is being used by another process.

2020-01-24T07:52:15.548Z - debug: The process cannot access the file because it is being used by another process.

2020-01-24T07:52:15.548Z - debug: The process cannot access the file because it is being used by another process.

2020-01-24T07:52:16.070Z - debug: The process cannot access the file because it is being used by another process.

2020-01-24T07:52:16.070Z - debug: The process cannot access the file because it is being used by another process.

2020-01-24T07:52:16.070Z - debug: The process cannot access the file because it is being used by another process.

2020-01-24T07:52:16.071Z - debug: The process cannot access the file because it is being used by another process.

2020-01-24T07:52:16.083Z - debug: The process cannot access the file because it is being used by another process.

2020-01-24T07:52:20.615Z - debug:  
2020-01-24T07:52:20.615Z - debug:  
2020-01-24T07:52:20.861Z - debug:  
2020-01-24T07:52:20.861Z - debug:  
2020-01-24T07:53:11.528Z - info: Pages built
2020-01-24T07:53:27.838Z - info: Website generation complete! Total build time: 130.547s
2020-01-24T07:53:27.838Z - info: Build success!
2020-01-24T07:53:27.840Z - info: Site data built
2020-01-24T07:54:16.783Z - info: Deployed!
