2020-05-16T08:01:53.856Z - info: Website generation started at 4:01:43 PM
2020-05-16T08:02:01.935Z - info: Building assets...
2020-05-16T08:02:07.092Z - info: Assets built
2020-05-16T08:02:07.093Z - info: Generating pages...
2020-05-16T08:06:11.462Z - debug: The process cannot access the file because it is being used by another process.

2020-05-16T08:06:11.464Z - debug: The process cannot access the file because it is being used by another process.

2020-05-16T08:06:11.480Z - debug: The process cannot access the file because it is being used by another process.

2020-05-16T08:06:11.483Z - debug: The process cannot access the file because it is being used by another process.

2020-05-16T08:06:11.488Z - debug: The process cannot access the file because it is being used by another process.

2020-05-16T08:06:11.490Z - debug: The process cannot access the file because it is being used by another process.

2020-05-16T08:06:11.593Z - debug: The process cannot access the file because it is being used by another process.

2020-05-16T08:06:11.594Z - debug: The process cannot access the file because it is being used by another process.

2020-05-16T08:06:11.597Z - debug: The process cannot access the file because it is being used by another process.

2020-05-16T08:06:11.598Z - debug: The process cannot access the file because it is being used by another process.

2020-05-16T08:06:11.599Z - debug: The process cannot access the file because it is being used by another process.

2020-05-16T08:06:11.599Z - debug: The process cannot access the file because it is being used by another process.

2020-05-16T08:06:11.600Z - debug: The process cannot access the file because it is being used by another process.

2020-05-16T08:06:11.600Z - debug: The process cannot access the file because it is being used by another process.

2020-05-16T08:06:11.601Z - debug: The process cannot access the file because it is being used by another process.

2020-05-16T08:06:11.602Z - debug: The process cannot access the file because it is being used by another process.

2020-05-16T08:06:11.603Z - debug: The process cannot access the file because it is being used by another process.

2020-05-16T08:06:21.045Z - debug:  
2020-05-16T08:06:21.045Z - debug:  
2020-05-16T08:06:21.045Z - debug:  
2020-05-16T08:06:21.699Z - debug:  
2020-05-16T08:06:28.387Z - debug:  
2020-05-16T08:06:28.387Z - debug:  
2020-05-16T08:06:32.279Z - info: Pages built
2020-05-16T08:07:18.383Z - info: Website generation complete! Total build time: 335.205s
2020-05-16T08:07:19.453Z - info: Serving "D:\Teaching\CS2103\AY1920S2\website\_site" at http://127.0.0.1:8080
2020-05-16T08:07:19.453Z - info: Press CTRL+C to stop ...
2020-05-16T08:07:19.571Z - info: Site data built
2020-05-16T08:15:47.902Z - info: Website generation started at 4:15:37 PM
2020-05-16T08:15:56.207Z - info: Building assets...
2020-05-16T08:16:01.962Z - info: Assets built
2020-05-16T08:16:01.965Z - info: Generating pages...
2020-05-16T08:20:12.790Z - debug: The process cannot access the file because it is being used by another process.

2020-05-16T08:20:12.792Z - debug: The process cannot access the file because it is being used by another process.

2020-05-16T08:20:12.792Z - debug: The process cannot access the file because it is being used by another process.

2020-05-16T08:20:12.793Z - debug: The process cannot access the file because it is being used by another process.

2020-05-16T08:20:12.793Z - debug: The process cannot access the file because it is being used by another process.

2020-05-16T08:20:12.875Z - debug: The process cannot access the file because it is being used by another process.

2020-05-16T08:20:12.876Z - debug: The process cannot access the file because it is being used by another process.

2020-05-16T08:20:12.876Z - debug: The process cannot access the file because it is being used by another process.

2020-05-16T08:20:12.876Z - debug: The process cannot access the file because it is being used by another process.

2020-05-16T08:20:12.877Z - debug: The process cannot access the file because it is being used by another process.

2020-05-16T08:20:12.910Z - debug: The process cannot access the file because it is being used by another process.

2020-05-16T08:20:12.928Z - debug: The process cannot access the file because it is being used by another process.

2020-05-16T08:20:12.928Z - debug: The process cannot access the file because it is being used by another process.

2020-05-16T08:20:12.929Z - debug: The process cannot access the file because it is being used by another process.

2020-05-16T08:20:12.929Z - debug: The process cannot access the file because it is being used by another process.

2020-05-16T08:20:12.930Z - debug: The process cannot access the file because it is being used by another process.

2020-05-16T08:20:13.017Z - debug: The process cannot access the file because it is being used by another process.

2020-05-16T08:20:21.739Z - debug:  
2020-05-16T08:20:21.740Z - debug:  
2020-05-16T08:20:23.479Z - debug:  
2020-05-16T08:20:23.479Z - debug:  
2020-05-16T08:20:30.039Z - debug:  
2020-05-16T08:20:30.040Z - debug:  
2020-05-16T08:20:33.607Z - info: Pages built
2020-05-16T08:21:20.784Z - info: Website generation complete! Total build time: 343.071s
2020-05-16T08:21:20.785Z - info: Build success!
2020-05-16T08:21:20.796Z - info: Site data built
2020-05-16T08:22:23.235Z - info: Deployed!
