2020-02-10T07:20:15.071Z - info: Website generation started at 3:20:13 PM
2020-02-10T07:20:17.272Z - info: Building assets...
2020-02-10T07:20:19.078Z - info: Assets built
2020-02-10T07:20:19.079Z - info: Generating pages...
2020-02-10T07:21:15.953Z - debug: The process cannot access the file because it is being used by another process.

2020-02-10T07:21:15.954Z - debug: The process cannot access the file because it is being used by another process.

2020-02-10T07:21:15.955Z - debug: The process cannot access the file because it is being used by another process.

2020-02-10T07:21:15.955Z - debug: The process cannot access the file because it is being used by another process.

2020-02-10T07:21:15.955Z - debug: The process cannot access the file because it is being used by another process.

2020-02-10T07:21:15.955Z - debug: The process cannot access the file because it is being used by another process.

2020-02-10T07:21:15.955Z - debug: The process cannot access the file because it is being used by another process.

2020-02-10T07:21:15.956Z - debug: The process cannot access the file because it is being used by another process.

2020-02-10T07:21:15.956Z - debug: The process cannot access the file because it is being used by another process.

2020-02-10T07:21:15.956Z - debug: The process cannot access the file because it is being used by another process.

2020-02-10T07:21:15.956Z - debug: The process cannot access the file because it is being used by another process.

2020-02-10T07:21:15.958Z - debug: The process cannot access the file because it is being used by another process.

2020-02-10T07:21:16.417Z - debug: The process cannot access the file because it is being used by another process.

2020-02-10T07:21:16.418Z - debug: The process cannot access the file because it is being used by another process.

2020-02-10T07:21:16.418Z - debug: The process cannot access the file because it is being used by another process.

2020-02-10T07:21:16.418Z - debug: The process cannot access the file because it is being used by another process.

2020-02-10T07:21:16.431Z - debug: The process cannot access the file because it is being used by another process.

2020-02-10T07:21:23.047Z - debug:  
2020-02-10T07:21:23.048Z - debug:  
2020-02-10T07:21:23.048Z - debug:  
2020-02-10T07:21:25.795Z - debug:  
2020-02-10T07:22:13.343Z - info: Pages built
2020-02-10T07:22:29.201Z - info: Website generation complete! Total build time: 135.248s
2020-02-10T07:22:29.557Z - info: Serving "E:\Teaching\CS2103\CS2103-AY1920S2\website\_site" at http://127.0.0.1:8080
2020-02-10T07:22:29.557Z - info: Press CTRL+C to stop ...
2020-02-10T07:22:29.647Z - info: Site data built
2020-02-10T07:28:41.700Z - info: [3:28:41 PM] Reload for file change: E:\Teaching\CS2103\CS2103-AY1920S2\website\schedule\week5\tutorial-cs2103.mbdf
2020-02-10T07:28:42.705Z - info: Rebuilding affected source files
2020-02-10T07:28:42.710Z - info: Rebuilding 1 pages
2020-02-10T07:28:42.909Z - info: Pages rebuilt
2020-02-10T07:28:42.912Z - info: Site data built
2020-02-10T07:29:32.771Z - info: [3:29:32 PM] Reload for file change: E:\Teaching\CS2103\CS2103-AY1920S2\website\schedule\week5\tutorial-cs2103.mbdf
2020-02-10T07:29:33.773Z - info: Rebuilding affected source files
2020-02-10T07:29:33.774Z - info: Rebuilding 1 pages
2020-02-10T07:29:33.910Z - info: Pages rebuilt
2020-02-10T07:29:33.918Z - info: Site data built
2020-02-10T07:30:10.819Z - info: [3:30:10 PM] Reload for file change: E:\Teaching\CS2103\CS2103-AY1920S2\website\schedule\week5\tutorial-cs2103.mbdf
2020-02-10T07:30:11.822Z - info: Rebuilding affected source files
2020-02-10T07:30:11.824Z - info: Rebuilding 1 pages
2020-02-10T07:30:11.949Z - info: Pages rebuilt
2020-02-10T07:30:11.951Z - info: Site data built
2020-02-10T07:30:27.076Z - info: [3:30:27 PM] Reload for file change: E:\Teaching\CS2103\CS2103-AY1920S2\website\schedule\week5\tutorial-cs2103.mbdf
2020-02-10T07:30:28.077Z - info: Rebuilding affected source files
2020-02-10T07:30:28.078Z - info: Rebuilding 1 pages
2020-02-10T07:30:28.203Z - info: Pages rebuilt
2020-02-10T07:30:28.206Z - info: Site data built
2020-02-10T08:17:33.990Z - info: Website generation started at 4:17:32 PM
2020-02-10T08:17:36.053Z - info: Building assets...
