2020-02-21T03:30:50.347Z - info: Website generation started at 11:30:49 AM
2020-02-21T03:30:52.424Z - info: Building assets...
2020-02-21T03:30:54.056Z - info: Assets built
2020-02-21T03:30:54.057Z - info: Generating pages...
2020-02-21T03:30:55.359Z - info: Pages built
2020-02-21T03:30:55.664Z - info: Website generation complete! Total build time: 6.481s
2020-02-21T03:30:56.026Z - info: Serving "E:\Teaching\CS2103\CS2103-AY1920S2\website\_site" at http://127.0.0.1:8080
2020-02-21T03:30:56.026Z - info: Press CTRL+C to stop ...
2020-02-21T03:30:56.116Z - info: Site data built
2020-02-21T04:18:00.196Z - info: Website generation started at 12:17:59 PM
2020-02-21T04:18:02.159Z - info: Building assets...
2020-02-21T04:18:03.690Z - info: Assets built
2020-02-21T04:18:03.690Z - info: Generating pages...
2020-02-21T04:18:04.957Z - info: Pages built
2020-02-21T04:18:05.257Z - info: Website generation complete! Total build time: 5.54s
2020-02-21T04:18:05.617Z - info: Serving "E:\Teaching\CS2103\CS2103-AY1920S2\website\_site" at http://127.0.0.1:8080
2020-02-21T04:18:05.618Z - info: Press CTRL+C to stop ...
2020-02-21T04:18:05.700Z - info: Site data built
2020-02-21T04:18:29.889Z - info: Website generation started at 12:18:29 PM
2020-02-21T04:18:31.958Z - info: Building assets...
2020-02-21T04:18:33.448Z - info: Assets built
2020-02-21T04:18:33.449Z - info: Generating pages...
2020-02-21T04:19:27.066Z - debug: The process cannot access the file because it is being used by another process.

2020-02-21T04:19:27.067Z - debug: The process cannot access the file because it is being used by another process.

2020-02-21T04:19:27.067Z - debug: The process cannot access the file because it is being used by another process.

2020-02-21T04:19:27.068Z - debug: The process cannot access the file because it is being used by another process.

2020-02-21T04:19:27.068Z - debug: The process cannot access the file because it is being used by another process.

2020-02-21T04:19:27.079Z - debug: The process cannot access the file because it is being used by another process.

2020-02-21T04:19:27.080Z - debug: The process cannot access the file because it is being used by another process.

2020-02-21T04:19:27.080Z - debug: The process cannot access the file because it is being used by another process.

2020-02-21T04:19:27.080Z - debug: The process cannot access the file because it is being used by another process.

2020-02-21T04:19:27.080Z - debug: The process cannot access the file because it is being used by another process.

2020-02-21T04:19:27.080Z - debug: The process cannot access the file because it is being used by another process.

2020-02-21T04:19:27.080Z - debug: The process cannot access the file because it is being used by another process.

2020-02-21T04:19:27.081Z - debug: The process cannot access the file because it is being used by another process.

2020-02-21T04:19:27.084Z - debug: The process cannot access the file because it is being used by another process.

2020-02-21T04:19:27.142Z - debug: The process cannot access the file because it is being used by another process.

2020-02-21T04:19:27.144Z - debug: The process cannot access the file because it is being used by another process.

2020-02-21T04:19:27.147Z - debug: The process cannot access the file because it is being used by another process.

2020-02-21T04:19:33.102Z - debug:  
2020-02-21T04:19:33.102Z - debug:  
2020-02-21T04:19:35.531Z - debug:  
2020-02-21T04:19:35.532Z - debug:  
2020-02-21T04:20:19.547Z - info: Pages built
2020-02-21T04:20:35.035Z - info: Website generation complete! Total build time: 125.613s
2020-02-21T04:20:35.404Z - info: Serving "E:\Teaching\CS2103\CS2103-AY1920S2\website\_site" at http://127.0.0.1:8080
2020-02-21T04:20:35.405Z - info: Press CTRL+C to stop ...
2020-02-21T04:20:35.491Z - info: Site data built
2020-02-21T04:41:04.187Z - info: Website generation started at 12:41:03 PM
2020-02-21T04:41:06.085Z - info: Building assets...
2020-02-21T04:41:07.639Z - info: Assets built
2020-02-21T04:41:07.640Z - info: Generating pages...
2020-02-21T04:41:59.827Z - debug: The process cannot access the file because it is being used by another process.

2020-02-21T04:41:59.827Z - debug: The process cannot access the file because it is being used by another process.

2020-02-21T04:41:59.828Z - debug: The process cannot access the file because it is being used by another process.

2020-02-21T04:41:59.828Z - debug: The process cannot access the file because it is being used by another process.

2020-02-21T04:41:59.828Z - debug: The process cannot access the file because it is being used by another process.

2020-02-21T04:41:59.829Z - debug: The process cannot access the file because it is being used by another process.

2020-02-21T04:41:59.926Z - debug: The process cannot access the file because it is being used by another process.

2020-02-21T04:42:03.142Z - debug:  
2020-02-21T04:42:04.908Z - debug:  
2020-02-21T04:42:50.190Z - info: Pages built
2020-02-21T04:43:05.301Z - info: Website generation complete! Total build time: 122.127s
2020-02-21T04:43:05.663Z - info: Serving "E:\Teaching\CS2103\CS2103-AY1920S2\website\_site" at http://127.0.0.1:8080
2020-02-21T04:43:05.664Z - info: Press CTRL+C to stop ...
2020-02-21T04:43:05.744Z - info: Site data built
2020-02-21T04:45:09.310Z - info: Website generation started at 12:45:08 PM
2020-02-21T04:45:11.361Z - info: Building assets...
2020-02-21T04:45:12.951Z - info: Assets built
2020-02-21T04:45:12.951Z - info: Generating pages...
2020-02-21T04:46:06.801Z - debug: The process cannot access the file because it is being used by another process.

2020-02-21T04:46:06.828Z - debug: The process cannot access the file because it is being used by another process.

2020-02-21T04:46:06.830Z - debug: The process cannot access the file because it is being used by another process.

2020-02-21T04:46:06.830Z - debug: The process cannot access the file because it is being used by another process.

2020-02-21T04:46:06.830Z - debug: The process cannot access the file because it is being used by another process.

2020-02-21T04:46:06.831Z - debug: The process cannot access the file because it is being used by another process.

2020-02-21T04:46:07.206Z - debug: The process cannot access the file because it is being used by another process.

2020-02-21T04:46:10.627Z - debug:  
2020-02-21T04:46:10.628Z - debug:  
2020-02-21T04:47:01.439Z - info: Pages built
2020-02-21T04:47:17.068Z - info: Website generation complete! Total build time: 128.798s
2020-02-21T04:47:17.069Z - info: Build success!
2020-02-21T04:47:17.073Z - info: Site data built
2020-02-21T04:48:08.308Z - info: Deployed!
