2020-03-16T03:55:39.998Z - info: Website generation started at 11:55:34
2020-03-16T03:55:43.828Z - info: Building assets...
2020-03-16T03:55:47.153Z - info: Assets built
2020-03-16T03:55:47.154Z - info: Generating pages...
2020-03-16T03:57:53.027Z - debug: The process cannot access the file because it is being used by another process.

2020-03-16T03:57:53.029Z - debug: The process cannot access the file because it is being used by another process.

2020-03-16T03:57:53.033Z - debug: The process cannot access the file because it is being used by another process.

2020-03-16T03:57:53.039Z - debug: The process cannot access the file because it is being used by another process.

2020-03-16T03:57:53.041Z - debug: The process cannot access the file because it is being used by another process.

2020-03-16T03:57:53.042Z - debug: The process cannot access the file because it is being used by another process.

2020-03-16T03:57:53.042Z - debug: The process cannot access the file because it is being used by another process.

2020-03-16T03:57:53.043Z - debug: The process cannot access the file because it is being used by another process.

2020-03-16T03:57:53.043Z - debug: The process cannot access the file because it is being used by another process.

2020-03-16T03:57:53.044Z - debug: The process cannot access the file because it is being used by another process.

2020-03-16T03:57:53.044Z - debug: The process cannot access the file because it is being used by another process.

2020-03-16T03:57:53.045Z - debug: The process cannot access the file because it is being used by another process.

2020-03-16T03:57:53.045Z - debug: The process cannot access the file because it is being used by another process.

2020-03-16T03:57:53.973Z - debug: The process cannot access the file because it is being used by another process.

2020-03-16T03:57:53.973Z - debug: The process cannot access the file because it is being used by another process.

2020-03-16T03:57:53.973Z - debug: The process cannot access the file because it is being used by another process.

2020-03-16T03:57:53.974Z - debug: The process cannot access the file because it is being used by another process.

2020-03-16T03:57:53.974Z - debug: The process cannot access the file because it is being used by another process.

2020-03-16T03:57:53.974Z - debug: The process cannot access the file because it is being used by another process.

2020-03-16T03:57:53.974Z - debug: The process cannot access the file because it is being used by another process.

2020-03-16T03:57:53.975Z - debug: The process cannot access the file because it is being used by another process.

2020-03-16T03:57:53.976Z - debug: The process cannot access the file because it is being used by another process.

2020-03-16T03:57:53.977Z - debug: The process cannot access the file because it is being used by another process.

2020-03-16T03:57:53.977Z - debug: The process cannot access the file because it is being used by another process.

2020-03-16T03:57:53.977Z - debug: The process cannot access the file because it is being used by another process.

2020-03-16T03:57:53.978Z - debug: The process cannot access the file because it is being used by another process.

2020-03-16T03:57:53.979Z - debug: The process cannot access the file because it is being used by another process.

2020-03-16T03:57:53.979Z - debug: The process cannot access the file because it is being used by another process.

2020-03-16T03:57:53.980Z - debug: The process cannot access the file because it is being used by another process.

2020-03-16T03:57:53.981Z - debug: The process cannot access the file because it is being used by another process.

2020-03-16T03:57:53.989Z - debug: The process cannot access the file because it is being used by another process.

2020-03-16T03:58:39.622Z - debug:  
2020-03-16T03:58:39.622Z - debug:  
2020-03-16T03:58:39.622Z - debug:  
2020-03-16T03:58:39.622Z - debug:  
2020-03-16T03:59:40.753Z - info: Pages built
2020-03-16T04:00:47.536Z - info: Website generation complete! Total build time: 313.351s
2020-03-16T04:00:48.445Z - info: Serving "D:\Teaching\CS2103-AY1920S2\website\_site" at http://127.0.0.1:8080
2020-03-16T04:00:48.446Z - info: Press CTRL+C to stop ...
2020-03-16T04:00:48.561Z - info: Site data built
2020-03-16T04:04:11.438Z - info: [12:04:11] Reload for file change: D:\Teaching\CS2103-AY1920S2\website\admin\tp-tasks.mbdf
2020-03-16T04:04:12.444Z - info: Rebuilding affected source files
2020-03-16T04:04:12.455Z - info: Rebuilding 38 pages
2020-03-16T04:05:00.307Z - info: Pages rebuilt
2020-03-16T04:05:00.346Z - info: Site data built
2020-03-16T04:07:02.239Z - info: Website generation started at 12:06:55
2020-03-16T04:07:05.930Z - info: Building assets...
2020-03-16T04:07:09.447Z - info: Assets built
2020-03-16T04:07:09.450Z - info: Generating pages...
2020-03-16T04:09:38.439Z - debug: The process cannot access the file because it is being used by another process.

2020-03-16T04:09:38.441Z - debug: The process cannot access the file because it is being used by another process.

2020-03-16T04:09:38.442Z - debug: The process cannot access the file because it is being used by another process.

2020-03-16T04:09:38.442Z - debug: The process cannot access the file because it is being used by another process.

2020-03-16T04:09:38.442Z - debug: The process cannot access the file because it is being used by another process.

2020-03-16T04:09:38.443Z - debug: The process cannot access the file because it is being used by another process.

2020-03-16T04:09:38.444Z - debug: The process cannot access the file because it is being used by another process.

2020-03-16T04:09:38.444Z - debug: The process cannot access the file because it is being used by another process.

2020-03-16T04:09:38.444Z - debug: The process cannot access the file because it is being used by another process.

2020-03-16T04:09:38.444Z - debug: The process cannot access the file because it is being used by another process.

2020-03-16T04:09:38.445Z - debug: The process cannot access the file because it is being used by another process.

2020-03-16T04:09:38.445Z - debug: The process cannot access the file because it is being used by another process.

2020-03-16T04:09:38.446Z - debug: The process cannot access the file because it is being used by another process.

2020-03-16T04:09:38.446Z - debug: The process cannot access the file because it is being used by another process.

2020-03-16T04:09:38.447Z - debug: The process cannot access the file because it is being used by another process.

2020-03-16T04:09:38.447Z - debug: The process cannot access the file because it is being used by another process.

2020-03-16T04:09:38.447Z - debug: The process cannot access the file because it is being used by another process.

2020-03-16T04:09:38.448Z - debug: The process cannot access the file because it is being used by another process.

2020-03-16T04:09:38.448Z - debug: The process cannot access the file because it is being used by another process.

2020-03-16T04:09:38.448Z - debug: The process cannot access the file because it is being used by another process.

2020-03-16T04:09:38.449Z - debug: The process cannot access the file because it is being used by another process.

2020-03-16T04:09:38.449Z - debug: The process cannot access the file because it is being used by another process.

2020-03-16T04:09:38.450Z - debug: The process cannot access the file because it is being used by another process.

2020-03-16T04:09:38.457Z - debug: The process cannot access the file because it is being used by another process.

2020-03-16T04:09:38.458Z - debug: The process cannot access the file because it is being used by another process.

2020-03-16T04:09:38.458Z - debug: The process cannot access the file because it is being used by another process.

2020-03-16T04:09:39.161Z - debug: The process cannot access the file because it is being used by another process.

2020-03-16T04:09:39.162Z - debug: The process cannot access the file because it is being used by another process.

2020-03-16T04:09:39.163Z - debug: The process cannot access the file because it is being used by another process.

2020-03-16T04:09:39.163Z - debug: The process cannot access the file because it is being used by another process.

2020-03-16T04:09:39.353Z - debug: The process cannot access the file because it is being used by another process.

2020-03-16T04:10:55.144Z - debug:  
2020-03-16T04:10:55.144Z - debug:  
2020-03-16T04:10:55.144Z - debug:  
2020-03-16T04:10:55.145Z - debug:  
2020-03-16T04:11:25.559Z - info: Pages built
2020-03-16T04:11:58.076Z - info: Website generation complete! Total build time: 302.231s
2020-03-16T04:11:58.490Z - info: Serving "D:\Teaching\CS2103-AY1920S2\website\_site" at http://127.0.0.1:8080
2020-03-16T04:11:58.491Z - info: Press CTRL+C to stop ...
2020-03-16T04:11:58.560Z - info: Site data built
