2020-01-07T06:52:23.544Z - info: Website generation started at 2:52:22 PM
2020-01-07T06:52:26.628Z - info: Building assets...
2020-01-07T06:52:29.115Z - info: Assets built
2020-01-07T06:52:29.116Z - info: Generating pages...
2020-01-07T06:53:26.346Z - debug: The process cannot access the file because it is being used by another process.

2020-01-07T06:53:26.346Z - debug: The process cannot access the file because it is being used by another process.

2020-01-07T06:53:26.346Z - debug: The process cannot access the file because it is being used by another process.

2020-01-07T06:53:26.346Z - debug: The process cannot access the file because it is being used by another process.

2020-01-07T06:53:26.346Z - debug: The process cannot access the file because it is being used by another process.

2020-01-07T06:53:26.346Z - debug: The process cannot access the file because it is being used by another process.

2020-01-07T06:53:26.347Z - debug: The process cannot access the file because it is being used by another process.

2020-01-07T06:53:26.347Z - debug: The process cannot access the file because it is being used by another process.

2020-01-07T06:53:26.348Z - debug: The process cannot access the file because it is being used by another process.

2020-01-07T06:53:26.348Z - debug: The process cannot access the file because it is being used by another process.

2020-01-07T06:53:26.348Z - debug: The process cannot access the file because it is being used by another process.

2020-01-07T06:53:26.348Z - debug: The process cannot access the file because it is being used by another process.

2020-01-07T06:53:26.349Z - debug: The process cannot access the file because it is being used by another process.

2020-01-07T06:53:26.349Z - debug: The process cannot access the file because it is being used by another process.

2020-01-07T06:53:26.456Z - debug: The process cannot access the file because it is being used by another process.

2020-01-07T06:53:26.461Z - debug: The process cannot access the file because it is being used by another process.

2020-01-07T06:53:26.464Z - debug: The process cannot access the file because it is being used by another process.

2020-01-07T06:53:32.969Z - debug:  
2020-01-07T06:53:32.969Z - debug:  
2020-01-07T06:53:32.969Z - debug:  
2020-01-07T06:53:32.969Z - debug:  
2020-01-07T06:54:22.995Z - info: Pages built
2020-01-07T06:54:39.619Z - info: Website generation complete! Total build time: 137.535s
2020-01-07T06:54:39.972Z - info: Serving "C:\repos\nus-cs2103-AY1920S2\cs2103-website\_site" at http://127.0.0.1:8080
2020-01-07T06:54:39.972Z - info: Press CTRL+C to stop ...
2020-01-07T06:54:40.070Z - info: Site data built
2020-01-07T07:10:46.473Z - info: Website generation started at 3:10:45 PM
2020-01-07T07:10:48.917Z - info: Building assets...
