2019-12-20T10:10:41.919Z - info: Website generation started at 18:10:41
2019-12-20T10:10:44.468Z - info: Building assets...
2019-12-20T10:10:46.910Z - info: Assets built
2019-12-20T10:10:46.911Z - info: Generating pages...
2019-12-20T10:13:53.730Z - info: Pages built
2019-12-20T10:14:26.605Z - info: Website generation complete! Total build time: 224.701s
2019-12-20T10:14:26.912Z - info: Serving "C:\repos\nus-cs2103-AY1920S2\cs2103-website\_site" at http://127.0.0.1:8080
2019-12-20T10:14:26.912Z - info: Press CTRL+C to stop ...
2019-12-20T10:14:27.035Z - info: Site data built
2019-12-20T10:18:20.601Z - info: [18:18:20] Reload for file add: C:\repos\nus-cs2103-AY1920S2\cs2103-website\cs2103-website.iml
2019-12-20T10:18:20.609Z - info: [18:18:20] Reload for file change: C:\repos\nus-cs2103-AY1920S2\cs2103-website\cs2103-website.iml
2019-12-20T10:18:21.669Z - info: Assets built
2019-12-20T10:19:28.710Z - info: [18:19:28] Reload for file change: C:\repos\nus-cs2103-AY1920S2\cs2103-website\cs2103-website.iml
2019-12-20T10:19:29.741Z - info: Assets built
2019-12-20T10:19:34.703Z - info: [18:19:34] Reload for file change: C:\repos\nus-cs2103-AY1920S2\cs2103-website\cs2103-website.iml
2019-12-20T10:19:35.785Z - info: Assets built
2019-12-20T10:22:10.980Z - info: [18:22:10] Reload for file change: C:\repos\nus-cs2103-AY1920S2\cs2103-website\admin\project-grading.md
2019-12-20T10:22:11.998Z - info: Rebuilding affected source files
2019-12-20T10:22:12.021Z - info: Rebuilding 16 pages
2019-12-20T10:22:28.043Z - info: Pages rebuilt
2019-12-20T10:22:28.134Z - info: Site data built
2019-12-20T10:24:17.671Z - info: [18:24:17] Reload for file change: C:\repos\nus-cs2103-AY1920S2\cs2103-website\admin\project-grading.md
2019-12-20T10:24:18.679Z - info: Rebuilding affected source files
2019-12-20T10:24:18.699Z - info: Rebuilding 16 pages
2019-12-20T10:24:34.609Z - info: Pages rebuilt
2019-12-20T10:24:34.630Z - info: Site data built
2019-12-20T10:25:30.933Z - info: [18:25:30] Reload for file change: C:\repos\nus-cs2103-AY1920S2\cs2103-website\admin\project-grading.md
2019-12-20T10:25:31.935Z - info: Rebuilding affected source files
2019-12-20T10:25:31.946Z - info: Rebuilding 16 pages
2019-12-20T10:25:49.631Z - info: Pages rebuilt
2019-12-20T10:25:49.652Z - info: Site data built
2019-12-20T10:26:25.623Z - info: [18:26:25] Reload for file change: C:\repos\nus-cs2103-AY1920S2\cs2103-website\admin\project-grading.md
2019-12-20T10:26:26.641Z - info: Rebuilding affected source files
2019-12-20T10:26:26.651Z - info: Rebuilding 16 pages
2019-12-20T10:26:41.896Z - info: Pages rebuilt
2019-12-20T10:26:42.000Z - info: Site data built
2019-12-20T10:28:42.074Z - info: [18:28:42] Reload for file change: C:\repos\nus-cs2103-AY1920S2\cs2103-website\admin\project-grading.md
2019-12-20T10:28:43.080Z - info: Rebuilding affected source files
2019-12-20T10:28:43.086Z - info: Rebuilding 16 pages
2019-12-20T10:28:59.817Z - info: Pages rebuilt
2019-12-20T10:28:59.826Z - info: Site data built
2019-12-20T10:29:25.878Z - info: [18:29:25] Reload for file change: C:\repos\nus-cs2103-AY1920S2\cs2103-website\admin\project-grading.md
2019-12-20T10:29:26.885Z - info: Rebuilding affected source files
2019-12-20T10:29:26.893Z - info: Rebuilding 16 pages
2019-12-20T10:29:40.989Z - info: [18:29:40] Reload for file change: C:\repos\nus-cs2103-AY1920S2\cs2103-website\admin\project-grading.md
2019-12-20T10:29:46.248Z - info: Pages rebuilt
2019-12-20T10:29:46.268Z - info: Site data built
2019-12-20T10:29:46.379Z - info: Rebuilding affected source files
2019-12-20T10:29:46.385Z - info: Rebuilding 16 pages
2019-12-20T10:30:02.782Z - info: Pages rebuilt
2019-12-20T10:30:02.793Z - info: Site data built
2019-12-20T10:31:17.189Z - info: [18:31:17] Reload for file change: C:\repos\nus-cs2103-AY1920S2\cs2103-website\admin\project-grading.md
2019-12-20T10:31:18.191Z - info: Rebuilding affected source files
2019-12-20T10:31:18.201Z - info: Rebuilding 16 pages
2019-12-20T10:31:36.302Z - info: Pages rebuilt
2019-12-20T10:31:36.318Z - info: Site data built
2019-12-20T10:32:42.758Z - info: [18:32:42] Reload for file change: C:\repos\nus-cs2103-AY1920S2\cs2103-website\admin\project-grading.md
2019-12-20T10:32:43.764Z - info: Rebuilding affected source files
2019-12-20T10:32:43.770Z - info: Rebuilding 16 pages
2019-12-20T10:33:02.142Z - info: Pages rebuilt
2019-12-20T10:33:02.168Z - info: Site data built
2019-12-20T10:34:58.576Z - info: [18:34:58] Reload for file change: C:\repos\nus-cs2103-AY1920S2\cs2103-website\admin\project-grading.md
2019-12-20T10:34:59.582Z - info: Rebuilding affected source files
2019-12-20T10:34:59.597Z - info: Rebuilding 16 pages
2019-12-20T10:35:16.212Z - info: Pages rebuilt
2019-12-20T10:35:16.235Z - info: Site data built
2019-12-20T10:35:58.474Z - info: [18:35:58] Reload for file change: C:\repos\nus-cs2103-AY1920S2\cs2103-website\admin\project-grading.md
2019-12-20T10:35:59.428Z - info: Rebuilding affected source files
2019-12-20T10:35:59.439Z - info: Rebuilding 16 pages
2019-12-20T10:36:15.989Z - info: Pages rebuilt
2019-12-20T10:36:16.007Z - info: Site data built
2019-12-20T10:36:49.579Z - info: [18:36:49] Reload for file change: C:\repos\nus-cs2103-AY1920S2\cs2103-website\admin\project-grading.md
2019-12-20T10:36:50.581Z - info: Rebuilding affected source files
2019-12-20T10:36:50.590Z - info: Rebuilding 16 pages
2019-12-20T10:37:07.035Z - info: Pages rebuilt
2019-12-20T10:37:07.052Z - info: Site data built
2019-12-20T10:38:07.539Z - info: [18:38:07] Reload for file change: C:\repos\nus-cs2103-AY1920S2\cs2103-website\admin\project-grading.md
2019-12-20T10:38:08.547Z - info: Rebuilding affected source files
2019-12-20T10:38:08.551Z - info: Rebuilding 16 pages
2019-12-20T10:38:30.129Z - info: Pages rebuilt
2019-12-20T10:38:30.146Z - info: Site data built
2019-12-20T10:39:46.417Z - info: [18:39:46] Reload for file change: C:\repos\nus-cs2103-AY1920S2\cs2103-website\admin\project-grading.md
2019-12-20T10:39:47.418Z - info: Rebuilding affected source files
2019-12-20T10:39:47.421Z - info: Rebuilding 16 pages
2019-12-20T10:40:05.557Z - info: Pages rebuilt
2019-12-20T10:40:05.573Z - info: Site data built
2019-12-20T10:41:15.118Z - info: [18:41:15] Reload for file change: C:\repos\nus-cs2103-AY1920S2\cs2103-website\admin\project-grading.md
2019-12-20T10:41:16.119Z - info: Rebuilding affected source files
2019-12-20T10:41:16.122Z - info: Rebuilding 16 pages
2019-12-20T10:41:33.986Z - info: Pages rebuilt
2019-12-20T10:41:34.002Z - info: Site data built
2019-12-20T10:42:21.818Z - info: [18:42:21] Reload for file change: C:\repos\nus-cs2103-AY1920S2\cs2103-website\admin\project-grading.md
2019-12-20T10:42:22.820Z - info: Rebuilding affected source files
2019-12-20T10:42:22.823Z - info: Rebuilding 16 pages
2019-12-20T10:42:40.553Z - info: Pages rebuilt
2019-12-20T10:42:40.657Z - info: Site data built
2019-12-20T10:43:17.414Z - info: [18:43:17] Reload for file change: C:\repos\nus-cs2103-AY1920S2\cs2103-website\admin\project-grading.md
2019-12-20T10:43:18.431Z - info: Rebuilding affected source files
2019-12-20T10:43:18.434Z - info: Rebuilding 16 pages
2019-12-20T10:43:36.422Z - info: Pages rebuilt
2019-12-20T10:43:36.441Z - info: Site data built
2019-12-20T10:44:23.496Z - info: [18:44:23] Reload for file change: C:\repos\nus-cs2103-AY1920S2\cs2103-website\admin\project-grading.md
2019-12-20T10:44:24.497Z - info: Rebuilding affected source files
2019-12-20T10:44:24.500Z - info: Rebuilding 16 pages
2019-12-20T10:44:42.939Z - info: Pages rebuilt
2019-12-20T10:44:42.959Z - info: Site data built
2019-12-20T10:45:18.365Z - info: [18:45:18] Reload for file change: C:\repos\nus-cs2103-AY1920S2\cs2103-website\admin\project-grading.md
2019-12-20T10:45:19.368Z - info: Rebuilding affected source files
2019-12-20T10:45:19.372Z - info: Rebuilding 16 pages
2019-12-20T10:45:37.177Z - info: Pages rebuilt
2019-12-20T10:45:37.192Z - info: Site data built
2019-12-20T10:45:59.553Z - info: [18:45:59] Reload for file change: C:\repos\nus-cs2103-AY1920S2\cs2103-website\admin\project-grading.md
2019-12-20T10:46:00.560Z - info: Rebuilding affected source files
2019-12-20T10:46:00.564Z - info: Rebuilding 16 pages
2019-12-20T10:46:18.139Z - info: Pages rebuilt
2019-12-20T10:46:18.160Z - info: Site data built
2019-12-20T10:50:34.958Z - info: [18:50:34] Reload for file change: C:\repos\nus-cs2103-AY1920S2\cs2103-website\admin\project-grading.md
2019-12-20T10:50:35.987Z - info: Rebuilding affected source files
2019-12-20T10:50:35.992Z - info: Rebuilding 16 pages
2019-12-20T10:50:57.040Z - info: Pages rebuilt
2019-12-20T10:50:57.058Z - info: Site data built
2019-12-20T10:51:04.379Z - info: [18:51:04] Reload for file change: C:\repos\nus-cs2103-AY1920S2\cs2103-website\admin\project-grading.md
2019-12-20T10:51:05.389Z - info: Rebuilding affected source files
2019-12-20T10:51:05.393Z - info: Rebuilding 16 pages
2019-12-20T10:51:23.393Z - info: Pages rebuilt
2019-12-20T10:51:23.403Z - info: Site data built
2019-12-20T10:56:00.279Z - info: [18:56:00] Reload for file change: C:\repos\nus-cs2103-AY1920S2\cs2103-website\admin\peerEvaluations.md
2019-12-20T10:56:01.303Z - info: Rebuilding affected source files
2019-12-20T10:56:01.310Z - info: Rebuilding 6 pages
2019-12-20T10:56:06.317Z - info: Pages rebuilt
2019-12-20T10:56:06.398Z - info: Site data built
2019-12-20T10:56:46.493Z - info: [18:56:46] Reload for file change: C:\repos\nus-cs2103-AY1920S2\cs2103-website\admin\peerEvaluations.md
2019-12-20T10:56:47.499Z - info: Rebuilding affected source files
2019-12-20T10:56:47.501Z - info: Rebuilding 6 pages
2019-12-20T10:56:52.296Z - info: Pages rebuilt
2019-12-20T10:56:52.316Z - info: Site data built
2019-12-20T10:58:56.735Z - info: [18:58:56] Reload for file change: C:\repos\nus-cs2103-AY1920S2\cs2103-website\admin\peerEvaluations.md
2019-12-20T10:58:57.741Z - info: Rebuilding affected source files
2019-12-20T10:58:57.743Z - info: Rebuilding 6 pages
2019-12-20T10:59:02.744Z - info: Pages rebuilt
2019-12-20T10:59:02.826Z - info: Site data built
2019-12-20T11:00:14.689Z - info: [19:00:14] Reload for file change: C:\repos\nus-cs2103-AY1920S2\cs2103-website\admin\peerEvaluations.md
2019-12-20T11:00:15.709Z - info: Rebuilding affected source files
2019-12-20T11:00:15.709Z - info: Rebuilding 6 pages
2019-12-20T11:00:21.721Z - info: Pages rebuilt
2019-12-20T11:00:21.808Z - info: Site data built
2019-12-20T11:03:50.475Z - info: [19:03:50] Reload for file change: C:\repos\nus-cs2103-AY1920S2\cs2103-website\admin\peerEvaluations.md
2019-12-20T11:03:51.478Z - info: Rebuilding affected source files
2019-12-20T11:03:51.486Z - info: Rebuilding 6 pages
2019-12-20T11:03:59.894Z - info: Pages rebuilt
2019-12-20T11:03:59.984Z - info: Site data built
2019-12-20T11:05:43.403Z - info: [19:05:43] Reload for file change: C:\repos\nus-cs2103-AY1920S2\cs2103-website\admin\peerEvaluations.md
2019-12-20T11:05:44.413Z - info: Rebuilding affected source files
2019-12-20T11:05:44.413Z - info: Rebuilding 6 pages
2019-12-20T11:05:54.405Z - info: Pages rebuilt
2019-12-20T11:05:54.421Z - info: Site data built
2019-12-20T11:09:03.024Z - info: [19:09:03] Reload for file change: C:\repos\nus-cs2103-AY1920S2\cs2103-website\admin\tools.md
2019-12-20T11:09:04.041Z - info: Rebuilding affected source files
2019-12-20T11:09:04.049Z - info: Rebuilding 14 pages
2019-12-20T11:09:23.532Z - info: Pages rebuilt
2019-12-20T11:09:23.548Z - info: [19:09:23] Reload for file change: C:\repos\nus-cs2103-AY1920S2\cs2103-website\admin\tools.md
2019-12-20T11:09:23.568Z - info: Site data built
2019-12-20T11:09:24.552Z - info: Rebuilding affected source files
2019-12-20T11:09:24.568Z - info: Rebuilding 14 pages
2019-12-20T11:09:42.538Z - info: Pages rebuilt
2019-12-20T11:09:42.567Z - info: Site data built
2019-12-20T11:10:53.609Z - info: [19:10:53] Reload for file change: C:\repos\nus-cs2103-AY1920S2\cs2103-website\admin\tools.md
2019-12-20T11:10:54.629Z - info: Rebuilding affected source files
2019-12-20T11:10:54.633Z - info: Rebuilding 14 pages
2019-12-20T11:11:11.492Z - info: Pages rebuilt
2019-12-20T11:11:11.512Z - info: Site data built
2019-12-20T11:13:30.456Z - info: [19:13:30] Reload for file add: C:\repos\nus-cs2103-AY1920S2\cs2103-website\admin\tools-reposense.md
2019-12-20T11:13:30.516Z - info: [19:13:30] Reload for file deletion: C:\repos\nus-cs2103-AY1920S2\cs2103-website\admin\reposenseCompatibility.md
2019-12-20T11:13:31.460Z - warn: Rebuilding all source files
2019-12-20T11:13:35.595Z - info: Assets removed
2019-12-20T11:13:35.595Z - info: Generating pages...
2019-12-20T11:13:36.718Z - error:  Error: No such file: C:\repos\nus-cs2103-AY1920S2\cs2103-website\admin\reposenseCompatibility.md
Missing reference in C:\repos\nus-cs2103-AY1920S2\cs2103-website\admin\tools.md
    at Parser._preprocess (C:\Users\damithch\AppData\Roaming\npm\node_modules\markbind-cli\src\lib\markbind\src\parser.js:357:21)
    at element.children.element.children.map.e (C:\Users\damithch\AppData\Roaming\npm\node_modules\markbind-cli\src\lib\markbind\src\parser.js:507:57)
    at Array.map (<anonymous>)
    at Parser._preprocess (C:\Users\damithch\AppData\Roaming\npm\node_modules\markbind-cli\src\lib\markbind\src\parser.js:507:43)
    at element.children.element.children.map.e (C:\Users\damithch\AppData\Roaming\npm\node_modules\markbind-cli\src\lib\markbind\src\parser.js:507:57)
    at Array.map (<anonymous>)
    at Parser._preprocess (C:\Users\damithch\AppData\Roaming\npm\node_modules\markbind-cli\src\lib\markbind\src\parser.js:507:43)
    at element.children.element.children.map.e (C:\Users\damithch\AppData\Roaming\npm\node_modules\markbind-cli\src\lib\markbind\src\parser.js:507:57)
    at Array.map (<anonymous>)
    at Parser._preprocess (C:\Users\damithch\AppData\Roaming\npm\node_modules\markbind-cli\src\lib\markbind\src\parser.js:507:43)
    at element.children.element.children.map.e (C:\Users\damithch\AppData\Roaming\npm\node_modules\markbind-cli\src\lib\markbind\src\parser.js:507:57)
    at Array.map (<anonymous>)
    at Parser._preprocess (C:\Users\damithch\AppData\Roaming\npm\node_modules\markbind-cli\src\lib\markbind\src\parser.js:507:43)
    at element.children.element.children.map.e (C:\Users\damithch\AppData\Roaming\npm\node_modules\markbind-cli\src\lib\markbind\src\parser.js:490:57)
    at Array.map (<anonymous>)
    at Parser._preprocess (C:\Users\damithch\AppData\Roaming\npm\node_modules\markbind-cli\src\lib\markbind\src\parser.js:490:43)
2019-12-20T11:13:44.044Z - error:  Error: No such file: C:\repos\nus-cs2103-AY1920S2\cs2103-website\admin\reposenseCompatibility.md
Missing reference in C:\repos\nus-cs2103-AY1920S2\cs2103-website\admin\tools.md
    at Parser._preprocess (C:\Users\damithch\AppData\Roaming\npm\node_modules\markbind-cli\src\lib\markbind\src\parser.js:357:21)
    at element.children.element.children.map.e (C:\Users\damithch\AppData\Roaming\npm\node_modules\markbind-cli\src\lib\markbind\src\parser.js:507:57)
    at Array.map (<anonymous>)
    at Parser._preprocess (C:\Users\damithch\AppData\Roaming\npm\node_modules\markbind-cli\src\lib\markbind\src\parser.js:507:43)
    at element.children.element.children.map.e (C:\Users\damithch\AppData\Roaming\npm\node_modules\markbind-cli\src\lib\markbind\src\parser.js:490:57)
    at Array.map (<anonymous>)
    at Parser._preprocess (C:\Users\damithch\AppData\Roaming\npm\node_modules\markbind-cli\src\lib\markbind\src\parser.js:490:43)
    at element.children.element.children.map.e (C:\Users\damithch\AppData\Roaming\npm\node_modules\markbind-cli\src\lib\markbind\src\parser.js:507:57)
    at Array.map (<anonymous>)
    at Parser._preprocess (C:\Users\damithch\AppData\Roaming\npm\node_modules\markbind-cli\src\lib\markbind\src\parser.js:507:43)
    at element.children.element.children.map.e (C:\Users\damithch\AppData\Roaming\npm\node_modules\markbind-cli\src\lib\markbind\src\parser.js:507:57)
    at Array.map (<anonymous>)
    at Parser._preprocess (C:\Users\damithch\AppData\Roaming\npm\node_modules\markbind-cli\src\lib\markbind\src\parser.js:507:43)
    at element.children.element.children.map.e (C:\Users\damithch\AppData\Roaming\npm\node_modules\markbind-cli\src\lib\markbind\src\parser.js:507:57)
    at Array.map (<anonymous>)
    at Parser._preprocess (C:\Users\damithch\AppData\Roaming\npm\node_modules\markbind-cli\src\lib\markbind\src\parser.js:507:43)
2019-12-20T11:13:44.252Z - error:  Error: No such file: C:\repos\nus-cs2103-AY1920S2\cs2103-website\admin\reposenseCompatibility.md
Missing reference in C:\repos\nus-cs2103-AY1920S2\cs2103-website\admin\tools.md
    at Parser._preprocess (C:\Users\damithch\AppData\Roaming\npm\node_modules\markbind-cli\src\lib\markbind\src\parser.js:357:21)
    at element.children.element.children.map.e (C:\Users\damithch\AppData\Roaming\npm\node_modules\markbind-cli\src\lib\markbind\src\parser.js:507:57)
    at Array.map (<anonymous>)
    at Parser._preprocess (C:\Users\damithch\AppData\Roaming\npm\node_modules\markbind-cli\src\lib\markbind\src\parser.js:507:43)
    at element.children.element.children.map.e (C:\Users\damithch\AppData\Roaming\npm\node_modules\markbind-cli\src\lib\markbind\src\parser.js:490:57)
    at Array.map (<anonymous>)
    at Parser._preprocess (C:\Users\damithch\AppData\Roaming\npm\node_modules\markbind-cli\src\lib\markbind\src\parser.js:490:43)
    at element.children.element.children.map.e (C:\Users\damithch\AppData\Roaming\npm\node_modules\markbind-cli\src\lib\markbind\src\parser.js:507:57)
    at Array.map (<anonymous>)
    at Parser._preprocess (C:\Users\damithch\AppData\Roaming\npm\node_modules\markbind-cli\src\lib\markbind\src\parser.js:507:43)
    at element.children.element.children.map.e (C:\Users\damithch\AppData\Roaming\npm\node_modules\markbind-cli\src\lib\markbind\src\parser.js:507:57)
    at Array.map (<anonymous>)
    at Parser._preprocess (C:\Users\damithch\AppData\Roaming\npm\node_modules\markbind-cli\src\lib\markbind\src\parser.js:507:43)
    at element.children.element.children.map.e (C:\Users\damithch\AppData\Roaming\npm\node_modules\markbind-cli\src\lib\markbind\src\parser.js:507:57)
    at Array.map (<anonymous>)
    at Parser._preprocess (C:\Users\damithch\AppData\Roaming\npm\node_modules\markbind-cli\src\lib\markbind\src\parser.js:507:43)
2019-12-20T11:13:45.304Z - error:  Error: No such file: C:\repos\nus-cs2103-AY1920S2\cs2103-website\admin\reposenseCompatibility.md
Missing reference in C:\repos\nus-cs2103-AY1920S2\cs2103-website\admin\tools.md
    at Parser._preprocess (C:\Users\damithch\AppData\Roaming\npm\node_modules\markbind-cli\src\lib\markbind\src\parser.js:357:21)
    at element.children.element.children.map.e (C:\Users\damithch\AppData\Roaming\npm\node_modules\markbind-cli\src\lib\markbind\src\parser.js:507:57)
    at Array.map (<anonymous>)
    at Parser._preprocess (C:\Users\damithch\AppData\Roaming\npm\node_modules\markbind-cli\src\lib\markbind\src\parser.js:507:43)
    at element.children.element.children.map.e (C:\Users\damithch\AppData\Roaming\npm\node_modules\markbind-cli\src\lib\markbind\src\parser.js:507:57)
    at Array.map (<anonymous>)
    at Parser._preprocess (C:\Users\damithch\AppData\Roaming\npm\node_modules\markbind-cli\src\lib\markbind\src\parser.js:507:43)
    at element.children.element.children.map.e (C:\Users\damithch\AppData\Roaming\npm\node_modules\markbind-cli\src\lib\markbind\src\parser.js:507:57)
    at Array.map (<anonymous>)
    at Parser._preprocess (C:\Users\damithch\AppData\Roaming\npm\node_modules\markbind-cli\src\lib\markbind\src\parser.js:507:43)
    at element.children.element.children.map.e (C:\Users\damithch\AppData\Roaming\npm\node_modules\markbind-cli\src\lib\markbind\src\parser.js:507:57)
    at Array.map (<anonymous>)
    at Parser._preprocess (C:\Users\damithch\AppData\Roaming\npm\node_modules\markbind-cli\src\lib\markbind\src\parser.js:507:43)
    at element.children.element.children.map.e (C:\Users\damithch\AppData\Roaming\npm\node_modules\markbind-cli\src\lib\markbind\src\parser.js:507:57)
    at Array.map (<anonymous>)
    at Parser._preprocess (C:\Users\damithch\AppData\Roaming\npm\node_modules\markbind-cli\src\lib\markbind\src\parser.js:507:43)
2019-12-20T11:13:56.813Z - error:  Error: No such file: C:\repos\nus-cs2103-AY1920S2\cs2103-website\admin\reposenseCompatibility.md
Missing reference in C:\repos\nus-cs2103-AY1920S2\cs2103-website\admin\tools.md
    at Parser._preprocess (C:\Users\damithch\AppData\Roaming\npm\node_modules\markbind-cli\src\lib\markbind\src\parser.js:357:21)
    at element.children.element.children.map.e (C:\Users\damithch\AppData\Roaming\npm\node_modules\markbind-cli\src\lib\markbind\src\parser.js:507:57)
    at Array.map (<anonymous>)
    at Parser._preprocess (C:\Users\damithch\AppData\Roaming\npm\node_modules\markbind-cli\src\lib\markbind\src\parser.js:507:43)
    at element.children.element.children.map.e (C:\Users\damithch\AppData\Roaming\npm\node_modules\markbind-cli\src\lib\markbind\src\parser.js:490:57)
    at Array.map (<anonymous>)
    at Parser._preprocess (C:\Users\damithch\AppData\Roaming\npm\node_modules\markbind-cli\src\lib\markbind\src\parser.js:490:43)
    at element.children.element.children.map.e (C:\Users\damithch\AppData\Roaming\npm\node_modules\markbind-cli\src\lib\markbind\src\parser.js:507:57)
    at Array.map (<anonymous>)
    at Parser._preprocess (C:\Users\damithch\AppData\Roaming\npm\node_modules\markbind-cli\src\lib\markbind\src\parser.js:507:43)
    at element.children.element.children.map.e (C:\Users\damithch\AppData\Roaming\npm\node_modules\markbind-cli\src\lib\markbind\src\parser.js:507:57)
    at Array.map (<anonymous>)
    at Parser._preprocess (C:\Users\damithch\AppData\Roaming\npm\node_modules\markbind-cli\src\lib\markbind\src\parser.js:507:43)
    at element.children.element.children.map.e (C:\Users\damithch\AppData\Roaming\npm\node_modules\markbind-cli\src\lib\markbind\src\parser.js:507:57)
    at Array.map (<anonymous>)
    at Parser._preprocess (C:\Users\damithch\AppData\Roaming\npm\node_modules\markbind-cli\src\lib\markbind\src\parser.js:507:43)
2019-12-20T11:13:57.157Z - error:  Error: No such file: C:\repos\nus-cs2103-AY1920S2\cs2103-website\admin\reposenseCompatibility.md
Missing reference in C:\repos\nus-cs2103-AY1920S2\cs2103-website\admin\tools.md
    at Parser._preprocess (C:\Users\damithch\AppData\Roaming\npm\node_modules\markbind-cli\src\lib\markbind\src\parser.js:357:21)
    at element.children.element.children.map.e (C:\Users\damithch\AppData\Roaming\npm\node_modules\markbind-cli\src\lib\markbind\src\parser.js:507:57)
    at Array.map (<anonymous>)
    at Parser._preprocess (C:\Users\damithch\AppData\Roaming\npm\node_modules\markbind-cli\src\lib\markbind\src\parser.js:507:43)
    at element.children.element.children.map.e (C:\Users\damithch\AppData\Roaming\npm\node_modules\markbind-cli\src\lib\markbind\src\parser.js:490:57)
    at Array.map (<anonymous>)
    at Parser._preprocess (C:\Users\damithch\AppData\Roaming\npm\node_modules\markbind-cli\src\lib\markbind\src\parser.js:490:43)
    at element.children.element.children.map.e (C:\Users\damithch\AppData\Roaming\npm\node_modules\markbind-cli\src\lib\markbind\src\parser.js:507:57)
    at Array.map (<anonymous>)
    at Parser._preprocess (C:\Users\damithch\AppData\Roaming\npm\node_modules\markbind-cli\src\lib\markbind\src\parser.js:507:43)
    at element.children.element.children.map.e (C:\Users\damithch\AppData\Roaming\npm\node_modules\markbind-cli\src\lib\markbind\src\parser.js:507:57)
    at Array.map (<anonymous>)
    at Parser._preprocess (C:\Users\damithch\AppData\Roaming\npm\node_modules\markbind-cli\src\lib\markbind\src\parser.js:507:43)
    at element.children.element.children.map.e (C:\Users\damithch\AppData\Roaming\npm\node_modules\markbind-cli\src\lib\markbind\src\parser.js:507:57)
    at Array.map (<anonymous>)
    at Parser._preprocess (C:\Users\damithch\AppData\Roaming\npm\node_modules\markbind-cli\src\lib\markbind\src\parser.js:507:43)
2019-12-20T11:13:57.345Z - error:  Error: No such file: C:\repos\nus-cs2103-AY1920S2\cs2103-website\admin\reposenseCompatibility.md
Missing reference in C:\repos\nus-cs2103-AY1920S2\cs2103-website\admin\tools.md
    at Parser._preprocess (C:\Users\damithch\AppData\Roaming\npm\node_modules\markbind-cli\src\lib\markbind\src\parser.js:357:21)
    at element.children.element.children.map.e (C:\Users\damithch\AppData\Roaming\npm\node_modules\markbind-cli\src\lib\markbind\src\parser.js:507:57)
    at Array.map (<anonymous>)
    at Parser._preprocess (C:\Users\damithch\AppData\Roaming\npm\node_modules\markbind-cli\src\lib\markbind\src\parser.js:507:43)
    at element.children.element.children.map.e (C:\Users\damithch\AppData\Roaming\npm\node_modules\markbind-cli\src\lib\markbind\src\parser.js:507:57)
    at Array.map (<anonymous>)
    at Parser._preprocess (C:\Users\damithch\AppData\Roaming\npm\node_modules\markbind-cli\src\lib\markbind\src\parser.js:507:43)
    at element.children.element.children.map.e (C:\Users\damithch\AppData\Roaming\npm\node_modules\markbind-cli\src\lib\markbind\src\parser.js:507:57)
    at Array.map (<anonymous>)
    at Parser._preprocess (C:\Users\damithch\AppData\Roaming\npm\node_modules\markbind-cli\src\lib\markbind\src\parser.js:507:43)
    at element.children.element.children.map.e (C:\Users\damithch\AppData\Roaming\npm\node_modules\markbind-cli\src\lib\markbind\src\parser.js:507:57)
    at Array.map (<anonymous>)
    at Parser._preprocess (C:\Users\damithch\AppData\Roaming\npm\node_modules\markbind-cli\src\lib\markbind\src\parser.js:507:43)
    at element.children.element.children.map.e (C:\Users\damithch\AppData\Roaming\npm\node_modules\markbind-cli\src\lib\markbind\src\parser.js:490:57)
    at Array.map (<anonymous>)
    at Parser._preprocess (C:\Users\damithch\AppData\Roaming\npm\node_modules\markbind-cli\src\lib\markbind\src\parser.js:490:43)
2019-12-20T11:17:50.394Z - info: Website generation started at 19:17:40
2019-12-20T11:17:56.062Z - info: Building assets...
2019-12-20T11:17:59.932Z - info: Assets built
2019-12-20T11:17:59.932Z - info: Generating pages...
2019-12-20T11:21:52.659Z - info: Pages built
2019-12-20T11:22:30.343Z - info: Website generation complete! Total build time: 290.039s
2019-12-20T11:22:30.715Z - info: Serving "C:\repos\nus-cs2103-AY1920S2\cs2103-website\_site" at http://127.0.0.1:8080
2019-12-20T11:22:30.715Z - info: Press CTRL+C to stop ...
2019-12-20T11:22:30.775Z - info: Site data built
2019-12-20T11:22:31.059Z - info: [19:22:31] Reload for file change: C:\repos\nus-cs2103-AY1920S2\cs2103-website\admin\tools.md
2019-12-20T11:22:32.444Z - info: Rebuilding affected source files
2019-12-20T11:22:32.444Z - info: Rebuilding 14 pages
2019-12-20T11:22:51.695Z - info: Pages rebuilt
2019-12-20T11:22:51.747Z - info: Site data built
2019-12-20T11:25:10.033Z - info: [19:25:10] Reload for file change: C:\repos\nus-cs2103-AY1920S2\cs2103-website\admin\peerEvaluations.md
2019-12-20T11:25:10.089Z - info: [19:25:10] Reload for file change: C:\repos\nus-cs2103-AY1920S2\cs2103-website\admin\tools.md
2019-12-20T11:25:11.075Z - info: Rebuilding affected source files
2019-12-20T11:25:11.079Z - info: Rebuilding 19 pages
2019-12-20T11:25:25.851Z - info: Pages rebuilt
2019-12-20T11:25:25.879Z - info: Site data built
2019-12-20T11:25:53.359Z - info: [19:25:53] Reload for file change: C:\repos\nus-cs2103-AY1920S2\cs2103-website\admin\tools.md
2019-12-20T11:25:54.398Z - info: Rebuilding affected source files
2019-12-20T11:25:54.406Z - info: Rebuilding 14 pages
2019-12-20T11:26:07.230Z - info: Pages rebuilt
2019-12-20T11:26:07.248Z - info: Site data built
2019-12-20T11:28:46.037Z - info: [19:28:46] Reload for file change: C:\repos\nus-cs2103-AY1920S2\cs2103-website\admin\peerEvaluations.md
2019-12-20T11:28:47.053Z - info: Rebuilding affected source files
2019-12-20T11:28:47.061Z - info: Rebuilding 6 pages
2019-12-20T11:28:52.718Z - info: Pages rebuilt
2019-12-20T11:28:52.806Z - info: Site data built
2019-12-20T11:34:18.501Z - info: [19:34:18] Reload for file change: C:\repos\nus-cs2103-AY1920S2\cs2103-website\common\admin.njk
2019-12-20T11:34:19.511Z - info: Assets built
2019-12-20T11:34:39.478Z - info: Website generation started at 19:34:34
2019-12-20T11:34:47.477Z - info: Building assets...
2019-12-20T11:34:51.959Z - info: Assets built
2019-12-20T11:34:51.959Z - info: Generating pages...
2019-12-20T11:38:30.562Z - info: Pages built
2019-12-20T11:39:07.288Z - info: Website generation complete! Total build time: 273.161s
2019-12-20T11:39:07.713Z - info: Serving "C:\repos\nus-cs2103-AY1920S2\cs2103-website\_site" at http://127.0.0.1:8080
2019-12-20T11:39:07.713Z - info: Press CTRL+C to stop ...
2019-12-20T11:39:07.777Z - info: Site data built
2019-12-20T11:43:39.617Z - info: [19:43:39] Reload for file change: C:\repos\nus-cs2103-AY1920S2\cs2103-website\admin\participation.md
2019-12-20T11:43:40.626Z - info: Rebuilding affected source files
2019-12-20T11:43:40.634Z - info: Rebuilding 3 pages
2019-12-20T11:43:45.137Z - info: Pages rebuilt
2019-12-20T11:43:45.157Z - info: Site data built
2019-12-20T11:49:40.518Z - info: [19:49:40] Reload for file change: C:\repos\nus-cs2103-AY1920S2\cs2103-website\admin\project-scope.md
2019-12-20T11:49:41.527Z - info: Rebuilding affected source files
2019-12-20T11:49:41.535Z - info: Rebuilding 18 pages
2019-12-20T11:50:06.247Z - info: Pages rebuilt
2019-12-20T11:50:06.263Z - info: Site data built
2019-12-20T11:50:44.557Z - info: [19:50:44] Reload for file change: C:\repos\nus-cs2103-AY1920S2\cs2103-website\admin\project-scope.md
2019-12-20T11:50:45.581Z - info: Rebuilding affected source files
2019-12-20T11:50:45.613Z - info: Rebuilding 17 pages
2019-12-20T11:51:04.654Z - info: Pages rebuilt
2019-12-20T11:51:04.678Z - info: Site data built
2019-12-20T11:51:21.236Z - info: [19:51:21] Reload for file change: C:\repos\nus-cs2103-AY1920S2\cs2103-website\admin\project-scope.md
2019-12-20T11:51:22.250Z - info: Rebuilding affected source files
2019-12-20T11:51:22.250Z - info: Rebuilding 17 pages
2019-12-20T11:51:40.951Z - info: Pages rebuilt
2019-12-20T11:51:40.987Z - info: Site data built
2019-12-20T11:53:26.459Z - info: [19:53:26] Reload for file change: C:\repos\nus-cs2103-AY1920S2\cs2103-website\admin\project-scope.md
2019-12-20T11:53:27.491Z - info: Rebuilding affected source files
2019-12-20T11:53:27.507Z - info: Rebuilding 17 pages
2019-12-20T11:53:48.481Z - info: Pages rebuilt
2019-12-20T11:53:48.505Z - info: Site data built
2019-12-20T11:54:16.124Z - info: [19:54:16] Reload for file change: C:\repos\nus-cs2103-AY1920S2\cs2103-website\admin\project-scope.md
2019-12-20T11:54:17.147Z - info: Rebuilding affected source files
2019-12-20T11:54:17.151Z - info: Rebuilding 17 pages
2019-12-20T11:54:37.563Z - info: Pages rebuilt
2019-12-20T11:54:37.587Z - info: Site data built
2019-12-20T11:55:24.683Z - info: [19:55:24] Reload for file change: C:\repos\nus-cs2103-AY1920S2\cs2103-website\admin\project-scope.md
2019-12-20T11:55:25.702Z - info: Rebuilding affected source files
2019-12-20T11:55:25.714Z - info: Rebuilding 17 pages
2019-12-20T11:55:46.212Z - info: Pages rebuilt
2019-12-20T11:55:46.319Z - info: Site data built
2019-12-20T11:55:55.953Z - info: [19:55:55] Reload for file change: C:\repos\nus-cs2103-AY1920S2\cs2103-website\admin\project-scope.md
2019-12-20T11:55:56.957Z - info: Rebuilding affected source files
2019-12-20T11:55:56.973Z - info: Rebuilding 17 pages
2019-12-20T11:56:16.406Z - info: Pages rebuilt
2019-12-20T11:56:16.418Z - info: Site data built
2019-12-20T12:09:48.249Z - info: Website generation started at 20:09:42
2019-12-20T12:09:52.196Z - info: Building assets...
2019-12-20T12:09:54.808Z - info: Assets built
2019-12-20T12:09:54.808Z - info: Generating pages...
2019-12-20T12:13:32.921Z - info: Pages built
2019-12-20T12:14:07.468Z - info: Website generation complete! Total build time: 265.01s
2019-12-20T12:14:08.027Z - info: Serving "C:\repos\nus-cs2103-AY1920S2\cs2103-website\_site" at http://127.0.0.1:8080
2019-12-20T12:14:08.027Z - info: Press CTRL+C to stop ...
2019-12-20T12:14:08.091Z - info: Site data built
2019-12-20T12:18:52.086Z - info: Website generation started at 20:18:46
2019-12-20T12:18:56.731Z - info: Building assets...
