2020-01-31T04:50:47.485Z - info: Website generation started at 12:50:45 PM
2020-01-31T04:50:49.892Z - info: Building assets...
2020-01-31T04:50:51.991Z - info: Assets built
2020-01-31T04:50:51.991Z - info: Generating pages...
2020-01-31T04:51:47.562Z - debug: The process cannot access the file because it is being used by another process.

2020-01-31T04:51:47.563Z - debug: The process cannot access the file because it is being used by another process.

2020-01-31T04:51:47.563Z - debug: The process cannot access the file because it is being used by another process.

2020-01-31T04:51:47.563Z - debug: The process cannot access the file because it is being used by another process.

2020-01-31T04:51:47.564Z - debug: The process cannot access the file because it is being used by another process.

2020-01-31T04:51:47.564Z - debug: The process cannot access the file because it is being used by another process.

2020-01-31T04:51:47.564Z - debug: The process cannot access the file because it is being used by another process.

2020-01-31T04:51:47.565Z - debug: The process cannot access the file because it is being used by another process.

2020-01-31T04:51:47.565Z - debug: The process cannot access the file because it is being used by another process.

2020-01-31T04:51:47.565Z - debug: The process cannot access the file because it is being used by another process.

2020-01-31T04:51:47.568Z - debug: The process cannot access the file because it is being used by another process.

2020-01-31T04:51:47.568Z - debug: The process cannot access the file because it is being used by another process.

2020-01-31T04:51:47.568Z - debug: The process cannot access the file because it is being used by another process.

2020-01-31T04:51:47.568Z - debug: The process cannot access the file because it is being used by another process.

2020-01-31T04:51:47.855Z - debug: The process cannot access the file because it is being used by another process.

2020-01-31T04:51:47.855Z - debug: The process cannot access the file because it is being used by another process.

2020-01-31T04:51:47.863Z - debug: The process cannot access the file because it is being used by another process.

2020-01-31T04:51:53.091Z - debug:  
2020-01-31T04:51:55.766Z - debug:  
2020-01-31T04:51:55.766Z - debug:  
2020-01-31T04:51:55.766Z - debug:  
2020-01-31T04:52:42.451Z - info: Pages built
2020-01-31T04:52:58.036Z - info: Website generation complete! Total build time: 132.263s
2020-01-31T04:52:58.036Z - info: Build success!
2020-01-31T04:52:58.038Z - info: Site data built
2020-01-31T04:53:29.035Z - info: Deployed!
