2020-03-23T00:00:42.801Z - info: Website generation started at 08:00:35
2020-03-23T00:00:47.405Z - info: Building assets...
2020-03-23T00:00:51.019Z - info: Assets built
2020-03-23T00:00:51.020Z - info: Generating pages...
2020-03-23T00:03:07.968Z - debug: The process cannot access the file because it is being used by another process.

2020-03-23T00:03:07.969Z - debug: The process cannot access the file because it is being used by another process.

2020-03-23T00:03:07.970Z - debug: The process cannot access the file because it is being used by another process.

2020-03-23T00:03:07.970Z - debug: The process cannot access the file because it is being used by another process.

2020-03-23T00:03:07.971Z - debug: The process cannot access the file because it is being used by another process.

2020-03-23T00:03:07.971Z - debug: The process cannot access the file because it is being used by another process.

2020-03-23T00:03:07.973Z - debug: The process cannot access the file because it is being used by another process.

2020-03-23T00:03:07.973Z - debug: The process cannot access the file because it is being used by another process.

2020-03-23T00:03:07.974Z - debug: The process cannot access the file because it is being used by another process.

2020-03-23T00:03:07.974Z - debug: The process cannot access the file because it is being used by another process.

2020-03-23T00:03:07.975Z - debug: The process cannot access the file because it is being used by another process.

2020-03-23T00:03:07.975Z - debug: The process cannot access the file because it is being used by another process.

2020-03-23T00:03:08.257Z - debug: The process cannot access the file because it is being used by another process.

2020-03-23T00:03:09.671Z - debug: The process cannot access the file because it is being used by another process.

2020-03-23T00:03:09.671Z - debug: The process cannot access the file because it is being used by another process.

2020-03-23T00:03:09.672Z - debug: The process cannot access the file because it is being used by another process.

2020-03-23T00:03:09.672Z - debug: The process cannot access the file because it is being used by another process.

2020-03-23T00:03:09.673Z - debug: The process cannot access the file because it is being used by another process.

2020-03-23T00:03:09.673Z - debug: The process cannot access the file because it is being used by another process.

2020-03-23T00:03:09.674Z - debug: The process cannot access the file because it is being used by another process.

2020-03-23T00:03:09.674Z - debug: The process cannot access the file because it is being used by another process.

2020-03-23T00:03:09.675Z - debug: The process cannot access the file because it is being used by another process.

2020-03-23T00:03:09.675Z - debug: The process cannot access the file because it is being used by another process.

2020-03-23T00:03:09.676Z - debug: The process cannot access the file because it is being used by another process.

2020-03-23T00:03:09.676Z - debug: The process cannot access the file because it is being used by another process.

2020-03-23T00:03:09.677Z - debug: The process cannot access the file because it is being used by another process.

2020-03-23T00:03:09.677Z - debug: The process cannot access the file because it is being used by another process.

2020-03-23T00:03:09.677Z - debug: The process cannot access the file because it is being used by another process.

2020-03-23T00:03:09.678Z - debug: The process cannot access the file because it is being used by another process.

2020-03-23T00:03:09.678Z - debug: The process cannot access the file because it is being used by another process.

2020-03-23T00:03:09.687Z - debug: The process cannot access the file because it is being used by another process.

2020-03-23T00:04:09.024Z - debug:  
2020-03-23T00:04:09.025Z - debug:  
2020-03-23T00:04:09.025Z - debug:  
2020-03-23T00:04:09.026Z - debug:  
2020-03-23T00:04:53.106Z - info: Pages built
2020-03-23T00:05:29.774Z - info: Website generation complete! Total build time: 294.758s
2020-03-23T00:05:29.775Z - info: Build success!
2020-03-23T00:05:29.797Z - info: Site data built
2020-03-23T00:06:23.836Z - info: Deployed!
2020-03-23T15:05:48.625Z - info: Website generation started at 23:05:42
2020-03-23T15:05:52.369Z - info: Building assets...
2020-03-23T15:05:55.862Z - info: Assets built
2020-03-23T15:05:55.863Z - info: Generating pages...
2020-03-23T15:07:47.558Z - debug: The process cannot access the file because it is being used by another process.

2020-03-23T15:07:47.559Z - debug: The process cannot access the file because it is being used by another process.

2020-03-23T15:07:47.559Z - debug: The process cannot access the file because it is being used by another process.

2020-03-23T15:07:47.559Z - debug: The process cannot access the file because it is being used by another process.

2020-03-23T15:07:47.560Z - debug: The process cannot access the file because it is being used by another process.

2020-03-23T15:07:47.560Z - debug: The process cannot access the file because it is being used by another process.

2020-03-23T15:07:47.560Z - debug: The process cannot access the file because it is being used by another process.

2020-03-23T15:07:47.561Z - debug: The process cannot access the file because it is being used by another process.

2020-03-23T15:07:47.561Z - debug: The process cannot access the file because it is being used by another process.

2020-03-23T15:07:47.562Z - debug: The process cannot access the file because it is being used by another process.

2020-03-23T15:07:47.562Z - debug: The process cannot access the file because it is being used by another process.

2020-03-23T15:07:47.562Z - debug: The process cannot access the file because it is being used by another process.

2020-03-23T15:07:48.227Z - debug: The process cannot access the file because it is being used by another process.

2020-03-23T15:07:48.229Z - debug: The process cannot access the file because it is being used by another process.

2020-03-23T15:07:48.229Z - debug: The process cannot access the file because it is being used by another process.

2020-03-23T15:07:48.230Z - debug: The process cannot access the file because it is being used by another process.

2020-03-23T15:07:48.230Z - debug: The process cannot access the file because it is being used by another process.

2020-03-23T15:07:48.230Z - debug: The process cannot access the file because it is being used by another process.

2020-03-23T15:07:48.233Z - debug: The process cannot access the file because it is being used by another process.

2020-03-23T15:07:48.260Z - debug: The process cannot access the file because it is being used by another process.

2020-03-23T15:07:48.260Z - debug: The process cannot access the file because it is being used by another process.

2020-03-23T15:07:48.260Z - debug: The process cannot access the file because it is being used by another process.

2020-03-23T15:07:48.263Z - debug: The process cannot access the file because it is being used by another process.

2020-03-23T15:07:48.263Z - debug: The process cannot access the file because it is being used by another process.

2020-03-23T15:07:48.263Z - debug: The process cannot access the file because it is being used by another process.

2020-03-23T15:07:48.264Z - debug: The process cannot access the file because it is being used by another process.

2020-03-23T15:07:48.270Z - debug: The process cannot access the file because it is being used by another process.

2020-03-23T15:07:48.271Z - debug: The process cannot access the file because it is being used by another process.

2020-03-23T15:07:48.271Z - debug: The process cannot access the file because it is being used by another process.

2020-03-23T15:07:48.272Z - debug: The process cannot access the file because it is being used by another process.

2020-03-23T15:07:48.272Z - debug: The process cannot access the file because it is being used by another process.

2020-03-23T15:08:29.066Z - debug:  
2020-03-23T15:08:29.066Z - debug:  
2020-03-23T15:08:29.066Z - debug:  
2020-03-23T15:08:29.066Z - debug:  
2020-03-23T15:09:29.216Z - info: Pages built
2020-03-23T15:10:03.073Z - info: Website generation complete! Total build time: 260.37s
2020-03-23T15:10:03.518Z - info: Serving "D:\Teaching\CS2103-AY1920S2\website\_site" at http://127.0.0.1:8080
2020-03-23T15:10:03.518Z - info: Press CTRL+C to stop ...
2020-03-23T15:10:03.596Z - info: Site data built
2020-03-23T15:15:37.351Z - info: [23:15:37] Reload for file change: D:\Teaching\CS2103-AY1920S2\website\schedule\week10\tutorial-cs2103.mbdf
2020-03-23T15:15:38.419Z - info: Rebuilding affected source files
2020-03-23T15:15:38.427Z - info: Rebuilding 1 pages
2020-03-23T15:15:39.755Z - info: Pages rebuilt
2020-03-23T15:15:39.777Z - info: Site data built
2020-03-23T15:23:19.014Z - info: [23:23:19] Reload for file change: D:\Teaching\CS2103-AY1920S2\website\schedule\week10\tutorial-cs2103.mbdf
2020-03-23T15:23:20.024Z - info: Rebuilding affected source files
2020-03-23T15:23:20.031Z - info: Rebuilding 1 pages
2020-03-23T15:23:21.176Z - info: Pages rebuilt
2020-03-23T15:23:21.196Z - info: Site data built
2020-03-23T15:29:29.002Z - info: Website generation started at 23:29:19
2020-03-23T15:29:35.583Z - info: Building assets...
2020-03-23T15:29:40.075Z - info: Assets built
2020-03-23T15:29:40.077Z - info: Generating pages...
2020-03-23T15:31:47.855Z - debug: The process cannot access the file because it is being used by another process.

2020-03-23T15:31:47.856Z - debug: The process cannot access the file because it is being used by another process.

2020-03-23T15:31:47.857Z - debug: The process cannot access the file because it is being used by another process.

2020-03-23T15:31:47.945Z - debug: The process cannot access the file because it is being used by another process.

2020-03-23T15:31:47.946Z - debug: The process cannot access the file because it is being used by another process.

2020-03-23T15:31:47.946Z - debug: The process cannot access the file because it is being used by another process.

2020-03-23T15:31:47.947Z - debug: The process cannot access the file because it is being used by another process.

2020-03-23T15:31:47.947Z - debug: The process cannot access the file because it is being used by another process.

2020-03-23T15:31:47.947Z - debug: The process cannot access the file because it is being used by another process.

2020-03-23T15:31:47.948Z - debug: The process cannot access the file because it is being used by another process.

2020-03-23T15:31:47.948Z - debug: The process cannot access the file because it is being used by another process.

2020-03-23T15:31:47.948Z - debug: The process cannot access the file because it is being used by another process.

2020-03-23T15:31:47.948Z - debug: The process cannot access the file because it is being used by another process.

2020-03-23T15:31:47.949Z - debug: The process cannot access the file because it is being used by another process.

2020-03-23T15:31:47.949Z - debug: The process cannot access the file because it is being used by another process.

2020-03-23T15:31:47.949Z - debug: The process cannot access the file because it is being used by another process.

2020-03-23T15:31:47.950Z - debug: The process cannot access the file because it is being used by another process.

2020-03-23T15:31:47.959Z - debug: The process cannot access the file because it is being used by another process.

2020-03-23T15:31:47.960Z - debug: The process cannot access the file because it is being used by another process.

2020-03-23T15:31:47.960Z - debug: The process cannot access the file because it is being used by another process.

2020-03-23T15:31:47.961Z - debug: The process cannot access the file because it is being used by another process.

2020-03-23T15:31:47.961Z - debug: The process cannot access the file because it is being used by another process.

2020-03-23T15:31:47.962Z - debug: The process cannot access the file because it is being used by another process.

2020-03-23T15:31:47.963Z - debug: The process cannot access the file because it is being used by another process.

2020-03-23T15:31:47.964Z - debug: The process cannot access the file because it is being used by another process.

2020-03-23T15:31:47.965Z - debug: The process cannot access the file because it is being used by another process.

2020-03-23T15:31:47.965Z - debug: The process cannot access the file because it is being used by another process.

2020-03-23T15:31:47.966Z - debug: The process cannot access the file because it is being used by another process.

2020-03-23T15:31:47.973Z - debug: The process cannot access the file because it is being used by another process.

2020-03-23T15:31:47.974Z - debug: The process cannot access the file because it is being used by another process.

2020-03-23T15:31:48.006Z - debug: The process cannot access the file because it is being used by another process.

2020-03-23T15:32:29.260Z - debug:  
2020-03-23T15:32:29.260Z - debug:  
2020-03-23T15:32:29.260Z - debug:  
2020-03-23T15:32:29.260Z - debug:  
2020-03-23T15:33:38.590Z - info: Pages built
2020-03-23T15:34:16.752Z - info: Website generation complete! Total build time: 296.946s
2020-03-23T15:34:16.753Z - info: Build success!
2020-03-23T15:34:16.782Z - info: Site data built
2020-03-23T15:35:05.948Z - info: Deployed!
2020-03-23T15:37:50.424Z - info: Website generation started at 23:37:44
2020-03-23T15:37:56.399Z - info: Building assets...
2020-03-23T15:38:00.228Z - info: Assets built
2020-03-23T15:38:00.229Z - info: Generating pages...
2020-03-23T15:40:31.011Z - debug: The process cannot access the file because it is being used by another process.

2020-03-23T15:40:31.015Z - debug: The process cannot access the file because it is being used by another process.

2020-03-23T15:40:31.015Z - debug: The process cannot access the file because it is being used by another process.

2020-03-23T15:40:31.016Z - debug: The process cannot access the file because it is being used by another process.

2020-03-23T15:40:31.016Z - debug: The process cannot access the file because it is being used by another process.

2020-03-23T15:40:31.017Z - debug: The process cannot access the file because it is being used by another process.

2020-03-23T15:40:31.017Z - debug: The process cannot access the file because it is being used by another process.

2020-03-23T15:40:31.018Z - debug: The process cannot access the file because it is being used by another process.

2020-03-23T15:40:31.018Z - debug: The process cannot access the file because it is being used by another process.

2020-03-23T15:40:31.019Z - debug: The process cannot access the file because it is being used by another process.

2020-03-23T15:40:31.020Z - debug: The process cannot access the file because it is being used by another process.

2020-03-23T15:40:31.020Z - debug: The process cannot access the file because it is being used by another process.

2020-03-23T15:40:31.021Z - debug: The process cannot access the file because it is being used by another process.

2020-03-23T15:40:31.021Z - debug: The process cannot access the file because it is being used by another process.

2020-03-23T15:40:31.037Z - debug: The process cannot access the file because it is being used by another process.

2020-03-23T15:40:31.040Z - debug: The process cannot access the file because it is being used by another process.

2020-03-23T15:40:31.040Z - debug: The process cannot access the file because it is being used by another process.

2020-03-23T15:40:31.041Z - debug: The process cannot access the file because it is being used by another process.

2020-03-23T15:40:31.041Z - debug: The process cannot access the file because it is being used by another process.

2020-03-23T15:40:31.042Z - debug: The process cannot access the file because it is being used by another process.

2020-03-23T15:40:31.043Z - debug: The process cannot access the file because it is being used by another process.

2020-03-23T15:40:31.043Z - debug: The process cannot access the file because it is being used by another process.

2020-03-23T15:40:31.638Z - debug: The process cannot access the file because it is being used by another process.

2020-03-23T15:40:31.639Z - debug: The process cannot access the file because it is being used by another process.

2020-03-23T15:40:31.640Z - debug: The process cannot access the file because it is being used by another process.

2020-03-23T15:40:31.640Z - debug: The process cannot access the file because it is being used by another process.

2020-03-23T15:40:31.640Z - debug: The process cannot access the file because it is being used by another process.

2020-03-23T15:40:31.647Z - debug: The process cannot access the file because it is being used by another process.

2020-03-23T15:40:32.120Z - debug: The process cannot access the file because it is being used by another process.

2020-03-23T15:40:32.120Z - debug: The process cannot access the file because it is being used by another process.

2020-03-23T15:40:32.151Z - debug: The process cannot access the file because it is being used by another process.

2020-03-23T15:40:57.830Z - debug:  
2020-03-23T15:40:57.831Z - debug:  
2020-03-23T15:40:57.831Z - debug:  
2020-03-23T15:40:57.831Z - debug:  
2020-03-23T15:42:17.978Z - info: Pages built
2020-03-23T15:42:51.531Z - info: Website generation complete! Total build time: 307.192s
2020-03-23T15:42:51.533Z - info: Build success!
2020-03-23T15:42:51.615Z - info: Site data built
2020-03-23T15:43:43.314Z - info: Deployed!
