2020-02-22T02:10:22.232Z - info: Website generation started at 10:10:15
2020-02-22T02:10:26.055Z - info: Building assets...
2020-02-22T02:10:29.460Z - info: Assets built
2020-02-22T02:10:29.461Z - info: Generating pages...
2020-02-22T02:12:42.082Z - debug: The process cannot access the file because it is being used by another process.

2020-02-22T02:12:42.084Z - debug: The process cannot access the file because it is being used by another process.

2020-02-22T02:12:42.087Z - debug: The process cannot access the file because it is being used by another process.

2020-02-22T02:12:42.089Z - debug: The process cannot access the file because it is being used by another process.

2020-02-22T02:12:42.090Z - debug: The process cannot access the file because it is being used by another process.

2020-02-22T02:12:42.091Z - debug: The process cannot access the file because it is being used by another process.

2020-02-22T02:12:42.092Z - debug: The process cannot access the file because it is being used by another process.

2020-02-22T02:12:42.092Z - debug: The process cannot access the file because it is being used by another process.

2020-02-22T02:12:42.093Z - debug: The process cannot access the file because it is being used by another process.

2020-02-22T02:12:42.093Z - debug: The process cannot access the file because it is being used by another process.

2020-02-22T02:12:42.094Z - debug: The process cannot access the file because it is being used by another process.

2020-02-22T02:12:42.095Z - debug: The process cannot access the file because it is being used by another process.

2020-02-22T02:12:42.096Z - debug: The process cannot access the file because it is being used by another process.

2020-02-22T02:12:42.096Z - debug: The process cannot access the file because it is being used by another process.

2020-02-22T02:12:42.098Z - debug: The process cannot access the file because it is being used by another process.

2020-02-22T02:12:42.098Z - debug: The process cannot access the file because it is being used by another process.

2020-02-22T02:12:42.098Z - debug: The process cannot access the file because it is being used by another process.

2020-02-22T02:12:42.099Z - debug: The process cannot access the file because it is being used by another process.

2020-02-22T02:12:42.099Z - debug: The process cannot access the file because it is being used by another process.

2020-02-22T02:12:42.100Z - debug: The process cannot access the file because it is being used by another process.

2020-02-22T02:12:42.100Z - debug: The process cannot access the file because it is being used by another process.

2020-02-22T02:12:42.102Z - debug: The process cannot access the file because it is being used by another process.

2020-02-22T02:12:42.868Z - debug: The process cannot access the file because it is being used by another process.

2020-02-22T02:12:42.868Z - debug: The process cannot access the file because it is being used by another process.

2020-02-22T02:12:42.869Z - debug: The process cannot access the file because it is being used by another process.

2020-02-22T02:12:42.869Z - debug: The process cannot access the file because it is being used by another process.

2020-02-22T02:12:42.870Z - debug: The process cannot access the file because it is being used by another process.

2020-02-22T02:12:42.870Z - debug: The process cannot access the file because it is being used by another process.

2020-02-22T02:12:42.870Z - debug: The process cannot access the file because it is being used by another process.

2020-02-22T02:12:42.871Z - debug: The process cannot access the file because it is being used by another process.

2020-02-22T02:12:42.896Z - debug: The process cannot access the file because it is being used by another process.

2020-02-22T02:13:40.625Z - debug:  
2020-02-22T02:13:40.625Z - debug:  
2020-02-22T02:13:40.625Z - debug:  
2020-02-22T02:13:40.626Z - debug:  
2020-02-22T02:14:17.578Z - info: Pages built
2020-02-22T02:14:50.188Z - info: Website generation complete! Total build time: 275.16s
2020-02-22T02:14:50.204Z - info: Build success!
2020-02-22T02:14:50.218Z - info: Site data built
2020-02-22T02:15:50.157Z - info: Deployed!
