2019-12-25T04:29:16.849Z - info: Website generation started at 12:29:15 PM
2019-12-25T04:29:20.068Z - info: Building assets...
2019-12-25T04:29:22.588Z - info: Assets built
2019-12-25T04:29:22.589Z - info: Generating pages...
2019-12-25T04:30:07.485Z - debug: The process cannot access the file because it is being used by another process.

2019-12-25T04:30:07.485Z - debug: The process cannot access the file because it is being used by another process.

2019-12-25T04:30:07.486Z - debug: The process cannot access the file because it is being used by another process.

2019-12-25T04:30:07.486Z - debug: The process cannot access the file because it is being used by another process.

2019-12-25T04:30:07.486Z - debug: The process cannot access the file because it is being used by another process.

2019-12-25T04:30:07.488Z - debug: The process cannot access the file because it is being used by another process.

2019-12-25T04:30:07.489Z - debug: The process cannot access the file because it is being used by another process.

2019-12-25T04:30:07.490Z - debug: The process cannot access the file because it is being used by another process.

2019-12-25T04:30:07.505Z - debug: The process cannot access the file because it is being used by another process.

2019-12-25T04:30:07.506Z - debug: The process cannot access the file because it is being used by another process.

2019-12-25T04:30:07.506Z - debug: The process cannot access the file because it is being used by another process.

2019-12-25T04:30:07.506Z - debug: The process cannot access the file because it is being used by another process.

2019-12-25T04:30:07.507Z - debug: The process cannot access the file because it is being used by another process.

2019-12-25T04:30:07.508Z - debug: The process cannot access the file because it is being used by another process.

2019-12-25T04:30:08.504Z - debug: The process cannot access the file because it is being used by another process.

2019-12-25T04:30:08.505Z - debug: The process cannot access the file because it is being used by another process.

2019-12-25T04:30:08.538Z - debug: The process cannot access the file because it is being used by another process.

2019-12-25T04:30:09.933Z - debug:  
2019-12-25T04:30:11.552Z - debug:  
2019-12-25T04:30:12.069Z - debug:  
2019-12-25T04:30:12.069Z - debug:  
2019-12-25T04:31:13.675Z - info: Pages built
2019-12-25T04:31:31.485Z - info: Website generation complete! Total build time: 135.917s
2019-12-25T04:31:31.856Z - info: Serving "C:\repos\nus-cs2103-AY1920S2\cs2103-website\_site" at http://127.0.0.1:8080
2019-12-25T04:31:31.856Z - info: Press CTRL+C to stop ...
2019-12-25T04:31:31.964Z - info: Site data built
2019-12-25T04:31:54.989Z - info: [12:31:54 PM] Reload for file change: C:\repos\nus-cs2103-AY1920S2\cs2103-website\admin\project-scope.md
2019-12-25T04:31:55.993Z - info: Rebuilding affected source files
2019-12-25T04:31:55.998Z - info: Rebuilding 19 pages
2019-12-25T04:32:03.737Z - info: Pages rebuilt
2019-12-25T04:32:03.751Z - info: Site data built
2019-12-25T04:35:02.604Z - info: [12:35:02 PM] Reload for file change: C:\repos\nus-cs2103-AY1920S2\cs2103-website\admin\project-scope.md
2019-12-25T04:35:03.609Z - info: Rebuilding affected source files
2019-12-25T04:35:03.613Z - info: Rebuilding 18 pages
2019-12-25T04:35:11.462Z - info: Pages rebuilt
2019-12-25T04:35:11.482Z - info: Site data built
2019-12-25T04:35:40.251Z - info: [12:35:40 PM] Reload for file change: C:\repos\nus-cs2103-AY1920S2\cs2103-website\admin\project-scope.md
2019-12-25T04:35:41.255Z - info: Rebuilding affected source files
2019-12-25T04:35:41.258Z - info: Rebuilding 17 pages
2019-12-25T04:35:48.812Z - info: Pages rebuilt
2019-12-25T04:35:48.829Z - info: Site data built
2019-12-25T04:36:50.763Z - info: [12:36:50 PM] Reload for file change: C:\repos\nus-cs2103-AY1920S2\cs2103-website\admin\project-scope.md
2019-12-25T04:36:51.766Z - info: Rebuilding affected source files
2019-12-25T04:36:51.770Z - info: Rebuilding 17 pages
2019-12-25T04:36:59.266Z - info: Pages rebuilt
2019-12-25T04:36:59.287Z - info: Site data built
2019-12-25T04:37:34.761Z - info: [12:37:34 PM] Reload for file change: C:\repos\nus-cs2103-AY1920S2\cs2103-website\admin\project-scope.md
2019-12-25T04:37:35.764Z - info: Rebuilding affected source files
2019-12-25T04:37:35.767Z - info: Rebuilding 17 pages
2019-12-25T04:37:43.132Z - info: Pages rebuilt
2019-12-25T04:37:43.142Z - info: Site data built
2019-12-25T04:37:59.824Z - info: [12:37:59 PM] Reload for file change: C:\repos\nus-cs2103-AY1920S2\cs2103-website\admin\project-scope.md
2019-12-25T04:38:00.828Z - info: Rebuilding affected source files
2019-12-25T04:38:00.832Z - info: Rebuilding 17 pages
2019-12-25T04:38:08.892Z - info: Pages rebuilt
2019-12-25T04:38:08.913Z - info: Site data built
2019-12-25T04:40:33.479Z - info: [12:40:33 PM] Reload for file change: C:\repos\nus-cs2103-AY1920S2\cs2103-website\admin\project-scope.md
2019-12-25T04:40:34.482Z - info: Rebuilding affected source files
2019-12-25T04:40:34.485Z - info: Rebuilding 17 pages
2019-12-25T04:40:41.735Z - info: Pages rebuilt
2019-12-25T04:40:41.750Z - info: Site data built
2019-12-25T04:41:06.100Z - info: [12:41:06 PM] Reload for file change: C:\repos\nus-cs2103-AY1920S2\cs2103-website\admin\project-scope.md
2019-12-25T04:41:07.104Z - info: Rebuilding affected source files
2019-12-25T04:41:07.107Z - info: Rebuilding 17 pages
2019-12-25T04:41:14.376Z - info: Pages rebuilt
2019-12-25T04:41:14.387Z - info: Site data built
2019-12-25T04:41:23.219Z - info: [12:41:23 PM] Reload for file change: C:\repos\nus-cs2103-AY1920S2\cs2103-website\admin\project-scope.md
2019-12-25T04:41:24.222Z - info: Rebuilding affected source files
2019-12-25T04:41:24.225Z - info: Rebuilding 17 pages
2019-12-25T04:41:30.881Z - info: Pages rebuilt
2019-12-25T04:41:30.893Z - info: Site data built
2019-12-25T04:41:55.483Z - info: [12:41:55 PM] Reload for file change: C:\repos\nus-cs2103-AY1920S2\cs2103-website\admin\project-scope.md
2019-12-25T04:41:56.487Z - info: Rebuilding affected source files
2019-12-25T04:41:56.490Z - info: Rebuilding 17 pages
2019-12-25T04:42:03.637Z - info: Pages rebuilt
2019-12-25T04:42:03.649Z - info: Site data built
2019-12-25T04:45:07.561Z - info: [12:45:07 PM] Reload for file change: C:\repos\nus-cs2103-AY1920S2\cs2103-website\admin\project-scope.md
2019-12-25T04:45:08.565Z - info: Rebuilding affected source files
2019-12-25T04:45:08.568Z - info: Rebuilding 17 pages
2019-12-25T12:38:15.819Z - info: Website generation started at 8:38:13 PM
2019-12-25T12:38:18.791Z - info: Building assets...
2019-12-25T12:38:20.937Z - info: Assets built
2019-12-25T12:38:20.937Z - info: Generating pages...
2019-12-25T12:39:09.106Z - debug: The process cannot access the file because it is being used by another process.

2019-12-25T12:39:09.106Z - debug: The process cannot access the file because it is being used by another process.

2019-12-25T12:39:09.106Z - debug: The process cannot access the file because it is being used by another process.

2019-12-25T12:39:09.107Z - debug: The process cannot access the file because it is being used by another process.

2019-12-25T12:39:09.107Z - debug: The process cannot access the file because it is being used by another process.

2019-12-25T12:39:09.109Z - debug: The process cannot access the file because it is being used by another process.

2019-12-25T12:39:09.109Z - debug: The process cannot access the file because it is being used by another process.

2019-12-25T12:39:09.110Z - debug: The process cannot access the file because it is being used by another process.

2019-12-25T12:39:09.110Z - debug: The process cannot access the file because it is being used by another process.

2019-12-25T12:39:09.110Z - debug: The process cannot access the file because it is being used by another process.

2019-12-25T12:39:09.110Z - debug: The process cannot access the file because it is being used by another process.

2019-12-25T12:39:09.111Z - debug: The process cannot access the file because it is being used by another process.

2019-12-25T12:39:09.111Z - debug: The process cannot access the file because it is being used by another process.

2019-12-25T12:39:09.116Z - debug: The process cannot access the file because it is being used by another process.

2019-12-25T12:39:09.216Z - debug: The process cannot access the file because it is being used by another process.

2019-12-25T12:39:09.248Z - debug: The process cannot access the file because it is being used by another process.

2019-12-25T12:39:09.266Z - debug: The process cannot access the file because it is being used by another process.

2019-12-25T12:39:14.034Z - debug:  
2019-12-25T12:39:14.034Z - debug:  
2019-12-25T12:39:14.034Z - debug:  
2019-12-25T12:39:14.034Z - debug:  
2019-12-25T12:40:15.450Z - info: Pages built
2019-12-25T12:40:33.423Z - info: Website generation complete! Total build time: 139.54s
2019-12-25T12:40:33.841Z - info: Serving "C:\repos\nus-cs2103-AY1920S2\cs2103-website\_site" at http://127.0.0.1:8080
2019-12-25T12:40:33.841Z - info: Press CTRL+C to stop ...
2019-12-25T12:40:33.948Z - info: Site data built
