2020-01-06T02:00:37.988Z - info: Website generation started at 10:00:25
2020-01-06T02:00:45.268Z - info: Building assets...
2020-01-06T02:00:50.776Z - info: Assets built
2020-01-06T02:00:50.776Z - info: Generating pages...
2020-01-06T02:03:39.027Z - debug: The process cannot access the file because it is being used by another process.

2020-01-06T02:03:39.027Z - debug: The process cannot access the file because it is being used by another process.

2020-01-06T02:03:39.027Z - debug: The process cannot access the file because it is being used by another process.

2020-01-06T02:03:39.027Z - debug: The process cannot access the file because it is being used by another process.

2020-01-06T02:03:39.027Z - debug: The process cannot access the file because it is being used by another process.

2020-01-06T02:03:39.111Z - debug: The process cannot access the file because it is being used by another process.

2020-01-06T02:03:39.111Z - debug: The process cannot access the file because it is being used by another process.

2020-01-06T02:03:39.112Z - debug: The process cannot access the file because it is being used by another process.

2020-01-06T02:03:39.113Z - debug: The process cannot access the file because it is being used by another process.

2020-01-06T02:03:39.113Z - debug: The process cannot access the file because it is being used by another process.

2020-01-06T02:03:39.113Z - debug: The process cannot access the file because it is being used by another process.

2020-01-06T02:03:39.139Z - debug: The process cannot access the file because it is being used by another process.

2020-01-06T02:03:39.139Z - debug: The process cannot access the file because it is being used by another process.

2020-01-06T02:03:39.139Z - debug: The process cannot access the file because it is being used by another process.

2020-01-06T02:03:39.143Z - debug: The process cannot access the file because it is being used by another process.

2020-01-06T02:03:39.151Z - debug: The process cannot access the file because it is being used by another process.

2020-01-06T02:03:39.403Z - debug: The process cannot access the file because it is being used by another process.

2020-01-06T02:03:56.854Z - debug:  
2020-01-06T02:03:56.854Z - debug:  
2020-01-06T02:03:56.854Z - debug:  
2020-01-06T02:03:56.854Z - debug:  
2020-01-06T02:06:51.785Z - info: Website generation started at 10:06:45
2020-01-06T02:06:57.538Z - info: Building assets...
