2020-03-31T02:13:29.119Z - info: Website generation started at 10:13:20
2020-03-31T02:13:35.492Z - info: Building assets...
2020-03-31T02:13:39.283Z - info: Assets built
2020-03-31T02:13:39.284Z - info: Generating pages...
2020-03-31T02:15:52.241Z - debug: The process cannot access the file because it is being used by another process.

2020-03-31T02:15:52.243Z - debug: The process cannot access the file because it is being used by another process.

2020-03-31T02:15:52.244Z - debug: The process cannot access the file because it is being used by another process.

2020-03-31T02:15:52.245Z - debug: The process cannot access the file because it is being used by another process.

2020-03-31T02:15:52.245Z - debug: The process cannot access the file because it is being used by another process.

2020-03-31T02:15:52.294Z - debug: The process cannot access the file because it is being used by another process.

2020-03-31T02:15:52.294Z - debug: The process cannot access the file because it is being used by another process.

2020-03-31T02:15:52.295Z - debug: The process cannot access the file because it is being used by another process.

2020-03-31T02:15:52.295Z - debug: The process cannot access the file because it is being used by another process.

2020-03-31T02:15:52.295Z - debug: The process cannot access the file because it is being used by another process.

2020-03-31T02:15:52.296Z - debug: The process cannot access the file because it is being used by another process.

2020-03-31T02:15:52.296Z - debug: The process cannot access the file because it is being used by another process.

2020-03-31T02:15:52.296Z - debug: The process cannot access the file because it is being used by another process.

2020-03-31T02:15:52.296Z - debug: The process cannot access the file because it is being used by another process.

2020-03-31T02:15:52.297Z - debug: The process cannot access the file because it is being used by another process.

2020-03-31T02:15:52.297Z - debug: The process cannot access the file because it is being used by another process.

2020-03-31T02:15:52.298Z - debug: The process cannot access the file because it is being used by another process.

2020-03-31T02:15:52.299Z - debug: The process cannot access the file because it is being used by another process.

2020-03-31T02:15:52.300Z - debug: The process cannot access the file because it is being used by another process.

2020-03-31T02:15:52.300Z - debug: The process cannot access the file because it is being used by another process.

2020-03-31T02:15:52.300Z - debug: The process cannot access the file because it is being used by another process.

2020-03-31T02:15:52.300Z - debug: The process cannot access the file because it is being used by another process.

2020-03-31T02:15:52.302Z - debug: The process cannot access the file because it is being used by another process.

2020-03-31T02:15:52.305Z - debug: The process cannot access the file because it is being used by another process.

2020-03-31T02:15:52.336Z - debug: The process cannot access the file because it is being used by another process.

2020-03-31T02:15:52.336Z - debug: The process cannot access the file because it is being used by another process.

2020-03-31T02:15:52.336Z - debug: The process cannot access the file because it is being used by another process.

2020-03-31T02:15:52.336Z - debug: The process cannot access the file because it is being used by another process.

2020-03-31T02:15:52.337Z - debug: The process cannot access the file because it is being used by another process.

2020-03-31T02:15:52.337Z - debug: The process cannot access the file because it is being used by another process.

2020-03-31T02:15:52.338Z - debug: The process cannot access the file because it is being used by another process.

2020-03-31T02:16:25.935Z - debug:  
2020-03-31T02:16:25.936Z - debug:  
2020-03-31T02:16:25.939Z - debug:  
2020-03-31T02:16:25.940Z - debug:  
2020-03-31T02:18:27.327Z - info: Pages built
2020-03-31T02:19:01.714Z - info: Website generation complete! Total build time: 341.309s
2020-03-31T02:19:02.134Z - info: Serving "D:\Teaching\CS2103-AY1920S2\website\_site" at http://127.0.0.1:8080
2020-03-31T02:19:02.134Z - info: Press CTRL+C to stop ...
2020-03-31T02:19:02.216Z - info: Site data built
2020-03-31T02:23:45.149Z - info: [10:23:45] Reload for file change: D:\Teaching\CS2103-AY1920S2\website\admin\tp-grading.md
2020-03-31T02:23:46.157Z - info: Rebuilding affected source files
2020-03-31T02:23:46.183Z - info: Rebuilding 12 pages
2020-03-31T02:23:57.164Z - debug: The process cannot access the file because it is being used by another process.

2020-03-31T02:24:00.413Z - debug:  
2020-03-31T02:24:07.635Z - info: Pages rebuilt
2020-03-31T02:24:07.642Z - info: Site data built
2020-03-31T02:25:42.064Z - info: [10:25:42] Reload for file change: D:\Teaching\CS2103-AY1920S2\website\admin\tp-grading.md
2020-03-31T02:25:43.066Z - info: Rebuilding affected source files
2020-03-31T02:25:43.071Z - info: Rebuilding 12 pages
2020-03-31T02:25:53.847Z - debug: The process cannot access the file because it is being used by another process.

2020-03-31T02:25:58.065Z - debug:  
2020-03-31T02:26:04.224Z - info: Pages rebuilt
2020-03-31T02:26:04.241Z - info: Site data built
2020-03-31T02:35:00.832Z - info: Website generation started at 10:34:54
2020-03-31T02:35:04.514Z - info: Building assets...
