2020-04-16T23:22:37.116Z - info: Website generation started at 7:22:31 AM
2020-04-16T23:22:40.854Z - info: Building assets...
2020-04-16T23:22:43.508Z - info: Assets built
2020-04-16T23:22:43.509Z - info: Generating pages...
2020-04-16T23:25:03.441Z - debug: The process cannot access the file because it is being used by another process.

2020-04-16T23:25:03.442Z - debug: The process cannot access the file because it is being used by another process.

2020-04-16T23:25:03.442Z - debug: The process cannot access the file because it is being used by another process.

2020-04-16T23:25:03.442Z - debug: The process cannot access the file because it is being used by another process.

2020-04-16T23:25:03.443Z - debug: The process cannot access the file because it is being used by another process.

2020-04-16T23:25:03.443Z - debug: The process cannot access the file because it is being used by another process.

2020-04-16T23:25:03.443Z - debug: The process cannot access the file because it is being used by another process.

2020-04-16T23:25:03.443Z - debug: The process cannot access the file because it is being used by another process.

2020-04-16T23:25:03.444Z - debug: The process cannot access the file because it is being used by another process.

2020-04-16T23:25:03.444Z - debug: The process cannot access the file because it is being used by another process.

2020-04-16T23:25:03.444Z - debug: The process cannot access the file because it is being used by another process.

2020-04-16T23:25:03.444Z - debug: The process cannot access the file because it is being used by another process.

2020-04-16T23:25:03.445Z - debug: The process cannot access the file because it is being used by another process.

2020-04-16T23:25:03.445Z - debug: The process cannot access the file because it is being used by another process.

2020-04-16T23:25:03.482Z - debug: The process cannot access the file because it is being used by another process.

2020-04-16T23:25:03.482Z - debug: The process cannot access the file because it is being used by another process.

2020-04-16T23:25:03.578Z - debug: The process cannot access the file because it is being used by another process.

2020-04-16T23:25:10.984Z - debug:  
2020-04-16T23:25:10.985Z - debug:  
2020-04-16T23:25:10.985Z - debug:  
2020-04-16T23:25:10.985Z - debug:  
2020-04-16T23:25:15.935Z - debug:  
2020-04-16T23:25:15.935Z - debug:  
2020-04-16T23:25:17.963Z - info: Pages built
2020-04-16T23:25:43.126Z - info: Website generation complete! Total build time: 191.201s
2020-04-16T23:25:43.674Z - info: Serving "D:\Teaching\CS2103\AY1920S2\website\_site" at http://127.0.0.1:8080
2020-04-16T23:25:43.675Z - info: Press CTRL+C to stop ...
2020-04-16T23:25:43.739Z - info: Site data built
2020-04-16T23:26:40.103Z - info: [7:26:40 AM] Reload for file change: D:\Teaching\CS2103\AY1920S2\website\admin\exams.md
2020-04-16T23:26:41.109Z - info: Rebuilding affected source files
2020-04-16T23:26:41.114Z - info: Rebuilding 4 pages
2020-04-16T23:26:43.736Z - debug: The process cannot access the file because it is being used by another process.

2020-04-16T23:26:46.963Z - info: Pages rebuilt
2020-04-16T23:26:46.969Z - info: Website regeneration complete! Total build time: 5.858s
2020-04-16T23:26:46.982Z - debug:  
2020-04-16T23:26:47.045Z - info: Site data built
2020-04-16T23:26:53.455Z - info: [7:26:53 AM] Reload for file change: D:\Teaching\CS2103\AY1920S2\website\admin\exams.md
2020-04-16T23:26:54.459Z - info: Rebuilding affected source files
2020-04-16T23:26:54.462Z - info: Rebuilding 4 pages
2020-04-16T23:26:55.693Z - debug: The process cannot access the file because it is being used by another process.

2020-04-16T23:26:58.302Z - info: Pages rebuilt
2020-04-16T23:26:58.302Z - info: Website regeneration complete! Total build time: 3.842s
2020-04-16T23:26:58.308Z - debug:  
2020-04-16T23:26:58.333Z - info: Site data built
2020-04-16T23:27:44.281Z - info: Website generation started at 7:27:38 AM
2020-04-16T23:27:49.060Z - info: Building assets...
2020-04-16T23:27:52.358Z - info: Assets built
2020-04-16T23:27:52.360Z - info: Generating pages...
2020-04-16T23:30:33.437Z - debug: The process cannot access the file because it is being used by another process.

2020-04-16T23:30:33.448Z - debug: The process cannot access the file because it is being used by another process.

2020-04-16T23:30:33.448Z - debug: The process cannot access the file because it is being used by another process.

2020-04-16T23:30:33.449Z - debug: The process cannot access the file because it is being used by another process.

2020-04-16T23:30:33.452Z - debug: The process cannot access the file because it is being used by another process.

2020-04-16T23:30:33.538Z - debug: The process cannot access the file because it is being used by another process.

2020-04-16T23:30:33.539Z - debug: The process cannot access the file because it is being used by another process.

2020-04-16T23:30:33.539Z - debug: The process cannot access the file because it is being used by another process.

2020-04-16T23:30:33.540Z - debug: The process cannot access the file because it is being used by another process.

2020-04-16T23:30:33.541Z - debug: The process cannot access the file because it is being used by another process.

2020-04-16T23:30:33.543Z - debug: The process cannot access the file because it is being used by another process.

2020-04-16T23:30:33.543Z - debug: The process cannot access the file because it is being used by another process.

2020-04-16T23:30:33.544Z - debug: The process cannot access the file because it is being used by another process.

2020-04-16T23:30:33.545Z - debug: The process cannot access the file because it is being used by another process.

2020-04-16T23:30:33.545Z - debug: The process cannot access the file because it is being used by another process.

2020-04-16T23:30:33.546Z - debug: The process cannot access the file because it is being used by another process.

2020-04-16T23:30:33.547Z - debug: The process cannot access the file because it is being used by another process.

2020-04-16T23:30:40.769Z - debug:  
2020-04-16T23:30:40.769Z - debug:  
2020-04-16T23:30:40.769Z - debug:  
2020-04-16T23:30:40.770Z - debug:  
2020-04-16T23:30:46.243Z - debug:  
2020-04-16T23:30:46.244Z - debug:  
2020-04-16T23:30:48.638Z - info: Pages built
2020-04-16T23:31:15.126Z - info: Website generation complete! Total build time: 216.19s
2020-04-16T23:31:15.127Z - info: Build success!
2020-04-16T23:31:15.130Z - info: Site data built
2020-04-16T23:32:06.458Z - info: Deployed!
2020-04-17T08:18:19.394Z - info: Website generation started at 4:18:06 PM
2020-04-17T08:18:27.743Z - info: Building assets...
2020-04-17T08:18:33.993Z - info: Assets built
2020-04-17T08:18:33.995Z - info: Generating pages...
2020-04-17T08:23:36.034Z - debug: The process cannot access the file because it is being used by another process.

2020-04-17T08:23:36.035Z - debug: The process cannot access the file because it is being used by another process.

2020-04-17T08:23:36.037Z - debug: The process cannot access the file because it is being used by another process.

2020-04-17T08:23:36.037Z - debug: The process cannot access the file because it is being used by another process.

2020-04-17T08:23:36.038Z - debug: The process cannot access the file because it is being used by another process.

2020-04-17T08:23:36.038Z - debug: The process cannot access the file because it is being used by another process.

2020-04-17T08:23:36.039Z - debug: The process cannot access the file because it is being used by another process.

2020-04-17T08:23:36.039Z - debug: The process cannot access the file because it is being used by another process.

2020-04-17T08:23:36.085Z - debug: The process cannot access the file because it is being used by another process.

2020-04-17T08:23:36.086Z - debug: The process cannot access the file because it is being used by another process.

2020-04-17T08:23:36.086Z - debug: The process cannot access the file because it is being used by another process.

2020-04-17T08:23:36.086Z - debug: The process cannot access the file because it is being used by another process.

2020-04-17T08:23:36.087Z - debug: The process cannot access the file because it is being used by another process.

2020-04-17T08:23:36.089Z - debug: The process cannot access the file because it is being used by another process.

2020-04-17T08:23:36.089Z - debug: The process cannot access the file because it is being used by another process.

2020-04-17T08:23:36.090Z - debug: The process cannot access the file because it is being used by another process.

2020-04-17T08:23:36.188Z - debug: The process cannot access the file because it is being used by another process.

2020-04-17T08:23:37.990Z - debug:  
2020-04-17T08:23:47.619Z - debug:  
2020-04-17T08:23:47.620Z - debug:  
2020-04-17T08:23:47.620Z - debug:  
2020-04-17T08:23:55.629Z - debug:  
2020-04-17T08:23:55.629Z - debug:  
2020-04-17T08:23:59.745Z - info: Pages built
2020-04-17T08:24:49.639Z - info: Website generation complete! Total build time: 402.922s
2020-04-17T08:24:49.640Z - info: Build success!
2020-04-17T08:24:49.652Z - info: Site data built
2020-04-17T08:25:55.455Z - info: Deployed!
2020-04-17T14:14:16.504Z - info: Website generation started at 10:14:11 PM
2020-04-17T14:14:20.288Z - info: Building assets...
2020-04-17T14:14:22.791Z - info: Assets built
2020-04-17T14:14:22.792Z - info: Generating pages...
2020-04-17T14:14:26.601Z - error:  Error: No such segment 'warning-use-catcher' in file: D:\Teaching\CS2103\AY1920S2\website\admin\tp-deliverables-pe.mbdf
Missing reference in D:\Teaching\CS2103\AY1920S2\website\admin\tp-deliverables-pe.mbdf
    at _preprocessInclude (C:\Users\anarayan\AppData\Roaming\npm\node_modules\markbind-cli\src\lib\markbind\src\preprocessors\componentPreprocessor.js:313:21)
    at preProcessComponent (C:\Users\anarayan\AppData\Roaming\npm\node_modules\markbind-cli\src\lib\markbind\src\preprocessors\componentPreprocessor.js:390:12)
    at element.children.element.children.map.e (C:\Users\anarayan\AppData\Roaming\npm\node_modules\markbind-cli\src\lib\markbind\src\preprocessors\componentPreprocessor.js:397:52)
    at Array.map (<anonymous>)
    at preProcessComponent (C:\Users\anarayan\AppData\Roaming\npm\node_modules\markbind-cli\src\lib\markbind\src\preprocessors\componentPreprocessor.js:397:43)
    at element.children.element.children.map.e (C:\Users\anarayan\AppData\Roaming\npm\node_modules\markbind-cli\src\lib\markbind\src\preprocessors\componentPreprocessor.js:397:52)
    at Array.map (<anonymous>)
    at preProcessComponent (C:\Users\anarayan\AppData\Roaming\npm\node_modules\markbind-cli\src\lib\markbind\src\preprocessors\componentPreprocessor.js:397:43)
    at element.children.element.children.map.e (C:\Users\anarayan\AppData\Roaming\npm\node_modules\markbind-cli\src\lib\markbind\src\preprocessors\componentPreprocessor.js:397:52)
    at Array.map (<anonymous>)
    at preProcessComponent (C:\Users\anarayan\AppData\Roaming\npm\node_modules\markbind-cli\src\lib\markbind\src\preprocessors\componentPreprocessor.js:397:43)
    at element.children.element.children.map.e (C:\Users\anarayan\AppData\Roaming\npm\node_modules\markbind-cli\src\lib\markbind\src\preprocessors\componentPreprocessor.js:397:52)
    at Array.map (<anonymous>)
    at preProcessComponent (C:\Users\anarayan\AppData\Roaming\npm\node_modules\markbind-cli\src\lib\markbind\src\preprocessors\componentPreprocessor.js:397:43)
    at element.children.element.children.map.e (C:\Users\anarayan\AppData\Roaming\npm\node_modules\markbind-cli\src\lib\markbind\src\preprocessors\componentPreprocessor.js:397:52)
    at Array.map (<anonymous>)
2020-04-17T14:17:47.935Z - info: Website generation started at 10:17:46 PM
2020-04-17T14:17:51.294Z - info: Building assets...
2020-04-17T14:17:53.571Z - info: Assets built
2020-04-17T14:17:53.571Z - info: Generating pages...
2020-04-17T14:20:19.460Z - debug: The process cannot access the file because it is being used by another process.

2020-04-17T14:20:19.536Z - debug: The process cannot access the file because it is being used by another process.

2020-04-17T14:20:19.537Z - debug: The process cannot access the file because it is being used by another process.

2020-04-17T14:20:19.537Z - debug: The process cannot access the file because it is being used by another process.

2020-04-17T14:20:19.538Z - debug: The process cannot access the file because it is being used by another process.

2020-04-17T14:20:19.539Z - debug: The process cannot access the file because it is being used by another process.

2020-04-17T14:20:19.539Z - debug: The process cannot access the file because it is being used by another process.

2020-04-17T14:20:19.540Z - debug: The process cannot access the file because it is being used by another process.

2020-04-17T14:20:19.541Z - debug: The process cannot access the file because it is being used by another process.

2020-04-17T14:20:19.541Z - debug: The process cannot access the file because it is being used by another process.

2020-04-17T14:20:19.542Z - debug: The process cannot access the file because it is being used by another process.

2020-04-17T14:20:19.542Z - debug: The process cannot access the file because it is being used by another process.

2020-04-17T14:20:19.543Z - debug: The process cannot access the file because it is being used by another process.

2020-04-17T14:20:19.545Z - debug: The process cannot access the file because it is being used by another process.

2020-04-17T14:20:19.546Z - debug: The process cannot access the file because it is being used by another process.

2020-04-17T14:20:19.546Z - debug: The process cannot access the file because it is being used by another process.

2020-04-17T14:20:19.547Z - debug: The process cannot access the file because it is being used by another process.

2020-04-17T14:20:33.249Z - debug:  
2020-04-17T14:20:33.250Z - debug:  
2020-04-17T14:20:34.075Z - debug:  
2020-04-17T14:20:34.076Z - debug:  
2020-04-17T14:20:38.566Z - debug:  
2020-04-17T14:20:38.566Z - debug:  
2020-04-17T14:20:40.567Z - info: Pages built
2020-04-17T14:21:05.764Z - info: Website generation complete! Total build time: 199.354s
2020-04-17T14:21:06.356Z - info: Serving "D:\Teaching\CS2103\AY1920S2\website\_site" at http://127.0.0.1:8080
2020-04-17T14:21:06.356Z - info: Press CTRL+C to stop ...
2020-04-17T14:21:06.462Z - info: Site data built
2020-04-17T14:26:16.372Z - info: [10:26:16 PM] Reload for file change: D:\Teaching\CS2103\AY1920S2\website\admin\tp-deliverables-pe.mbdf
2020-04-17T14:26:17.378Z - info: Rebuilding affected source files
2020-04-17T14:26:17.384Z - info: Rebuilding 8 pages
2020-04-17T14:26:25.187Z - debug:  
2020-04-17T14:26:26.402Z - info: Pages rebuilt
2020-04-17T14:26:26.402Z - info: Website regeneration complete! Total build time: 9.023s
2020-04-17T14:26:26.412Z - info: Site data built
2020-04-17T14:31:31.499Z - info: Website generation started at 10:31:26 PM
2020-04-17T14:31:35.101Z - info: Building assets...
